
                            < M A T L A B (R) >
                  Copyright 1984-2016 The MathWorks, Inc.
                   R2016b (9.1.0.441655) 64-bit (glnxa64)
                             September 7, 2016

 
To get started, type one of these: helpwin, helpdesk, or demo.
For product information, visit www.mathworks.com.
 

	Non-Degree Granting Education License -- for use at non-degree granting, nonprofit,
	educational organizations only.  Not for government, commercial, or other organizational use.

>> >> >> >> >> >> >> >> >>  On input UserVar=100000.000000 

 
 **************************     Úa version: 7 March 2017  ********************** 
    Run starts at 09-Mar-2017 09:57:27  
    Experiment: UaOpt-ConjGrad  
    Inverse-modelling restart run.  
 	CtrlVar.Inverse.InvertFor='logAGlenlogC'
	CtrlVar.Inverse.Regularize.Field='logAGlenlogC'
	CtrlVar.Inverse.DataMisfit.GradientCalculation='Adjoint'
   Running on: bslicea.nerc-bas.ac.uk
 ***************************************************************************** 
 
 Inverse run: loading restart file: IR-UaOpt-ConjGrad-MatlabOptimization-Nod6-I-Adjoint-Cga1k000000-Cgs100000k000000-Aga1k000000-Ags100000k000000-0-0-logAGlenlogC 	  done 
  Setting h(h<50)=50 
  Calling UaOutputs. UaOutputsInfostring=Start of Inverse Run , UaOutputsCounter=1 
 
 ===========   Inverting for model parameters. ================  

____________________________________________________________
   Diagnostic Information

Number of variables: 156970

Functions 
Objective and gradient:               @(p)JGH(p,UserVar,CtrlVar,MUA,BCs,F,l,GF,InvStartValues,Priors,Meas,BCsAdjoint,RunInfo)
Hessian:                              finite-differencing (or Quasi-Newton)

Constraints
Nonlinear constraints:                do not exist
 
Number of linear inequality constraints:    0
Number of linear equality constraints:      0
Number of lower bound constraints:          0
Number of upper bound constraints:          0

Algorithm selected
   interior-point


____________________________________________________________
   End diagnostic information
                                            First-order      Norm of
 Iter F-count            f(x)  Feasibility   optimality         step
    0       1    3.853915e+02    0.000e+00    3.057e-01

Optimization stopped because the relative changes in all elements of x are
less than options.StepTolerance = 1.000000e-30, and the relative maximum constraint
violation, 0.000000e+00, is less than options.ConstraintTolerance = 1.000000e+00.

Optimization Metric                                           Options
max(abs(delta_x./x)) =   9.16e-31                       StepTolerance =   1e-30 (selected)
relative max(constraint violation) =   0.00e+00   ConstraintTolerance =   1e+00 (selected)

Saving adjoint restart file: IR-UaOpt-ConjGrad-MatlabOptimization-Nod6-I-Adjoint-Cga1k000000-Cgs100000k000000-Aga1k000000-Ags100000k000000-0-0-logAGlenlogC 
  saving C and m  in file C-Estimate.mat 
  saving AGlen and m in file AGlen-Estimate.mat 
  Calling UaOutputs. UaOutputsInfostring=End of Inverse Run , UaOutputsCounter=2 
  Allt gott þá endirinn er allra bestur! 
 Run finishes at 09-Mar-2017 10:23:45 
 >> 