
                            < M A T L A B (R) >
                  Copyright 1984-2016 The MathWorks, Inc.
                   R2016b (9.1.0.441655) 64-bit (glnxa64)
                             September 7, 2016

 
To get started, type one of these: helpwin, helpdesk, or demo.
For product information, visit www.mathworks.com.
 

	Non-Degree Granting Education License -- for use at non-degree granting, nonprofit,
	educational organizations only.  Not for government, commercial, or other organizational use.

>> >> >> >> >> >> >> >> >>  On input UserVar=10.000000 

 
 **************************     Úa version: 13 Jan 2017  ********************** 
    Run starts at 04-Mar-2017 15:28:04  
    Experiment: UaOpt-ConjGrad  
    Inverse-modelling run.  
 	CtrlVar.Inverse.InvertFor='logAGlenlogC'
	CtrlVar.Inverse.Regularize.Field='logAGlenlogC'
	CtrlVar.Inverse.DataMisfit.GradientCalculation='Adjoint'
   Running on: bslicea.nerc-bas.ac.uk
 ***************************************************************************** 
 
 loading an initial mesh from PIG-TWG-Mesh.mat 
 Number of integration points: nip=7 niph=7 
 #Elements: 38912, #Nod: 6,  # Nodes=78485. Elements have max, mean, median, and min sizes of 30023.5,  4871.99,  3934.02,  862.062,   respectively. 
 MUA was saved in MeshFile.mat .
Loading Interpolants for s, b and B done
DefineIceDensity: loading file: FirnThickOnly.mat  done 
 Defining interpolants 
 Setting h(h<50)=50 
  Using DefineBoundaryConditions.m to define boundary conditions 
Loading interpolants for surface velocity data done.
 Setting h(h<50)=50 
  Calling UaOutputs. UaOutputsInfostring=Start of Inverse Run , UaOutputsCounter=1 
 
 ===========   Inverting for model parameters. ================  

 +++++++++++ At start of inversion:  	 J=4806.99 	 I=4806.99 	 R=0  |grad|=127.826 	 	 gamma=0.0999032 
 

   It         J           I          R         |grad|      gamma   #ccUpdate
    0     4806.99     4806.99           0     127.826   0.0999032      0
    1     3725.63     3725.63  0.00020807     64.0728   0.0964731      0
    2     3642.95     3642.95  0.000211234     98.6218   0.0500766      1
    3     3580.75     3580.75  0.000241016     69.1379   0.0125192      2
    4     2945.86     2945.86  0.000527142      71.281    0.113455      3
    5     2839.65     2839.65  0.000640129     68.6295   0.0369442      4
    6     2823.31     2823.31  0.000628865     51.6167  0.00698417      5
    7     2557.55     2557.55   0.0011693     267.821    0.158235      6
    8     2516.84     2516.84   0.0010254     127.105  0.00133542      7
    9     2416.68     2416.68  0.00104942     64.6592   0.0138237      0
   10     2361.48     2361.48  0.00113751     74.8617   0.0216033      1
   11     2338.56     2338.55  0.00113408     60.6856   0.0107725      2
   12     2274.42     2274.42  0.00125785     80.4086   0.0269313      3
   13     2257.81      2257.8  0.00124083     53.2377  0.00511069      4
   14     2119.53     2119.53  0.00157265      38.746   0.0798545      0
   15     2104.89     2104.89  0.00158254     24.0213   0.0149217      1
   16     2059.35     2059.35  0.00201838      58.052    0.135228      0
   17     2052.76     2052.76  0.00190431     23.6465  0.00598381      1
   18     2031.03     2031.03  0.00211846      38.866   0.0844332      0
   19     2023.72     2023.72   0.0020854     20.5429  0.00967595      1
   20     2001.89     2001.89  0.00237296     41.2675   0.0876883      0
   21     1998.36     1998.36  0.00231042     20.3878  0.00547797      1
   22     1983.21     1983.21  0.00253552     33.1608   0.0773288      0
   23     1978.68     1978.68  0.00249109     16.8604   0.0103816      1
   24     1918.53     1918.53  0.00384982     65.1012    0.356325      0
   25     1909.26     1909.25  0.00358663      31.013  0.00413122      1
   26     1899.72     1899.71  0.00363857     14.4968   0.0194127      0
   27     1896.72     1896.72  0.00372058     17.3349   0.0260816      1
   28     1895.27     1895.27  0.00372624     14.0632    0.012984      2
   29     1892.12     1892.12   0.0038241     18.1946   0.0259477      3
   30     1890.92     1890.91  0.00381924     13.4323  0.00547201      4
   31     1864.67     1864.66  0.00509061     41.5487    0.281575      0
   32     1857.35     1857.35  0.00469973     19.2743  0.00912317      1
   33     1850.74     1850.74  0.00486513     15.3175   0.0308928      0
   34     1849.47     1849.46  0.00488342     13.6509   0.0153852      1
   35     1847.34     1847.34  0.00495983     14.1791   0.0172915      2
   36     1846.12     1846.12  0.00497549     11.7904  0.00868219      3
   37     1818.58     1818.57  0.00642877     29.3159    0.279191      4
   38     1815.72     1815.71  0.00604638     12.9419  0.00853983      5
   39     1807.85     1807.85  0.00601552     20.0669   0.0962329      0
   40     1805.84     1805.83  0.00605474     12.6448  0.00748675      1
   41     1801.21      1801.2  0.00627796     16.6905   0.0507956      0
   42     1800.34     1800.34  0.00625607     11.7512  0.00453322      1
   43     1795.63     1795.62  0.00647209     17.9814   0.0659046      0
   44     1794.43     1794.42  0.00644646     12.1395  0.00550312      1
   45     1790.44     1790.43  0.00660003     15.9625   0.0492912      0
   46     1789.64     1789.63  0.00658641     11.3296  0.00441366      1
   47     1785.13     1785.12  0.00676921     18.1608   0.0689634      0
   48     1783.91     1783.91  0.00674709     11.7959  0.00564295      1
   49     1780.03     1780.03   0.0068928     15.8084   0.0503041      0
   50     1779.25     1779.24  0.00687911     11.0829  0.00449239      1
   51     1774.93     1774.92  0.00704801     17.6354   0.0673932      0
   52     1773.83     1773.82  0.00702868     11.4651  0.00559265      1
   53     1770.08     1770.07  0.00717153     15.4473   0.0506833      0
   54     1769.35     1769.34  0.00715819     10.8849   0.0045312      1
   55     1765.23     1765.23  0.00731962     17.3615   0.0660679      0
   56      1764.2     1764.19  0.00730131     11.1959  0.00551941      1
   57     1760.61      1760.6  0.00744062     14.9974   0.0500197      0
   58     1759.95     1759.94  0.00742831     10.7235  0.00448628      1
   59     1756.04     1756.03  0.00758655     17.5153   0.0655215      0
   60     1755.03     1755.02   0.0075671     10.9896  0.00543185      1
   61     1751.57     1751.57  0.00770334     14.7843   0.0492262      0
   62     1750.95     1750.95  0.00769133     10.5906  0.00441657      1
   63     1747.24     1747.23  0.00784397     17.3812   0.0636274      0
   64     1746.29     1746.28  0.00782487     10.8301  0.00528461      1
   65        1743     1742.99  0.00795634      14.582   0.0478918      0
   66     1742.42     1742.42  0.00794498     10.4841  0.00430141      1
   67     1738.87     1738.86  0.00809459     17.3265   0.0624794      0
   68     1737.95     1737.95  0.00807521      10.729   0.0051798      1
   69     1734.78     1734.77  0.00820313     14.4814    0.046942      0
   70     1734.23     1734.22  0.00819211     10.4023  0.00421727      1
   71      1730.8     1730.79  0.00833949     17.1454   0.0615308      0
   72     1729.91      1729.9  0.00832039     10.6653  0.00511567      1
   73     1726.82     1726.81  0.00844581     14.3579   0.0463608      0
   74     1726.29     1726.28  0.00843527     10.3403  0.00416924      1
   75     1722.89     1722.89  0.00858349     17.1078    0.061761      0
   76     1722.01        1722  0.00856386     10.6227    0.005127      1
   77     1718.94     1718.93  0.00868875     14.3266   0.0464634      0
   78     1718.41      1718.4  0.00867827     10.2997  0.00417804      1
   79     1715.04     1715.03  0.00882689     16.9732    0.061777      0
   80     1714.16     1714.15  0.00880741     10.5957  0.00514481      1
   81     1711.12     1711.11  0.00893273     14.2622   0.0466249      0
   82     1710.59     1710.58   0.0089224      10.273   0.0041953      1
   83     1707.21      1707.2  0.00907134     16.7505   0.0615417      0
   84     1706.36     1706.35  0.00905245     10.5739  0.00515948      1
   85      1703.3     1703.29  0.00917831     14.1582   0.0467578      0
   86     1702.78     1702.77  0.00916828     10.2534   0.0042123      1
   87     1699.42     1699.42   0.0093187     16.6229   0.0617963      0
   88     1698.58     1698.57  0.00929996     10.5527  0.00520036      1
   89     1695.53     1695.52   0.0094271     14.0847   0.0471283      0
   90        1695     1694.99  0.00941718     10.2354  0.00424938      1
   91     1691.63     1691.62  0.00957304     16.8939    0.063837      0
   92     1690.73     1690.72   0.0095524     10.5416   0.0053178      1
   93     1687.66     1687.65  0.00968177     14.2373   0.0481926      0
   94     1687.11      1687.1  0.00967104     10.2291  0.00433588      1
   95     1683.72     1683.71  0.00982393     16.5429   0.0631033      0
   96     1682.86     1682.85  0.00980497     10.5279   0.0053194      1
   97     1679.77     1679.76  0.00993369     14.0592    0.048207      0
   98     1679.23     1679.22  0.00992359     10.2128  0.00434683      1
   99     1675.78     1675.77   0.0100814     16.9001   0.0655664      0
  100     1674.86     1674.85   0.0100602     10.5223  0.00545424      1
  101     1671.72     1671.71   0.0101911     14.2411   0.0494291      0
  102     1671.15     1671.14   0.0101801     10.2121  0.00444577      1
  103     1667.69     1667.68   0.0103369     16.7757   0.0658978      0
  104     1666.77     1666.76   0.0103164     10.5175  0.00550616      1
  105      1663.6     1663.59   0.0104471     14.1734   0.0498996      0
  106     1663.04     1663.03   0.0104363     10.2125  0.00449226      1
  107     1659.49     1659.48   0.0105944     16.9078   0.0673151      0
  108     1658.55     1658.54   0.0105733      10.535  0.00559903      1
  109     1655.29     1655.28   0.0107047     14.2352   0.0507412      0
  110     1654.72     1654.71   0.0106937     10.2287  0.00456468      1
  111     1651.11      1651.1   0.0108513     16.8727   0.0680306      0
  112     1650.15     1650.14   0.0108306     10.5602  0.00567009      1
  113     1646.88     1646.87   0.0109622     14.2667   0.0513852      0
  114     1646.29     1646.28   0.0109511     10.2573   0.0046232      1
  115     1642.62     1642.61   0.0111089     16.9516    0.069146      0
  116     1641.65     1641.64   0.0110881     10.5954  0.00575331      1
  117     1638.29     1638.27   0.0112199      14.301   0.0521394      0
  118     1637.69     1637.67   0.0112088     10.2874  0.00469089      1
  119     1633.93     1633.92   0.0113646     16.8051   0.0693247      0
  120     1632.97     1632.96    0.011345     10.6296   0.0058056      1
  121     1629.54     1629.53   0.0114765     14.2608   0.0526132      0
  122     1628.93     1628.92   0.0114657     10.3169  0.00473835      1
  123     1625.08     1625.06   0.0116218     16.8745   0.0704812      0
  124     1624.09     1624.08   0.0116022     10.6703  0.00589479      1
  125     1620.61      1620.6   0.0117344     14.3371   0.0534215      0
  126     1619.99     1619.97   0.0117234     10.3517    0.004809      1
  127      1616.1     1616.09    0.011882     17.0964   0.0724525      0
  128     1615.06     1615.04   0.0118615     10.7041  0.00601914      1
  129     1611.49     1611.48   0.0119953     14.4468   0.0545485      0
  130     1610.85     1610.84   0.0119839     10.3822  0.00490509      1
  131     1606.86     1606.84   0.0121434     17.1796   0.0736991      0
  132     1605.79     1605.78   0.0121228     10.7457  0.00611217      1
  133     1602.13     1602.12   0.0122579     14.4955   0.0553916      0
  134     1601.48     1601.46   0.0122463     10.4146  0.00497988      1
  135      1597.4     1597.38   0.0124074     17.2238   0.0749502      0
  136      1596.3     1596.29   0.0123868     10.7829  0.00621394      1
  137     1592.58     1592.57   0.0125239      14.564   0.0563138      0
  138     1591.91      1591.9   0.0125121     10.4562  0.00506107      1
  139     1587.72      1587.7   0.0126767      17.356   0.0765865      0
  140     1586.59     1586.58   0.0126556     10.8327  0.00632868      1
  141     1582.78     1582.77   0.0127968     14.6686   0.0573537      0
  142     1582.08     1582.07   0.0127844     10.5065  0.00515099      1
  143     1577.81      1577.8   0.0129491     17.1151    0.076247      0
  144     1576.71     1576.69   0.0129288     10.8828   0.0063716      1
  145     1572.81     1572.79   0.0130672     14.5917   0.0577426      0
  146     1572.11      1572.1   0.0130554     10.5605  0.00519578      1
  147      1567.7     1567.69   0.0132178     17.3015   0.0781684      0
  148     1566.55     1566.54    0.013198     10.9504  0.00650392      1
  149     1562.52      1562.5   0.0133377     14.7426   0.0589417      0
  150     1561.79     1561.78   0.0133257     10.6333   0.0052977      1
  151     1557.24     1557.22   0.0134894     17.4015   0.0794032      0
  152     1556.05     1556.04   0.0134697     11.0401  0.00660396      1
  153     1551.92     1551.91   0.0136115     14.8805   0.0598484      0
  154     1551.17     1551.16   0.0135992     10.7258  0.00537624      1
  155     1546.48     1546.46    0.013765      17.564   0.0806763      0
  156     1545.26     1545.24   0.0137451     11.1464  0.00669638      1
  157     1540.97     1540.96   0.0138892     15.0055    0.060686      0
  158      1540.2     1540.18   0.0138767     10.8288  0.00545012      1
  159     1535.32     1535.31   0.0140451     17.7486   0.0819798      0
  160     1534.06     1534.04    0.014025     11.2715  0.00678924      1
  161     1529.63     1529.62   0.0141713     15.1831   0.0615275      0
  162     1528.83     1528.81   0.0141584     10.9524  0.00552217      1
  163     1523.79     1523.77   0.0143284     17.9617   0.0832793      0
  164     1522.47     1522.46   0.0143082     11.4121   0.0068785      1
  165     1517.87     1517.85   0.0144562     15.3754   0.0623364      0
  166     1517.03     1517.02   0.0144432     11.0897  0.00559063      1
  167     1511.76     1511.74   0.0146163     18.2765   0.0847863      0
  168     1510.38     1510.37   0.0145956     11.5788  0.00696065      1
  169     1505.56     1505.55   0.0147471     15.6134   0.0630809      0
  170     1504.69     1504.68   0.0147337     11.2388  0.00565028      1
  171     1499.14     1499.13   0.0149145     18.8347   0.0874963      0
  172     1497.66     1497.64   0.0148919     11.7663  0.00706741      1
  173      1492.7     1492.68    0.015049     16.0065   0.0640484      0
  174     1491.76     1491.75   0.0150341     11.3946  0.00571805      1
  175     1486.13     1486.11    0.015212     18.5923   0.0855464      0
  176     1484.67     1484.66   0.0151914     11.8847  0.00702264      1
  177     1479.53     1479.52   0.0153459      15.884   0.0636426      0
  178     1478.62      1478.6   0.0153326     11.4911  0.00570107      1
  179     1472.61      1472.6   0.0155125     18.7389   0.0864638      0
  180      1471.1     1471.08   0.0154929     11.9749  0.00707936      1
  181     1465.98     1465.97   0.0156592     16.0031   0.0641567      0
  182     1465.03     1465.02   0.0156436      11.534  0.00574357      1
  183     1459.32     1459.31   0.0158192     18.5651   0.0857247      0
  184     1457.82     1457.81   0.0157994     11.9618  0.00707774      1
  185     1452.73     1452.71   0.0159503     15.8692   0.0641421      0
  186     1451.79     1451.77   0.0159369     11.4871   0.0057508      1
  187     1446.15     1446.13   0.0161016     18.3151   0.0854848      0
  188     1444.68     1444.66   0.0160845     11.8524  0.00710133      1
  189     1439.68     1439.66   0.0162326     15.6907   0.0643558      0
  190     1438.75     1438.73   0.0162194     11.3563  0.00577382      1
  191     1433.27     1433.26   0.0163766     17.9289   0.0848252      0
  192     1431.85     1431.84   0.0163613     11.6438   0.0070994      1
  193     1426.98     1426.97   0.0165047     15.3014   0.0643383      0
  194      1426.1     1426.08   0.0164923     11.1375  0.00578556      1
  195     1420.82      1420.8   0.0166469      17.542   0.0849143      0
  196     1419.45     1419.44   0.0166319     11.3817  0.00714191      1
  197     1414.78     1414.76   0.0167751     14.9864   0.0647235      0
  198     1413.92     1413.91   0.0167626     10.8986  0.00582463      1
  199      1408.9     1408.88   0.0169146      17.079    0.084496      0
  200      1407.6     1407.58   0.0169002     11.1072  0.00715504      1
  201     1403.13     1403.11   0.0170421     14.5976   0.0648425      0
  202     1402.32      1402.3   0.0170299     10.6659  0.00584578      1
  203     1397.47     1397.45    0.017181     16.8056   0.0850529      0
  204     1396.21      1396.2   0.0171667     10.8543  0.00721081      1
  205     1391.89     1391.87   0.0173094     14.3451    0.065348      0
  206     1391.11     1391.09   0.0172969     10.4615  0.00589242      1
  207     1386.44     1386.43   0.0174476     16.5539   0.0851523      0
  208     1385.23     1385.21   0.0174331     10.6253  0.00722989      1
  209     1381.04     1381.02   0.0175757     14.1052   0.0655208      0
  210     1380.29     1380.27   0.0175629      10.278   0.0059097      1
  211      1375.8     1375.78   0.0177104     16.3407   0.0846603      0
  212     1374.63     1374.61   0.0176964     10.4091  0.00719468      1
  213     1370.59     1370.58   0.0178379     13.8857   0.0652018      0
  214     1369.88     1369.86   0.0178251      10.101  0.00588145      1
  215      1365.6     1365.58   0.0179688     16.1169   0.0831126      0
  216     1364.49     1364.47   0.0179552     10.1968  0.00707092      1
  217     1360.65     1360.63   0.0180944     13.6995   0.0640802      0
  218     1359.97     1359.95   0.0180814     9.91538   0.0057784      1
  219     1355.96     1355.94   0.0182192     15.8722   0.0803617      0
  220     1354.91     1354.89    0.018206     9.99744  0.00683974      1
  221     1351.35     1351.33   0.0183401     13.6085   0.0619851      0
  222     1350.69     1350.68    0.018327     9.71976  0.00558146      1
  223     1346.99     1346.97   0.0184587     15.5142   0.0766501      0
  224     1346.02        1346   0.0184462     9.82633  0.00653725      1
  225     1342.79     1342.77   0.0185743     13.5745   0.0592438      0
  226     1342.16     1342.14   0.0185612     9.52753  0.00532524      1
  227     1338.76     1338.75   0.0186893     15.1609   0.0733359      0
  228     1337.86     1337.84   0.0186769     9.67306  0.00626729      1
  229     1334.92      1334.9   0.0188003     13.4147   0.0567973      0
  230     1334.32      1334.3   0.0187875     9.34479  0.00510599      1
  231     1331.19     1331.17   0.0189127     14.7453   0.0709514      0
  232     1330.34     1330.32   0.0189001      9.5131  0.00609658      1
  233     1327.61     1327.59   0.0190158     13.1411   0.0552503      0
  234     1327.04     1327.02   0.0190041     9.17453  0.00497441      1
  235     1324.11     1324.09   0.0191243     14.2594   0.0689189      0
  236     1323.32     1323.31   0.0191129     9.33468  0.00597297      1
  237     1320.73     1320.71   0.0192247     12.7338   0.0541301      0
  238      1320.2     1320.18   0.0192143     9.01037   0.0048882      1
  239     1317.39     1317.37   0.0193359     14.0448   0.0686942      0
  240     1316.63     1316.62   0.0193239     9.16468  0.00596014      1
  241     1314.12      1314.1   0.0194358     12.5171   0.0540138      0
  242     1313.61     1313.59   0.0194254     8.85874  0.00488057      1
  243      1310.9     1310.88   0.0195465       13.82   0.0684733      0
  244     1310.17     1310.15   0.0195344     9.00849  0.00595246      1
  245     1307.74     1307.72   0.0196446     12.3066   0.0539441      0
  246     1307.25     1307.23   0.0196345     8.72413  0.00487797      1
  247     1304.61     1304.59   0.0197559     13.6873   0.0686779      0
  248     1303.89     1303.87   0.0197434     8.87022  0.00596924      1
  249     1301.51     1301.49   0.0198539      12.165   0.0540962      0
  250     1301.04     1301.02   0.0198439     8.60764  0.00489217      1
  251     1298.45     1298.43    0.019967     13.5641   0.0688141      0
  252     1297.75     1297.73   0.0199541     8.75259  0.00598151      1
  253     1295.42      1295.4   0.0200668     12.0405   0.0542074      0
  254     1294.95     1294.93   0.0200564      8.5106  0.00490302      1
  255     1292.45     1292.43   0.0201802     13.3888   0.0684951      0
  256     1291.77     1291.75    0.020167     8.65871  0.00596809      1
  257      1289.5     1289.48   0.0202777     11.8997   0.0540858      0
  258     1289.05     1289.03   0.0202676     8.43732  0.00489573      1
  259     1286.58     1286.56   0.0203905     13.3488   0.0687471      0
  260     1285.91     1285.89   0.0203773     8.58786  0.00598492      1
  261     1283.67     1283.65   0.0204882     11.8493   0.0542384      0
  262     1283.22      1283.2   0.0204781     8.38309  0.00490875      1
  263     1280.78     1280.76   0.0206017     13.2956   0.0687715      0
  264     1280.12      1280.1   0.0205883     8.53697  0.00598743      1
  265      1277.9     1277.88      0.0207     11.8036   0.0542611      0
  266     1277.45     1277.43   0.0206898     8.34562  0.00491093      1
  267     1275.03     1275.01   0.0208149     13.2952   0.0689335      0
  268     1274.37     1274.35   0.0208011     8.50126  0.00599556      1
  269     1272.16     1272.14    0.020914      11.789   0.0543348      0
  270     1271.72      1271.7   0.0209036     8.32081  0.00491657      1
  271      1269.3     1269.28   0.0210303     13.2913   0.0689596      0
  272     1268.64     1268.62   0.0210161     8.47971   0.0059947      1
  273     1266.44     1266.42   0.0211301     11.7798   0.0543269      0
  274        1266     1265.98   0.0211196     8.30742  0.00491554      1
  275     1263.61     1263.59   0.0212474     13.2681   0.0687629      0
  276     1262.95     1262.93   0.0212331     8.47126  0.00598015      1
  277     1260.76     1260.74    0.021348     11.7655   0.0541952      0
  278     1260.32      1260.3   0.0213375     8.30444  0.00490413      1
  279     1257.94     1257.92   0.0214664     13.2517   0.0684943      0
  280     1257.28     1257.26   0.0214519     8.47228  0.00595965      1
  281      1255.1     1255.08   0.0215669     11.7537   0.0540093      0
  282     1254.67     1254.65   0.0215563     8.30694  0.00488821      1
  283     1252.29     1252.27   0.0216841     13.2716   0.0683575      0
  284     1251.64     1251.62   0.0216697     8.47683  0.00594523      1
  285     1249.46     1249.44   0.0217839     11.7608   0.0538787      0
  286     1249.02        1249   0.0217735     8.31163  0.00487619      1
  287     1246.65     1246.62   0.0219013     13.2856   0.0681544      0
  288     1245.99     1245.97   0.0218869     8.48326  0.00592617      1
  289     1243.81     1243.79   0.0220012     11.7621   0.0537059      0
  290     1243.38     1243.36   0.0219907      8.3164  0.00486072      1
  291     1241.01     1240.98   0.0221177     13.2864   0.0678415      0
  292     1240.36     1240.33   0.0221034     8.48954  0.00589991      1
  293     1238.18     1238.16   0.0222169     11.7498   0.0534679      0
  294     1237.75     1237.73   0.0222066     8.31895  0.00484005      1
  295     1235.38     1235.36   0.0223337      13.328   0.0678144      0
  296     1234.72      1234.7   0.0223193     8.49838  0.00589084      1
  297     1232.55     1232.53    0.022433      11.788   0.0533858      0
  298     1232.12      1232.1   0.0224225     8.32171  0.00483082      1
  299     1229.76     1229.74   0.0225498     13.2701   0.0676246      0
  300     1229.11     1229.09   0.0225356     8.48855  0.00588203      1
  301     1226.95     1226.93   0.0226496     11.7749   0.0533059      0
  302     1226.52      1226.5   0.0226391     8.31788  0.00482394      1
  303     1224.17     1224.15   0.0227663     13.2289   0.0672538      0
  304     1223.53     1223.51   0.0227523     8.47863  0.00585595      1
  305     1221.39     1221.36   0.0228663      11.733   0.0530695      0
  306     1220.96     1220.94    0.022856     8.30515  0.00480421      1
  307     1218.62      1218.6   0.0229835     13.2055    0.067024      0
  308     1217.99     1217.96   0.0229694     8.46175  0.00583763      1
  309     1215.85     1215.83   0.0230837     11.6957   0.0529036      0
  310     1215.43      1215.4   0.0230734     8.28424     0.00479      1
  311     1213.11     1213.09    0.023201      13.149   0.0666702      0
  312     1212.48     1212.46   0.0231869     8.43762  0.00581237      1
  313     1210.36     1210.34   0.0233008     11.6357   0.0526746      0
  314     1209.95     1209.92   0.0232906     8.25611    0.004771      1
  315     1207.65     1207.63   0.0234176     13.0997   0.0664867      0
  316     1207.03        1207   0.0234036     8.40706  0.00579882      1
  317     1204.93     1204.91   0.0235172     11.5984   0.0525518      0
  318     1204.52      1204.5    0.023507      8.2223  0.00475985      1
  319     1202.24     1202.22   0.0236344     13.0606   0.0664542      0
  320     1201.62      1201.6   0.0236203     8.36047  0.00579481      1
  321     1199.54     1199.52   0.0237344       11.54   0.0525155      0
  322     1199.13     1199.11   0.0237242     8.17517  0.00475707      1
  323     1196.88     1196.85   0.0238525     12.9565   0.0663672      0
  324     1196.27     1196.24   0.0238384      8.2999  0.00579395      1
  325     1194.22      1194.2   0.0239538     11.4675   0.0525076      0
  326     1193.82      1193.8   0.0239434      8.1211  0.00475727      1
  327     1191.63      1191.6   0.0240711     12.8131   0.0658897      0
  328     1191.03        1191   0.0240571     8.24042  0.00576629      1
  329     1189.03        1189   0.0241707     11.3476    0.052257      0
  330     1188.63     1188.61   0.0241607     8.06162  0.00473766      1
  331     1186.48     1186.46   0.0242869     12.6913   0.0655873      0
  332      1185.9     1185.87   0.0242733     8.17223  0.00574842      1
  333     1183.93     1183.91   0.0243863     11.2316   0.0520951      0
  334     1183.55     1183.52   0.0243764       7.994  0.00472536      1
  335     1181.44     1181.41   0.0245025     12.5851   0.0654453      0
  336     1180.86     1180.84   0.0244889     8.09658   0.0057406      1
  337     1178.93     1178.91   0.0246019      11.122   0.0520242      0
  338     1178.55     1178.53   0.0245921     7.92061  0.00472048      1
  339     1176.48     1176.45   0.0247185     12.4854   0.0654031      0
  340     1175.91     1175.89   0.0247048     8.01506  0.00573957      1
  341     1174.01     1173.99   0.0248181     11.0145   0.0520148      0
  342     1173.64     1173.62   0.0248082      7.8429  0.00472075      1
  343      1171.6     1171.57   0.0249355     12.4042    0.065516      0
  344     1171.04     1171.01   0.0249214     7.92853  0.00574869      1
  345     1169.17     1169.14   0.0250353     10.9154   0.0520975      0
  346      1168.8     1168.78   0.0250253     7.76205  0.00472876      1
  347     1166.83      1166.8   0.0251521     12.1833   0.0648547      0
  348     1166.29     1166.27   0.0251383     7.84851   0.0057108      1
  349     1164.49     1164.46   0.0252506     10.7465   0.0517541      0
  350     1164.14     1164.11    0.025241     7.68543  0.00470246      1
  351     1162.21     1162.19   0.0253656     12.0446   0.0646105      0
  352     1161.69     1161.66   0.0253522     7.76754  0.00569733      1
  353     1159.92      1159.9   0.0254637     10.6178    0.051632      0
  354     1159.58     1159.55   0.0254543     7.60843  0.00469358      1
  355      1157.7     1157.67   0.0255786     11.9087   0.0643877      0
  356     1157.19     1157.16   0.0255653     7.68756  0.00568513      1
  357     1155.46     1155.43   0.0256763     10.4928   0.0515215      0
  358     1155.12      1155.1    0.025667     7.53388  0.00468579      1
  359     1153.28     1153.26   0.0257905     11.7926   0.0642702      0
  360     1152.78     1152.76   0.0257773     7.60991  0.00567983      1
  361     1151.09     1151.06   0.0258879     10.3804   0.0514735      0
  362     1150.76     1150.74   0.0258788     7.46132  0.00468306      1
  363     1148.96     1148.93   0.0260023     11.6777   0.0641497      0
  364     1148.47     1148.44   0.0259891     7.53648  0.00567442      1
  365     1146.81     1146.79   0.0260998     10.2777   0.0514244      0
  366     1146.49     1146.46   0.0260907     7.39463  0.00468009      1
  367     1144.72      1144.7   0.0262137     11.5692   0.0641033      0
  368     1144.24     1144.22   0.0262005     7.46567  0.00567517      1
  369     1142.62     1142.59   0.0263104     10.1851   0.0514312      0
  370      1142.3     1142.28   0.0263013     7.33192  0.00468188      1
  371     1140.57     1140.54   0.0264236     11.4725   0.0640125      0
  372      1140.1     1140.07   0.0264105     7.40165   0.0056714      1
  373      1138.5     1138.47     0.02652     10.0952    0.051397      0
  374     1138.19     1138.16    0.026511     7.27361  0.00468001      1
  375     1136.49     1136.46   0.0266329     11.3872   0.0639477      0
  376     1136.02     1135.99   0.0266198     7.34233  0.00566892      1
  377     1134.45     1134.42   0.0267288     10.0138   0.0513745      0
  378     1134.14     1134.12     0.02672     7.21989  0.00467902      1
  379     1132.47     1132.44   0.0268399     11.3028   0.0638429      0
  380     1132.01     1131.98    0.026827      7.2886  0.00566339      1
  381     1130.46     1130.43   0.0269345     9.93597   0.0513245      0
  382     1130.16     1130.13   0.0269258     7.17114   0.0046756      1
  383     1128.51     1128.48   0.0270453     11.2306   0.0637685      0
  384     1128.06     1128.03   0.0270324     7.24021  0.00565961      1
  385     1126.53      1126.5   0.0271395     9.87095   0.0512902      0
  386     1126.23     1126.21   0.0271309     7.12772  0.00467327      1
  387      1124.6     1124.57   0.0272501     11.1718    0.063756      0
  388     1124.16     1124.13   0.0272372     7.19607  0.00566016      1
  389     1122.64     1122.62   0.0273441     9.81769   0.0512952      0
  390     1122.35     1122.32   0.0273355     7.08906  0.00467415      1
  391     1120.74     1120.71   0.0274543     11.1143   0.0636989      0
  392      1120.3     1120.27   0.0274415     7.15594  0.00565722      1
  393      1118.8     1118.77   0.0275479     9.76196   0.0512685      0
  394     1118.51     1118.48   0.0275394     7.05404  0.00467245      1
  395     1116.91     1116.89   0.0276574     11.0677   0.0636484      0
  396     1116.48     1116.45   0.0276446     7.12137  0.00565418      1
  397     1114.99     1114.96   0.0277504     9.71577    0.051241      0
  398     1114.71     1114.68   0.0277419     7.02375  0.00467043      1
  399     1113.12     1113.09   0.0278596     11.0316   0.0636073      0
  400     1112.69     1112.66   0.0278468     7.09143  0.00565123      1
  401     1111.21     1111.18   0.0279525     9.67678   0.0512143      0
  402     1110.93      1110.9    0.027944     6.99792  0.00466831      1
  403     1109.36     1109.33   0.0280612     10.9767   0.0633929      0
  404     1108.93      1108.9   0.0280485     7.06853  0.00563594      1
  405     1107.47     1107.44   0.0281537     9.63153   0.0510757      0
  406     1107.19     1107.16   0.0281453     6.97772  0.00465679      1
  407     1105.63      1105.6    0.028262      10.941   0.0632288      0
  408     1105.21     1105.18   0.0282495     7.05024  0.00562332      1
  409     1103.76     1103.73   0.0283543      9.5977   0.0509614      0
  410     1103.48     1103.45   0.0283461     6.96201  0.00464718      1
  411     1101.93      1101.9   0.0284625     10.9066   0.0630271      0
  412     1101.51     1101.48   0.0284501     7.03742  0.00560781      1
  413     1100.06     1100.03   0.0285549     9.56811   0.0508207      0
  414     1099.78     1099.76   0.0285467     6.95224  0.00463517      1
  415     1098.24     1098.21   0.0286635     10.9088   0.0629659      0
  416     1097.81     1097.79    0.028651     7.02826  0.00560106      1
  417     1096.37     1096.34   0.0287562     9.55634   0.0507596      0
  418      1096.1     1096.07    0.028748     6.94631  0.00462988      1
  419     1094.56     1094.53   0.0288643     10.8385   0.0624434      0
  420     1094.14     1094.11    0.028852     7.02919  0.00556255      1
  421     1092.71     1092.68   0.0289563     9.51913   0.0504107      0
  422     1092.44     1092.41   0.0289483     6.94681   0.0045998      1
  423     1090.91     1090.89   0.0290618     10.7072    0.061393      0
  424     1090.51     1090.48   0.0290505     7.03851   0.0054842      1
  425     1089.09     1089.06   0.0291527     9.43502   0.0497005      0
  426     1088.82     1088.79   0.0291453     6.94973  0.00453905      1
  427      1087.3     1087.27   0.0292614     10.9716   0.0629299      0
  428     1086.87     1086.84   0.0292485     7.03214  0.00559052      1
  429     1085.44     1085.41   0.0293526     9.61044   0.0506641      0
  430     1085.16     1085.13   0.0293441     6.95077  0.00461963      1
  431     1083.64     1083.61   0.0294594     10.9702   0.0629568      0
  432     1083.21     1083.18   0.0294466      7.0547  0.00559285      1
  433      1081.8     1081.77   0.0295498     9.70449   0.0506852      0
  434     1081.51     1081.48   0.0295411     6.95883  0.00461834      1
  435     1079.98     1079.95   0.0296534      10.809   0.0617421      0
  436     1079.57     1079.54   0.0296419     7.08175  0.00550395      1
  437     1078.17     1078.14    0.029743     9.64809   0.0498795      0
  438     1077.88     1077.85   0.0297348     6.96384  0.00454847      1
  439     1076.35     1076.32   0.0298495     11.0191   0.0634601      0
  440     1075.92     1075.89   0.0298367     7.08408  0.00562951      1
  441     1074.51     1074.48   0.0299396     9.84452   0.0510175      0
  442      1074.2     1074.17   0.0299303     6.94343  0.00464312      1
  443     1072.64     1072.61   0.0300472     11.0592   0.0648762      0
  444     1072.21     1072.18   0.0300339     7.02649  0.00574451      1
  445     1070.76     1070.73   0.0301387     9.79298   0.0520596      0
  446     1070.47     1070.44   0.0301293     6.91766    0.004738      1
  447      1068.9     1068.87   0.0302473     11.0496   0.0655059      0
  448     1068.46     1068.43   0.0302337     6.98242  0.00579753      1
  449     1067.02     1066.99   0.0303393     9.74954   0.0525401      0
  450     1066.73     1066.69   0.0303298     6.88257  0.00478179      1
  451     1065.16     1065.13   0.0304485     11.0165   0.0658539      0
  452     1064.73      1064.7   0.0304347     6.93378  0.00582815      1
  453     1063.29     1063.25   0.0305402     9.67103   0.0528176      0
  454        1063     1062.97   0.0305311     6.85379  0.00480823      1
  455     1061.47     1061.44   0.0306444     10.8707   0.0649607      0
  456     1061.05     1061.02   0.0306317     6.90087  0.00576325      1
  457     1059.64     1059.61   0.0307337     9.54137   0.0522295      0
  458     1059.37     1059.33   0.0307249     6.81419  0.00475847      1
  459     1057.88     1057.84   0.0308371     10.7188   0.0641687      0
  460     1057.47     1057.44   0.0308249     6.84437  0.00570546      1
  461     1056.09     1056.06   0.0309262     9.38834   0.0517057      0
  462     1055.82     1055.79   0.0309178      6.7492  0.00471469      1
  463     1054.37     1054.34   0.0310289      10.539   0.0635331      0
  464     1053.97     1053.94    0.031017     6.77462  0.00566285      1
  465     1052.63      1052.6   0.0311168     9.22646   0.0513196      0
  466     1052.38     1052.35   0.0311088     6.67234  0.00468311      1
  467     1050.96     1050.93   0.0312188      10.412    0.063377      0
  468     1050.58     1050.55   0.0312071     6.69015  0.00565477      1
  469     1049.27     1049.24   0.0313065      9.0978   0.0512464      0
  470     1049.02     1048.99   0.0312986     6.58575  0.00467804      1
  471     1047.64     1047.61   0.0314083     10.2728    0.063272      0
  472     1047.27     1047.24   0.0313967     6.59742  0.00565109      1
  473     1045.99     1045.96   0.0314959     8.96167    0.051213      0
  474     1045.75     1045.72    0.031488      6.4948  0.00467661      1
  475     1044.41     1044.38   0.0315977     10.1082   0.0630392      0
  476     1044.05     1044.02   0.0315861     6.50464  0.00563811      1
  477     1042.81     1042.78   0.0316856     8.81388   0.0510954      0
  478     1042.58     1042.54   0.0316778     6.40457  0.00466802      1
  479     1041.27     1041.24   0.0317878     9.99883   0.0633142      0
  480     1040.92     1040.89   0.0317759     6.40886  0.00566422      1
  481     1039.71     1039.67   0.0318748     8.71764    0.051332      0
  482     1039.48     1039.45    0.031867      6.3193   0.0046897      1
  483     1038.21     1038.18   0.0319766     9.88582   0.0634638      0
  484     1037.86     1037.83   0.0319647     6.31718  0.00568014      1
  485     1036.68     1036.65   0.0320635     8.60481   0.0514763      0
  486     1036.46     1036.43   0.0320557     6.23642  0.00470384      1
  487     1035.22     1035.19   0.0321648     9.71203   0.0631473      0
  488     1034.89     1034.86   0.0321531      6.2394  0.00566188      1
  489     1033.74     1033.71   0.0322512     8.47304   0.0513108      0
  490     1033.53     1033.49   0.0322436     6.16321  0.00469086      1
  491     1032.32     1032.28   0.0323528     9.65829   0.0635425      0
  492     1031.99     1031.95   0.0323408     6.16086  0.00569499      1
  493     1030.85     1030.82   0.0324392     8.39678   0.0516109      0
  494     1030.64     1030.61   0.0324316     6.09478  0.00471823      1
  495     1029.45     1029.42   0.0325409     9.51176   0.0632929      0
  496     1029.13      1029.1   0.0325291      6.0988  0.00568124      1
  497     1028.03        1028   0.0326278     8.29412   0.0514863      0
  498     1027.83     1027.79   0.0326202     6.03729  0.00470861      1
  499     1026.67     1026.64   0.0327292     9.45399   0.0634961      0
  500     1026.35     1026.32   0.0327172     6.03884  0.00569978      1
  501     1025.27     1025.24   0.0328147     8.22584   0.0516543      0
  502     1025.07     1025.04   0.0328071     5.98434  0.00472436      1
  503     1023.93      1023.9   0.0329154     9.39579   0.0636885      0
  504     1023.62     1023.59   0.0329034     5.98601  0.00571784      1
  505     1022.55     1022.52   0.0330008     8.16992    0.051818      0
  506     1022.35     1022.32   0.0329932      5.9381  0.00473952      1
  507     1021.23     1021.19   0.0331017     9.34172    0.063883      0
  508     1020.92     1020.88   0.0330896     5.93805  0.00573613      1
  509     1019.86     1019.82   0.0331872     8.11958   0.0519837      0
  510     1019.66     1019.63   0.0331796     5.89735   0.0047549      1
  511     1018.55     1018.52   0.0332882     9.28397   0.0639375      0
  512     1018.25     1018.22    0.033276     5.89929  0.00574293      1
  513      1017.2     1017.17   0.0333735     8.07014   0.0520453      0
  514     1017.01     1016.98   0.0333659     5.86357  0.00476102      1
  515     1015.91     1015.88    0.033474     9.23616   0.0639743      0
  516     1015.61     1015.58   0.0334618     5.86745  0.00574779      1
  517     1014.57     1014.54   0.0335586     8.02798   0.0520893      0
  518     1014.38     1014.35   0.0335511     5.83531  0.00476551      1
  519     1013.29     1013.26   0.0336589     9.21436   0.0642299      0
  520     1012.99     1012.96   0.0336467     5.83726  0.00576984      1
  521     1011.96     1011.93   0.0337435     8.00901   0.0522891      0
  522     1011.77     1011.74   0.0337359     5.81106  0.00478344      1
  523     1010.69     1010.66   0.0338436      9.1767   0.0642516      0
  524     1010.39     1010.36   0.0338314     5.81344   0.0057732      1
  525     1009.37     1009.34   0.0339282     7.97694   0.0523197      0
  526     1009.18     1009.15   0.0339206     5.79012  0.00478661      1
  527     1008.11     1008.08   0.0340287     9.17185   0.0644694      0
  528     1007.81     1007.78   0.0340163     5.79037  0.00579105      1
  529     1006.79     1006.76   0.0341135     7.95992   0.0524814      0
  530      1006.6     1006.57   0.0341058     5.77145  0.00480118      1
  531     1005.53     1005.49   0.0342143     9.16222   0.0646439      0
  532     1005.23      1005.2   0.0342018     5.77117  0.00580573      1
  533     1004.21     1004.18   0.0342993     7.94511   0.0526144      0
  534     1004.03     1003.99   0.0342916      5.7559  0.00481323      1
  535     1002.95     1002.92   0.0344002     9.14912   0.0647513      0
  536     1002.66     1002.62   0.0343876     5.75589  0.00581511      1
  537     1001.64     1001.61   0.0344853     7.93126   0.0526994      0
  538     1001.46     1001.42   0.0344775     5.74355  0.00482104      1
  539     1000.39     1000.36   0.0345866     9.13955   0.0648398      0
  540     1000.09     1000.06   0.0345738     5.74419  0.00582287      1
  541     999.079     999.044   0.0346716      7.9203   0.0527698      0
  542     998.893     998.859   0.0346639     5.73419  0.00482745      1
  543     997.825      997.79    0.034773      9.1236   0.0648599      0
  544     997.531     997.497   0.0347603     5.73617  0.00582523      1
  545     996.524     996.489   0.0348584     7.91139   0.0527912      0
  546     996.338     996.303   0.0348506     5.72779   0.0048296      1
  547     995.285      995.25   0.0349596     9.08599   0.0646533      0
  548     994.992     994.957    0.034947     5.73459  0.00581047      1
  549     993.988     993.953   0.0350447     7.89307   0.0526574      0
  550     993.804     993.769    0.035037     5.72523  0.00481793      1
  551      992.75     992.715    0.035146     9.08578   0.0646597      0
  552     992.458     992.423   0.0351334     5.73195  0.00581075      1
  553     991.455      991.42   0.0352313      7.8893     0.05266      0
  554     991.271     991.235   0.0352236      5.7234  0.00481823      1
  555     990.219     990.184   0.0353327     9.07165   0.0645699      0
  556     989.927     989.892   0.0353201      5.7323  0.00580407      1
  557     988.928     988.892   0.0354182     7.88266   0.0525994      0
  558     988.744     988.709   0.0354105     5.72341  0.00481296      1
  559      987.69     987.655   0.0355201     9.08513   0.0646676      0
  560     987.398     987.362   0.0355074     5.73163  0.00581142      1
  561     986.394     986.358   0.0356059      7.8875    0.052666      0
  562      986.21     986.174   0.0355982     5.72444  0.00481888      1
  563     985.155     985.119   0.0357082     9.09372    0.064735      0
  564     984.862     984.826   0.0356955     5.73357  0.00581679      1
  565     983.856      983.82   0.0357944     7.89442   0.0527147      0
  566     983.672     983.636   0.0357866     5.72745  0.00482317      1
  567     982.614     982.578   0.0358973     9.10777   0.0648102      0
  568      982.32     982.284   0.0358844     5.73684  0.00582257      1
  569     981.311     981.275   0.0359839     7.90338    0.052767      0
  570     981.126      981.09   0.0359761     5.73198  0.00482777      1
  571     980.065     980.029   0.0360875     9.12521   0.0648941      0
  572      979.77     979.734   0.0360745     5.74169  0.00582902      1
  573     978.756      978.72   0.0361745     7.91509   0.0528255      0
  574     978.571     978.535   0.0361667      5.7382   0.0048329      1
  575     977.506      977.47   0.0362788     9.13968   0.0649346      0
  576      977.21     977.174   0.0362657     5.74916  0.00583212      1
  577     976.194     976.157   0.0363663     7.92755   0.0528536      0
  578     976.008     975.971   0.0363584     5.74654  0.00483531      1
  579     974.938     974.901   0.0364713     9.16307   0.0650109      0
  580     974.641     974.604    0.036458     5.75804  0.00583767      1
  581     973.618     973.582   0.0365593     7.94412   0.0529039      0
  582     973.431     973.395   0.0365513     5.75658  0.00483965      1
  583     972.356      972.32    0.036665     9.18706    0.065072      0
  584     972.057     972.021   0.0366516     5.76917  0.00584201      1
  585      971.03     970.993   0.0367536     7.96283   0.0529432      0
  586     970.842     970.806   0.0367455     5.76866  0.00484301      1
  587     969.762     969.725   0.0368601     9.21581   0.0651759      0
  588     969.461     969.424   0.0368465     5.78193  0.00584988      1
  589     968.427      968.39   0.0369493     7.98889   0.0530145      0
  590     968.238     968.201   0.0369411     5.78316  0.00484906      1
  591     967.148     967.111   0.0370567     9.25262   0.0652828      0
  592     966.845     966.808   0.0370429     5.79651   0.0058574      1
  593     965.802     965.765   0.0371464     8.01526   0.0530827      0
  594     965.612     965.575   0.0371382     5.79915  0.00485486      1
  595     964.512     964.475   0.0372549     9.29665    0.065424      0
  596     964.206     964.169   0.0372409     5.81248  0.00586738      1
  597     963.151     963.114   0.0373454     8.04543   0.0531731      0
  598      962.96     962.922   0.0373372     5.81682  0.00486262      1
  599      961.85     961.812   0.0374551     9.31643   0.0654511      0
  600     961.542     961.505   0.0374409     5.83389  0.00586996      1
  601     960.485     960.448   0.0375464     8.08272   0.0531965      0
  602     960.292     960.254    0.037538     5.83999  0.00486428      1
  603     959.178      959.14   0.0376563     9.35973   0.0655014      0
  604     958.867     958.829    0.037642     5.85736  0.00587274      1
  605       957.8     957.762   0.0377476     8.11658   0.0532217      0
  606     957.605     957.567   0.0377392     5.86408  0.00486623      1
  607      956.48     956.442   0.0378581     9.40421   0.0655562      0
  608     956.166     956.128   0.0378438     5.88336   0.0058759      1
  609      955.09     955.052   0.0379501     8.15717   0.0532503      0
  610     954.892     954.854   0.0379416     5.88994  0.00486831      1
  611     953.757     953.718   0.0380614     9.44413    0.065588      0
  612      953.44     953.402    0.038047     5.91061  0.00587758      1
  613     952.351     952.313   0.0381542     8.19841   0.0532655      0
  614     952.152     952.114   0.0381455     5.91902  0.00486918      1
  615         951     950.962   0.0382663     9.52467   0.0658415      0
  616     950.678      950.64   0.0382516     5.93942  0.00589501      1
  617     949.572     949.533   0.0383592     8.25379   0.0534235      0
  618      949.37     949.332   0.0383505     5.95056  0.00488265      1
  619     948.205     948.166   0.0384721     9.57865   0.0659264      0
  620     947.879      947.84   0.0384572     5.97331  0.00590066      1
  621     946.761     946.722   0.0385656     8.30806   0.0534748      0
  622     946.556     946.518   0.0385568     5.98538  0.00488662      1
  623     945.375     945.337   0.0386791      9.6444   0.0660053      0
  624     945.045     945.006   0.0386641     6.01007  0.00590481      1
  625     943.911     943.873   0.0387727     8.36445   0.0535123      0
  626     943.704     943.665   0.0387639     6.02265  0.00488932      1
  627     942.505     942.466   0.0388866     9.71901   0.0661748      0
  628     942.169     942.131   0.0388715     6.04874  0.00591616      1
  629     941.019      940.98    0.038981     8.42737   0.0536152      0
  630     940.808     940.769   0.0389721     6.06314   0.0048978      1
  631     939.592     939.552   0.0390956     9.77961   0.0661426      0
  632     939.252     939.213   0.0390805     6.09414  0.00591171      1
  633     938.086     938.047   0.0391906     8.48587   0.0535749      0
  634     937.872     937.833   0.0391817     6.10638  0.00489362      1
  635     936.638     936.599   0.0393062     9.85731   0.0662117      0
  636     936.293     936.253   0.0392909     6.13994  0.00591462      1
  637     935.108     935.068   0.0394019      8.5546   0.0536012      0
  638     934.891     934.851   0.0393928     6.15256  0.00489512      1
  639     933.634     933.595   0.0395184     9.95022   0.0663503      0
  640     933.282     933.243   0.0395028     6.18792   0.0059222      1
  641     932.075     932.035   0.0396145     8.62511     0.05367      0
  642     931.854     931.815   0.0396053     6.20109  0.00490052      1
  643     930.575     930.535   0.0397317     10.0355   0.0664099      0
  644     930.217     930.177   0.0397161     6.24089  0.00592389      1
  645      928.99      928.95   0.0398286     8.70368   0.0536853      0
  646     928.765     928.725   0.0398194     6.25278  0.00490091      1
  647     927.463     927.423   0.0399465      10.104   0.0662937      0
  648     927.101     927.061   0.0399308     6.29905  0.00591232      1
  649     925.853     925.813    0.040044     8.77724   0.0535804      0
  650     925.624     925.584   0.0400347     6.30832  0.00489075      1
  651     924.296     924.256   0.0401636     10.2456   0.0667289      0
  652     923.922     923.882   0.0401474     6.35379  0.00594092      1
  653     922.648     922.608    0.040262     8.89173   0.0538396      0
  654     922.413     922.373   0.0402524      6.3653  0.00491199      1
  655     921.056     921.016   0.0403829     10.3423   0.0669545      0
  656     920.675     920.635   0.0403666     6.41516  0.00595642      1
  657     919.377     919.336   0.0404826     9.00162     0.05398      0
  658     919.135     919.095   0.0404727     6.42504  0.00492271      1
  659     917.748     917.707   0.0406047      10.454   0.0671919      0
  660     917.358     917.317   0.0405881     6.47523   0.0059716      1
  661     916.027     915.987   0.0407053     9.09035   0.0541176      0
  662     915.782     915.742   0.0406953     6.48919  0.00493403      1
  663     914.364     914.323   0.0408287     10.5623    0.067282      0
  664     913.966     913.925   0.0408119     6.54029   0.0059746      1
  665     912.607     912.566   0.0409303     9.18653   0.0541448      0
  666     912.356     912.315   0.0409202     6.55418  0.00493518      1
  667     910.906     910.865   0.0410551     10.6772   0.0673752      0
  668     910.499     910.458   0.0410381     6.60893  0.00597747      1
  669      909.11     909.069   0.0411578     9.29053   0.0541708      0
  670     908.854     908.813   0.0411475     6.62158  0.00493596      1
  671     907.372      907.33   0.0412841     10.7956   0.0674602      0
  672     906.955     906.914   0.0412668     6.67989  0.00597929      1
  673     905.536     905.495   0.0413879     9.39762   0.0541873      0
  674     905.274     905.232   0.0413775     6.69071   0.0049358      1
  675     903.756     903.715   0.0415161     10.9301   0.0676188      0
  676     903.329     903.288   0.0414984     6.75084  0.00598541      1
  677      901.88     901.839   0.0416213     9.50987   0.0542427      0
  678     901.612      901.57   0.0416106     6.76055  0.00493903      1
  679     900.062      900.02    0.041749     11.0111   0.0674773      0
  680     899.629     899.587   0.0417319      6.8307   0.0059725      1
  681     898.151     898.109   0.0418524     9.61589   0.0541257      0
  682     897.876     897.834   0.0418419     6.83513    0.004927      1
  683     896.293     896.251   0.0419788     11.1179   0.0673742      0
  684     895.851     895.809   0.0419617     6.90883  0.00595992      1
  685     894.344     894.302    0.042083     9.71889   0.0540118      0
  686     894.063     894.021   0.0420724     6.90822  0.00491537      1
  687     892.447     892.405   0.0422104     11.2262   0.0673245      0
  688     891.995     891.953   0.0421932     6.98547   0.0059517      1
  689     890.459     890.417   0.0423156     9.82452   0.0539373      0
  690     890.172     890.129   0.0423049     6.97979  0.00490711      1
  691     888.525     888.482   0.0424438     11.3228   0.0672003      0
  692     888.065     888.022   0.0424267     7.06053  0.00593835      1
  693     886.501     886.459   0.0425496     9.92023   0.0538163      0
  694     886.208     886.165   0.0425388     7.04866  0.00489498      1
  695      884.53     884.488   0.0426785     11.4167   0.0670693      0
  696     884.062      884.02   0.0426614     7.13259  0.00592434      1
  697     882.473      882.43   0.0427852     10.0113   0.0536893      0
  698     882.173     882.131   0.0427744     7.11348  0.00488233      1
  699     880.468     880.425   0.0429152     11.4981   0.0668939      0
  700     879.993      879.95    0.042898     7.20009  0.00590739      1
  701      878.38     878.337   0.0430228     10.0917   0.0535357      0
  702     878.076     878.033   0.0430119     7.17264  0.00486752      1
  703     876.347     876.304   0.0431536      11.562   0.0666564      0
  704     875.866     875.823   0.0431365     7.26118  0.00588632      1
  705     874.235     874.192   0.0432619     10.1573   0.0533448      0
  706     873.926     873.882   0.0432511     7.22402  0.00484974      1
  707     872.178     872.134   0.0433934      11.609   0.0663789      0
  708     871.692     871.649   0.0433764     7.31294  0.00586273      1
  709     870.047     870.003   0.0435024     10.2054    0.053131      0
  710     869.734     869.691   0.0434916     7.26505  0.00483024      1
  711     867.973     867.929   0.0436344     11.6329   0.0660488      0
  712     867.485     867.441   0.0436175     7.35282  0.00583595      1
  713     865.833     865.789    0.043744     10.2314   0.0528883      0
  714     865.518     865.474   0.0437332     7.29327  0.00480863      1
  715     863.753     863.709   0.0438768     11.6663   0.0659542      0
  716     863.261     863.217   0.0438599     7.37885  0.00582659      1
  717     861.609     861.565    0.043987     10.2688   0.0528034      0
  718      861.29     861.246    0.043976      7.3056  0.00480003      1
  719     859.523     859.478   0.0441201      11.639   0.0657586      0
  720     859.033     858.989   0.0441033     7.39083  0.00581358      1
  721     857.388     857.344   0.0442307     10.2743   0.0526856      0
  722     857.067     857.023   0.0442197     7.29893  0.00478907      1
  723     855.305     855.261    0.044364     11.5784   0.0655769      0
  724      854.82     854.776   0.0443474     7.37115  0.00580338      1
  725     853.183     853.139   0.0444749     10.2016   0.0525931      0
  726     852.869     852.824   0.0444641     7.27788   0.0047829      1
  727     851.131     851.086   0.0446073      11.469   0.0650433      0
  728     850.654      850.61   0.0445912     7.33983  0.00576636      1
  729     849.042     848.997   0.0447178     10.1043   0.0522576      0
  730     848.733     848.688   0.0447073     7.23413  0.00475505      1
  731     847.025      846.98   0.0448498     11.3678   0.0647659      0
  732     846.555     846.511   0.0448339     7.28386  0.00574798      1
  733     844.976     844.931   0.0449599     9.99906   0.0520911      0
  734     844.672     844.627   0.0449496     7.16864  0.00474179      1
  735     843.006     842.961    0.045091     11.2104   0.0643644      0
  736     842.549     842.504   0.0450755     7.20806  0.00572264      1
  737      841.01     840.965   0.0452006     9.85535   0.0518614      0
  738     840.715      840.67   0.0451905     7.08439  0.00472361      1
  739     839.097     839.051   0.0453304     11.0126   0.0638765      0
  740     838.657     838.611   0.0453153     7.11475   0.0056914      1
  741     837.164     837.119    0.045439     9.67926   0.0515783      0
  742      836.88     836.834   0.0454292     6.98408  0.00470117      1
  743     835.316      835.27    0.045567     10.8255   0.0636031      0
  744      834.89     834.844   0.0455522     7.00365  0.00567588      1
  745     833.449     833.403   0.0456739     9.50057   0.0514377      0
  746     833.174     833.129   0.0456644     6.87045    0.004691      1
  747     831.668     831.622   0.0457997     10.6099   0.0632876      0
  748     831.259     831.213   0.0457854      6.8823  0.00565806      1
  749     829.874     829.828   0.0459052      9.3051   0.0512761      0
  750     829.611     829.565    0.045896     6.74916  0.00467927      1
  751     828.167     828.121    0.046029     10.3861   0.0629891      0
  752     827.775     827.729   0.0460151      6.7559  0.00564169      1
  753     826.445     826.399   0.0461327     9.10488   0.0511278      0
  754     826.192     826.146   0.0461239     6.62538  0.00466867      1
  755     824.805     824.759   0.0462547     10.1805     0.06284      0
  756     824.429     824.382   0.0462411     6.62792   0.0056362      1
  757     823.148     823.102   0.0463571     8.91827    0.051078      0
  758     822.906      822.86   0.0463485     6.50314  0.00466643      1
  759     821.571     821.525   0.0464775     9.98869   0.0627803      0
  760     821.209     821.162   0.0464641      6.5032  0.00563735      1
  761     819.974     819.927   0.0465785     8.74393   0.0510885      0
  762     819.742     819.695     0.04657     6.38702  0.00466936      1
  763     818.455     818.408    0.046697     9.80788   0.0627354      0
  764     818.106     818.059   0.0466838     6.38695  0.00563945      1
  765     816.913     816.866   0.0467961      8.5828   0.0511075      0
  766     816.689     816.643   0.0467879     6.27994   0.0046729      1
  767     815.446     815.399   0.0469124     9.65035   0.0627597      0
  768     815.108     815.061   0.0468995     6.28072  0.00564641      1
  769     813.952     813.905   0.0470096     8.44226   0.0511706      0
  770     813.736     813.689   0.0470016     6.18341   0.0046801      1
  771     812.528     812.481   0.0471241     9.51606   0.0628698      0
  772       812.2     812.153   0.0471113     6.18563  0.00565978      1
  773     811.074     811.027     0.04722     8.32503   0.0512918      0
  774     810.864     810.817   0.0472121     6.09838  0.00469214      1
  775     809.689     809.641   0.0473331     9.40271   0.0630022      0
  776     809.368     809.321   0.0473204     6.10082  0.00567437      1
  777     808.269     808.221   0.0474279     8.22206    0.051424      0
  778     808.064     808.016     0.04742     6.02342  0.00470505      1
  779     806.917      806.87   0.0475392     9.27275   0.0628988      0
  780     806.605     806.558   0.0475268      6.0292   0.0056703      1
  781     805.532     805.484   0.0476328     8.11596   0.0513871      0
  782     805.333     805.285   0.0476252     5.95862  0.00470308      1
  783      804.21     804.162   0.0477437     9.23416   0.0633577      0
  784       803.9     803.852    0.047731     5.96229  0.00570926      1
  785     802.842     802.794   0.0478364     8.04882   0.0517402      0
  786     802.647     802.599   0.0478287     5.90909   0.0047355      1
  787     801.546     801.498   0.0479453     9.12875   0.0630947      0
  788     801.245     801.197   0.0479329     5.91758  0.00569025      1
  789     800.205     800.157   0.0480367      7.9557   0.0515679      0
  790     800.015     799.967   0.0480293     5.86954  0.00472131      1
  791     798.936     798.888   0.0481437      9.0197   0.0626406      0
  792     798.641     798.593   0.0481318     5.87436  0.00565488      1
  793     797.615     797.567    0.048234     7.82389   0.0512474      0
  794     797.434     797.386   0.0482271     5.83282  0.00469497      1
  795     796.374     796.326   0.0483396     8.92047   0.0622445      0
  796     796.086     796.038   0.0483282     5.83519  0.00562414      1
  797     795.076     795.027   0.0484289     7.71234   0.0509688      0
  798     794.902     794.853   0.0484224     5.80285  0.00467183      1
  799     793.865     793.816   0.0485326     8.79785    0.061488      0
  800     793.585     793.537   0.0485219      5.8064   0.0055633      1
  801     792.583     792.535   0.0486207     7.59262   0.0504174      0
  802     792.409      792.36   0.0486071     4.94588   0.0105804      1
  803     788.898     788.849   0.0490805     17.3533    0.239712      2
  804     788.329      788.28   0.0490104     11.6271  0.00318958      3
  805     786.874     786.825   0.0490422     5.25606   0.0207181      0
  806      786.48      786.43   0.0490876     6.56569   0.0283313      1
  807     786.295     786.246   0.0490879     5.08107  0.00599042      2
  808     783.869      783.82   0.0494341     14.7478    0.192431      0
  809     783.176     783.126   0.0493701     8.70176  0.00495985      1
  810     782.137     782.088   0.0494221     5.66088   0.0256583      0
  811     781.892     781.843   0.0494338     4.95856   0.0128335      1
  812     780.956     780.906   0.0495667     9.90279   0.0779517      2
  813     780.653     780.603   0.0495362     5.23045  0.00693914      3
  814     779.202     779.152   0.0497243     11.0307    0.107009      0
  815     778.846     778.796   0.0497023     7.69986  0.00391746      1
  816     777.947     777.898   0.0497588     5.89449    0.028524      0
  817     777.727     777.678   0.0497674     5.13508   0.0142581      1
  818     777.313     777.264   0.0498174     6.65713   0.0297306      2
  819      777.13      777.08   0.0498156     4.95533  0.00628071      3
  820       774.4     774.349   0.0502199     15.6107    0.227496      0
  821      773.63      773.58   0.0501465     9.36494  0.00478196      1
  822     772.486     772.436   0.0501957      5.3818   0.0243455      0
  823     772.208     772.158   0.0502159     5.41099   0.0187427      1
  824     771.926     771.876   0.0502415     5.43781   0.0191021      2
  825      771.65       771.6   0.0502605      5.3529   0.0183299      3
  826     771.356     771.306   0.0502886     5.54706   0.0202894      4
  827     771.101     771.051   0.0503037     5.16673   0.0162926      5
  828     770.741      770.69   0.0503408     5.82181   0.0244435      6
  829     770.518     770.467   0.0503482     4.78189   0.0122245      7
  830      768.84     768.789   0.0506056     13.5406    0.147072      8
  831      768.37     768.319   0.0505452     6.99828  0.00510593      9
  832     767.543     767.492   0.0505984     6.16985    0.032411      0
  833     767.355     767.305   0.0506029     4.80775  0.00685117      1
  834     763.805     763.754    0.051133     18.6248    0.288882      0
  835     763.033     762.982   0.0510383     11.2451  0.00360309      1
  836     761.666     761.614     0.05107      5.0502   0.0210964      0
  837     761.299     761.248   0.0511132     6.21342   0.0279481      1
  838      761.12     761.069   0.0511149     5.07707   0.0139625      2
  839     760.765     760.714   0.0511523      5.7487   0.0209484      3
  840     760.585     760.534   0.0511563     4.66788   0.0104764      4
  841     756.796     756.744   0.0517584     20.1613    0.339469      5
  842     755.854     755.802   0.0516329     11.1457  0.00401149      6
  843     754.512      754.46   0.0516638     5.00142   0.0210651      0
  844     754.153     754.102   0.0517067     6.16088   0.0280847      1
  845     753.978     753.926   0.0517085     5.03831   0.0140312      2
  846     753.633     753.582   0.0517458     5.72637   0.0210513      3
  847     753.457     753.405   0.0517496     4.63493   0.0105273      4
  848     750.504     750.452   0.0521702     15.4941    0.238508      5
  849     750.028     749.976   0.0521117     10.4345   0.0033456      6
  850     748.817     748.765   0.0521445     5.03766   0.0217039      0
  851     748.495     748.443   0.0521815     5.84094   0.0248288      1
  852     748.291     748.239    0.052187      4.7325   0.0124135      2
  853     747.553     747.501   0.0522978     8.84281   0.0640308      3
  854     747.307     747.255   0.0522771     5.29509  0.00577986      4
  855     746.317     746.265   0.0523957     8.51146   0.0697105      0
  856     746.059     746.007   0.0523811     5.28486  0.00628246      1
  857     745.122      745.07   0.0524864     7.37024   0.0569348      0
  858     744.959     744.907   0.0524779      5.2992  0.00521122      1
  859     743.985     743.933    0.052596     8.50092   0.0692666      0
  860     743.727     743.674   0.0525815     5.28516  0.00624365      1
  861     742.799     742.746   0.0526864     7.34296   0.0565831      0
  862     742.637     742.585   0.0526781     5.29626  0.00518017      1
  863     741.667     741.614   0.0527966     8.50815   0.0692853      0
  864     741.407     741.354   0.0527819     5.27927  0.00624436      1
  865      740.48     740.427   0.0528872     7.33526   0.0565895      0
  866     740.318     740.265   0.0528789     5.29165  0.00518091      1
  867     739.347     739.294   0.0529983     8.53416   0.0695645      0
  868     739.085     739.032   0.0529832     5.27059  0.00626651      1
  869     738.155     738.102   0.0530892      7.3382   0.0567903      0
  870     737.993      737.94   0.0530808     5.28693  0.00519895      1
  871      737.02     736.966   0.0532013     8.56875   0.0699636      0
  872     736.755     736.702   0.0531858     5.26123  0.00629853      1
  873      735.82     735.767   0.0532927     7.34653   0.0570804      0
  874     735.659     735.605   0.0532841     5.28271  0.00522496      1
  875     734.681     734.628   0.0534061     8.61722   0.0704982      0
  876     734.414     734.361   0.0533901     5.25087  0.00634116      1
  877      733.47     733.416   0.0534981     7.35894   0.0574667      0
  878     733.308     733.255   0.0534894     5.27912  0.00525958      1
  879     732.325     732.271   0.0536128     8.64634   0.0708837      0
  880     732.056     732.002   0.0535963     5.24499  0.00637259      1
  881     731.106     731.053   0.0537055      7.3707   0.0577516      0
  882     730.944      730.89   0.0536966     5.27831   0.0052851      1
  883     729.956     729.902   0.0538212      8.6683   0.0711418      0
  884     729.686     729.632   0.0538043      5.2434  0.00639366      1
  885     728.702     728.648   0.0539365     8.80526   0.0696136      0
  886     728.457     728.403   0.0539136     5.09932  0.00626739      1
  887     727.284      727.23   0.0540753     9.77759   0.0914153      0
  888     726.975     726.921   0.0540404     4.86188  0.00797907      1
  889     725.277     725.223   0.0543036     12.5421     0.13961      0
  890     724.868     724.814   0.0542492      6.8385  0.00496358      1
  891     724.101     724.047   0.0543041     5.98765   0.0322618      0
  892     723.927     723.873   0.0543088     4.70221  0.00682012      1
  893     720.516     720.461   0.0548668     18.4213    0.294985      0
  894      719.76     719.705   0.0547645     11.0017  0.00368704      1
  895     718.438     718.384   0.0547987     5.01154   0.0214396      0
  896     718.088     718.033   0.0548427     6.07964   0.0274519      1
  897     717.901     717.846   0.0548459     4.94581   0.0137178      2
  898     717.503     717.448   0.0548991     6.48882   0.0287865      3
  899     717.338     717.283   0.0548963     4.80295  0.00608032      4
  900     714.771     714.715   0.0553141     15.0921    0.226279      0
  901     714.062     714.007   0.0552351     8.93767  0.00494959      1
  902     712.986      712.93   0.0552889     5.32009   0.0255536      0
  903     712.749     712.694    0.055303     4.72596   0.0127836      1
  904     711.411     711.355   0.0555101     11.1003    0.115851      2
  905     711.088     711.032   0.0554782     7.10702  0.00433667      3
  906     710.287     710.232   0.0555334     5.97546    0.031296      0
  907     710.101     710.045   0.0555459     5.26327    0.015635      1
  908     709.804     709.748   0.0555724     5.53613   0.0177452      2
  909     709.622     709.567    0.055582     4.63122  0.00887782      3
  910     660.486     660.424   0.0622257     15.7376     3.14278      4
  911      658.86     658.798   0.0618138     6.18008   0.0156136      5
  912     657.462     657.401   0.0617886      9.1017   0.0739954      0
  913     657.142      657.08   0.0617965     5.38241  0.00669315      1
  914     656.318     656.256   0.0618213     6.89099   0.0528713      0
  915      656.09     656.029   0.0618134     4.38265   0.0111114      1
  916     653.816     653.754    0.061978     11.7198    0.251742      2
  917     653.154     653.093   0.0619369     6.27297  0.00819135      3
  918     652.114     652.052   0.0619276     4.78283   0.0331189      0
  919     651.933     651.871   0.0619367     3.82934  0.00699871      1
  920     650.262       650.2   0.0621699      11.967    0.241743      0
  921     649.703     649.641   0.0621115     5.63996  0.00671092      1
  922     649.249     649.187   0.0621394     4.43114    0.030005      0
  923     649.082      649.02   0.0621499     3.90289   0.0149968      1
  924     648.955     648.893   0.0621658     4.40028   0.0211868      2
  925     648.795     648.732   0.0621731     3.54358   0.0105937      3
  926     647.808     647.746   0.0623436     10.4872    0.165527      4
  927      647.52     647.458   0.0622997      4.7825  0.00598633      5
  928     647.061     646.999   0.0623413     4.19947   0.0312551      0
  929      646.98     646.917   0.0623429     3.52258  0.00660721      1
  930     645.333      645.27   0.0626927     12.6807    0.278001      0
  931     644.855     644.792   0.0626278     7.66219  0.00402983      1
  932     644.116     644.053   0.0626388      3.6746   0.0217354      0
  933     643.907     643.844   0.0626665     3.73864   0.0194314      1
  934     643.753     643.691   0.0626832     4.20407   0.0291491      2
  935     643.592     643.529   0.0626998     3.49277   0.0145734      3
  936     643.179     643.116   0.0627767     6.39998   0.0694585      4
  937     643.016     642.953   0.0627665     3.92107  0.00632335      5
  938     642.526     642.463   0.0628426     5.46527   0.0573053      0
  939     642.425     642.362   0.0628367     3.89956  0.00526205      1
  940     641.897     641.834   0.0629235     6.32596   0.0699852      0
  941     641.758     641.696   0.0629119     3.83529  0.00636815      1
  942     641.222     641.159    0.063009     6.51757    0.072049      0
  943     641.089     641.026   0.0629913     3.68721  0.00655357      1
  944     640.415     640.351    0.063118     7.45791    0.100132      0
  945     640.262     640.199   0.0631036      5.2809  0.00386557      1
  946     639.836     639.773   0.0631451     4.09909   0.0296739      0
  947     639.723      639.66   0.0631525     3.60942   0.0148352      1
  948     639.565     639.502   0.0631836     4.49982   0.0279963      2
  949     639.462     639.399   0.0631849     3.47452  0.00591795      3
  950     638.688     638.624    0.063368     7.54245    0.134079      0
  951     638.399     638.336   0.0633403     5.00008  0.00516741      1
  952     637.939     637.875   0.0633708     4.31061   0.0334581      0
  953     637.843     637.779   0.0633841     3.83712   0.0167179      1
  954     637.699     637.636   0.0634014     3.79543   0.0156295      2
  955      637.59     637.527   0.0634148     3.61785   0.0152206      3
  956     637.391     637.328   0.0634461     4.31223   0.0267288      4
  957     637.319     637.255   0.0634475     3.50244   0.0133605      5
  958     637.142     637.079   0.0634764     3.81898   0.0200432      6
  959     637.019     636.956   0.0634817     3.73095     0.02139      7
  960     636.826     636.762   0.0635097     3.64662   0.0199068      8
  961     636.684     636.621   0.0635274     4.17711   0.0282568      9
  962     636.564     636.501   0.0635418     3.44098   0.0141261     10
  963      636.27     636.206   0.0635934     5.08182   0.0439095     11
  964     636.181     636.117   0.0635863      3.2878  0.00925799     12
  965      631.87     631.806   0.0649027     17.4197      0.9041      0
  966     631.037     630.973   0.0646878     11.1811  0.00495463      1
  967     628.209     628.144   0.0646357     6.20989   0.0305199      0
  968     628.191     628.127   0.0646382     5.82545  0.00121462      1
  969     627.684     627.619   0.0646623      3.7522   0.0271895      0
  970     627.574     627.509   0.0646741     3.27746   0.0135969      1
  971      627.12     627.055    0.064771     6.85686   0.0893691      2
  972     626.984      626.92   0.0647457     3.30622  0.00807663      3
  973     625.776     625.711    0.065022     10.4558    0.230095      0
  974     625.456     625.391   0.0649484     4.60268  0.00693948      1
  975     625.088     625.023   0.0649916     4.21983   0.0346673      0
  976     625.003     624.938   0.0649923     3.21564  0.00732557      1
  977     622.533     622.467   0.0655511     14.1674    0.473944      0
  978     622.017     621.952    0.065468     9.63771  0.00390274      1
  979     620.971     620.905   0.0655022     3.22789    0.021617      0
  980     620.689     620.623   0.0655667     5.42216   0.0564983      1
  981     620.589     620.523   0.0655602      3.7707  0.00518264      2
  982     620.214     620.148   0.0656219     4.49387   0.0469677      0
  983     620.134     620.068   0.0656172     3.09299  0.00991135      1
  984     586.798     586.724   0.0736511     19.1368     5.72135      0
  985     584.223     584.151   0.0726428     5.77668   0.0168219      1
  986     582.485     582.412   0.0726019     6.86179   0.0842793      0
  987     582.379     582.306   0.0726047     5.51289  0.00334091      1
  988     581.873       581.8   0.0726108     4.31059   0.0300501      0
  989     581.777     581.704    0.072614     3.69121   0.0150195      1
  990     581.608     581.536   0.0726182     4.11039   0.0210231      2
  991     581.516     581.443   0.0726208     3.27521    0.010512      3
  992     580.404     580.332   0.0726891     9.11671    0.204055      4
  993     580.126     580.053   0.0726785      4.3337  0.00715401      5
  994     579.799     579.726   0.0727038     3.90297   0.0336828      0
  995     579.726     579.653   0.0727041     2.97241  0.00711788      1
  996     578.174     578.101   0.0729778     11.8673    0.388564      0
  997     577.704     577.631   0.0729002     4.21164  0.00779191      1
  998     577.434     577.361   0.0729308     3.19065   0.0282457      0
  999     577.357     577.284   0.0729372     2.81186   0.0141242      1
 1000     577.059     576.985   0.0730143     5.57831   0.0829795      2
 1001     576.957     576.884   0.0729964     2.90128  0.00756757      3
 1002     576.454     576.381   0.0731142     6.51602    0.123726      0
 1003     576.328     576.255    0.073097     4.13008  0.00478328      1
 1004     576.068     575.995   0.0731299     3.35628   0.0306449      0
 1005     576.002     575.929   0.0731345     2.95178   0.0153202      1
 1006     575.899     575.826   0.0731552     3.33176   0.0222158      2
 1007     575.835     575.761   0.0731583     2.70113   0.0111085      3
 1008     575.123      575.05   0.0733468     8.17273     0.18766      4
 1009     574.957     574.883   0.0732902     3.34067  0.00703902      5
 1010     574.748     574.674   0.0733302     3.84584   0.0444572      0
 1011     574.646     574.573   0.0733309     2.65903  0.00938797      1
 1012     566.853     566.777   0.0755162     23.9584     2.05161      0
 1013     565.343     565.268   0.0751494     13.5307  0.00416389      1
 1014     563.628     563.553   0.0751724     2.67813   0.0177055      0
 1015     562.189     562.113   0.0757697     9.70004     0.40114      1
 1016     561.879     561.803   0.0756588     5.02065  0.00613731      2
 1017     561.528     561.452   0.0756844      2.8969   0.0222478      0
 1018     561.344     561.268   0.0757327     4.21035    0.047426      1
 1019     561.266      561.19   0.0757274      2.5954   0.0100053      2
 1020      558.61     558.533   0.0767806     9.13252    0.848422      3
 1021      557.97     557.893   0.0765873     4.98471    0.013039      4
 1022     556.927      556.85   0.0766554      2.9183   0.0747488      0
 1023     556.689     556.612   0.0767085     2.97434   0.0373798      1
 1024     556.607      556.53   0.0767177     2.64273   0.0186905      2
 1025     556.325     556.248   0.0768356      5.3293   0.0908145      3
 1026     556.232     556.156   0.0768055     2.63557  0.00828144      4
 1027     555.732     555.655   0.0769683     4.99945    0.129397      0
 1028     555.631     555.554   0.0769394     2.49627   0.0117802      1
 1029     551.257     551.178   0.0791619     18.6748     1.66809      0
 1030     550.171     550.093   0.0785365     5.48362  0.00821465      1
 1031      549.07     548.992   0.0785613     3.28688   0.0205366      0
 1032     548.959     548.881    0.078561     2.86962   0.0043119      1
 1033     548.851     548.772   0.0785693     2.58834   0.0145415      0
 1034     547.966     547.888   0.0787948     4.41435     0.22721      0
 1035     547.649      547.57   0.0787547      2.6468   0.0208226      1
 1036     547.517     547.438   0.0787754      2.4101   0.0209764      0
 1037     538.038     537.955   0.0825497     12.7155     2.97029      0
 1038     536.627     536.545   0.0816819     4.98227   0.0234709      1
 1039     535.604     535.522   0.0817024     4.47954   0.0661018      0
 1040     535.477     535.395    0.081706     3.36854  0.00606018      1
 1041     535.395     535.313   0.0817143     2.66951  0.00909134      0
 1042     535.019     534.937   0.0818072     4.31979   0.0823903      0
 1043     534.968     534.886   0.0817949     2.60461   0.0075577      1
 1044     534.794     534.713   0.0818482     2.81413   0.0472356      0
 1045     534.699     534.617   0.0818551     2.41181  0.00998366      1
 1046     534.642      534.56   0.0818714     2.31657   0.0149762      2
 1047     533.871     533.788    0.082304     5.77563    0.339305      0
 1048     533.398     533.316   0.0822074     2.89321   0.0133075      1
 1049     533.238     533.156    0.082217     2.31248   0.0133075      0
 1050     533.057     532.975    0.082272     2.34396   0.0482396      0
 1051     532.928     532.845   0.0823685     3.55009   0.0723613      0
 1052     532.795     532.713    0.082357     2.96461  0.00661173      1
 1053     532.643      532.56    0.082363     2.43913  0.00991922      0
 1054     532.597     532.515   0.0823716     2.29883  0.00934073      0
 1055     529.367     529.283   0.0834171     6.17156     0.91218      0
 1056     528.738     528.655   0.0833004     2.82228    0.015454      1
 1057     528.632     528.549   0.0833056     2.30793  0.00770091      0
 1058     525.146     525.061   0.0854956     14.9032     2.03252      0
 1059     522.226     522.141   0.0851386     6.09808   0.0081991      1
 1060     521.458     521.373   0.0851765     3.65407   0.0297217      0
 1061     521.443     521.358   0.0851768      3.4231  0.00118558      1
 1062      521.41     521.325   0.0851813     3.11131  0.00429771      0
 1063     521.219     521.134   0.0852222     2.89791   0.0375378      0
 1064     521.089     521.004   0.0852277      2.5942  0.00793823      1
 1065      521.03     520.945   0.0852384     2.46026    0.010604      2
 1066     520.434     520.348   0.0853471     2.55904   0.0930742      0
 1067     520.378     520.293   0.0853567     2.45605  0.00857912      1
 1068     520.339     520.254   0.0853604     2.33287  0.00428803      2
 1069     520.275     520.189   0.0853809     2.32785   0.0177551      0
 1070      520.22     520.135   0.0853924     2.36033  0.00887904      0
 1071     520.192     520.106   0.0853961     2.27452  0.00443635      1
 1072     518.451     518.365   0.0861367     4.44458    0.628194      0
 1073      518.31     518.224   0.0861173     3.83753  0.00466821      1
 1074      518.21     518.124   0.0861169     3.38865  0.00488346      0
 1075     518.006      517.92   0.0861201     2.78383   0.0177026      0
 1076     517.799     517.713   0.0861213     3.09701  0.00164036      0
 1077     517.798     517.712   0.0861214     3.04783  0.000346448      1
 1078     517.785     517.699   0.0861221     2.90226  0.00237425      0
 1079     516.834     516.748    0.086282     3.17863    0.336197      0
 1080     516.542     516.456   0.0862923     2.64727   0.0133766      1
 xmin=a+b/100  
 xmin=a+b/100  
 1081     516.427      516.34   0.0863117     2.74514   0.0133766      0
 1082     516.357     516.271   0.0863219     2.55168   0.0066902      1
 1083     516.285     516.199   0.0863346     2.59996   0.0092104      2
 1084     516.214     516.128   0.0863602     2.63775   0.0166617      3
 1085     516.148     516.062   0.0863633     2.47875   0.0035105      4
 1086       516.1     516.014   0.0863719     2.48298  0.00632568      0
 1087     515.912     515.826   0.0865057     3.78277   0.0874419      0
 1088     515.688     515.601   0.0864988     2.84763  0.00343176      1
 1089     515.552     515.466   0.0865032      2.2895  0.00514928      0
 1090     515.366      515.28   0.0865631     2.37785   0.0466654      0
 1091     515.303     515.216   0.0865693     2.32711  0.00430046      0
 1092     515.283     515.197   0.0865712     2.25349  0.00215024      1
 1093     515.261     515.174   0.0865804     2.26545  0.00779463      0
 1094     515.223     515.136   0.0865906     2.32992  0.00779463      0
 1095     515.205     515.119    0.086594      2.2505  0.00387137      1
 1096     515.169     515.083    0.086606     2.35476  0.00967843      2
 1097     515.145     515.058   0.0866077     2.25599  0.00203854      3
 1098     515.132     515.045   0.0866117     2.23331  0.00356848      0
 1099      514.33     514.243   0.0870856     5.49778    0.385174      0
 1100     513.798     513.711   0.0870385     2.60091  0.00655567      1
 1101     513.715     513.628   0.0870435      2.3049  0.00983446      0
 1102     508.126     508.034    0.092533     9.13534     6.00248      0
 1103      506.34     506.248   0.0923618       7.276   0.0106666      1
 1104     505.779     505.686   0.0923773     5.80345  0.00220604      2
 1105     505.602     505.509   0.0923766     5.68741  0.00331115      0
 1106       505.3     505.207   0.0923835     6.92648   0.0300073      0
 1107     504.948     504.856   0.0923822     5.76361  0.00264937      1
 1108     504.493     504.401   0.0923824     4.77172  0.00397921      0
 1109     504.475     504.383   0.0923831     4.67248  0.000841229      1
 1110     501.087     500.994   0.0926686     8.10852    0.297798      0
 1111     500.208     500.115   0.0926616     5.51932  0.00487649      1
 1112     499.968     499.875   0.0926673     5.02318  0.00244557      0
 1113     499.812     499.719   0.0926793     4.98486  0.00457493      0
 1114     499.744     499.651   0.0926944     4.76624  0.00514346      0
 1115     499.631     499.539   0.0927007     4.65973   0.0025748      1
 1116     497.964     497.871   0.0930897     4.71758    0.138852      0
 1117     497.891     497.798   0.0930888     4.56883  0.000999783      1
 1118     497.797     497.704   0.0930986     4.42992  0.00624864      0
 1119     497.772     497.679   0.0930997      4.2289  0.000574507      0
 1120     497.693       497.6   0.0931318     4.10714     0.01917      0
 1121     497.569     497.476   0.0931325     3.71283  0.000735194      1
 1122     497.502     497.409   0.0931341     3.64689  0.00110362      0
 1123     497.495     497.402   0.0931369     3.58765  0.00163849      1
 1124     497.469     497.376   0.0931398     3.65305  0.00179891      0
 1125     497.463      497.37   0.0931415     3.56137  0.000899411      0
 1126     497.422     497.328   0.0931501     3.68527  0.00506196      0
 1127     497.406     497.313    0.093151     3.53333  0.000465474      0
 1128     497.396     497.303   0.0931556      3.4687  0.00261314      0
 1129      497.37     497.277   0.0931577     3.52086  0.00130608      0
 1130     497.365     497.272   0.0931589     3.46623  0.000653179      0
 1131     496.512     496.418   0.0935747     7.56405    0.231228      0
 1132     495.711     495.617   0.0935683     4.63874  0.000706542      1
 1133     495.594       495.5   0.0935688     4.36098  0.000147228      2
 1134     495.583     495.489    0.093569     4.32898  0.000188863      3
 1135     495.467     495.373   0.0935772     4.26963  0.00737745      0
 1136     495.375     495.281   0.0935776     4.07289  0.000281268      0
 1137     495.363     495.269   0.0935777     4.02343  0.000140831      1
 1138     495.358     495.265    0.093578     4.01334  0.000307297      0
 1139     495.327     495.234   0.0935804     4.03686  0.00223067      0
 1140     495.303     495.209   0.0935805     3.93099  0.000194342      0
 1141     495.298     495.205   0.0935809     3.92203  0.000378322      0
 1142     495.279     495.186   0.0935821     3.92656  0.00110988      0
 1143     495.269     495.176   0.0935823     3.87614  0.000227659      0
 1144     495.147     495.054   0.0935982     4.17761   0.0154467      0
 1145     494.993       494.9   0.0935982     3.43202  0.000248623      1
 1146     494.992     494.899   0.0935984     3.42418  0.000251226      0
 1147     494.953     494.859   0.0936034     3.52872  0.00520678      0
 1148     494.919     494.825   0.0936035     3.31962  0.000189498      1
 1149     494.918     494.824   0.0936037      3.3126  0.00022355      0
 1150     494.839     494.746   0.0936155     3.55799   0.0124538      0
 1151     494.763     494.669   0.0936156     3.10548  0.000196327      1
 1152     494.763     494.669   0.0936157     3.09717  9.81487e-05      0
 1153     494.762     494.669   0.0936159     3.09111  0.000216985      0
 1154      494.49     494.396   0.0936493     4.34643   0.0363759      0
 1155     494.171     494.077    0.093649     2.60583  0.000272154      1
 1156     494.163     494.069   0.0936492      2.6234  0.000230763      2
 1157     494.163     494.069   0.0936492     2.61672  4.87621e-05      0
 1158     494.162     494.069   0.0936493     2.61199  5.63297e-05      0
 1159     494.162     494.069   0.0936493     2.60874  6.91334e-05      0
 1160     494.162     494.068   0.0936495     2.60365  0.000250609      0
 1161     494.149     494.056   0.0936522     2.68703  0.00318764      0
 1162     494.142     494.049   0.0936523     2.60865  0.000121247      0
 1163     494.142     494.048   0.0936524     2.60208  6.06218e-05      0
 1164     494.142     494.048   0.0936524     2.59924  4.97936e-05      0
 1165     494.142     494.048   0.0936525     2.59594  9.72803e-05      0
 1166      494.14     494.046   0.0936535     2.58815  0.00118639      0
 1167     494.133      494.04   0.0936537     2.59931  0.000250765      0
 1168     494.133      494.04   0.0936537     2.59594  5.29797e-05      0
 1169     494.133      494.04   0.0936538     2.59292  6.59098e-05      0
 1170     494.133     494.039    0.093654     2.58762  0.000289601      0
 1171     494.124      494.03   0.0936557     2.64817  0.00198086      0
 1172      494.12     494.027   0.0936558       2.609  7.65571e-05      0
 1173      494.12     494.026   0.0936558     2.59434  7.44116e-05      0
 1174      494.12     494.026   0.0936558     2.59132  3.72063e-05      0
 1175      494.12     494.026   0.0936559     2.58875  3.86759e-05      0
 1176      494.12     494.026   0.0936559      2.5864  5.80144e-05      0
 1177     494.119     494.026   0.0936561     2.58202  0.000210302      0
 1178     494.092     493.999   0.0936636     2.77666  0.00901187      0
 1179      494.07     493.976   0.0936637      2.5734  0.00014753      1
 1180      494.07     493.976   0.0936637     2.57064  3.11714e-05      0
 1181      494.07     493.976   0.0936637     2.56928  1.55859e-05      0
 1182      494.07     493.976   0.0936638     2.56804  1.70401e-05      0
 1183      494.07     493.976   0.0936638     2.56702  1.78444e-05      0
 1184      494.07     493.976   0.0936638     2.56589  2.34513e-05      0
 1185      494.07     493.976   0.0936638     2.56429  4.14289e-05      0
 1186      494.07     493.976   0.0936639     2.56103  0.000131904      0
 1187      494.03     493.936   0.0936762     2.58629   0.0149236      0
 1188     493.995     493.901   0.0936765     2.60984  0.000244989      0
 1189     493.992     493.898   0.0936765     2.57129  5.17888e-05      1
 1190     493.991     493.897   0.0936766     2.54963  7.08981e-05      0
 1191     493.991     493.897   0.0936766     2.54752  1.49825e-05      0
 1192     493.991     493.897   0.0936766     2.54568  1.39344e-05      0
 1193     493.991     493.897   0.0936766     2.54498  6.96716e-06      0
 1194     493.991     493.897   0.0936766      2.5446  3.48357e-06      0
 1195     493.991     493.897   0.0936766      2.5445  7.36163e-07      0
 1196     493.991     493.897   0.0936766     2.54444  5.69001e-07      0
 1197     493.991     493.897   0.0936766     2.54442  2.84501e-07      0
 1198     493.991     493.897   0.0936766      2.5444  1.4225e-07      0
 1199     493.991     493.897   0.0936766     2.54439  7.11252e-08      0
 1200     493.991     493.897   0.0936766     2.54439  5.84923e-08      0
 1201     493.991     493.897   0.0936766     2.54438  2.92461e-08      0
 1202     493.991     493.897   0.0936766     2.54438  1.46231e-08      0
 1203     493.991     493.897   0.0936766     2.54438  7.31153e-09      0
 1204     493.991     493.897   0.0936766     2.54438  7.31153e-09      0
 1205     493.991     493.897   0.0936766     2.54438  1.54511e-09      0
 1206     493.991     493.897   0.0936766     2.54438  7.72554e-10      0
 1207     493.991     493.897   0.0936766     2.54438  7.72554e-10      0
 1208     493.991     493.897   0.0936766     2.54438  7.72554e-10      0
 1209     493.991     493.897   0.0936766     2.54438  1.34229e-11      0
 Line search has stagnated, try resetting step size to 1.
 1211     491.921     491.827   0.0940907     3.63887         0.5      0
 1212     491.735     491.641   0.0940929     2.50085   0.0442227      1
 1213     491.622     491.528   0.0941039     2.44906   0.0092354      0
 1214     491.569     491.475   0.0941092     2.42767  0.00458367      0
 1215     491.561     491.467   0.0941102     2.42437  0.00095084      0
 1216     491.477     491.383   0.0941108     2.63513  0.000472917      0
 1217     491.475     491.381   0.0941108      2.5243  4.18244e-05      1
 Line search has stagnated, try resetting step size to 1.
 1219     490.527     490.433   0.0942764     2.87471    0.211338      0
 1220     490.293     490.199   0.0943154     2.18244   0.0423805      1
 1221     490.256     490.162   0.0943242     2.17956  0.00886025      2
 1222      490.23     490.135   0.0943261     2.21816  0.00184364      0
 1223      490.23     490.135   0.0943261     2.21821  5.91468e-10      0
 1224      490.23     490.135   0.0943261     2.21821  5.36212e-15      0
 Line search has stagnated, try resetting step size to 1.
 1226     488.011     487.916   0.0947887     2.24317         0.5      0
 1227      487.73     487.635    0.094824     2.24133    0.044818      1
 1228     487.493     487.398   0.0948675     3.07196    0.162465      2
 1229     487.299     487.204   0.0949095     2.79201   0.0330526      3
 1230     487.229     487.134   0.0949043     2.12179  0.00698362      4
 1231     486.657     486.562   0.0950798     4.38544    0.233994      0
 1232     486.543     486.448   0.0950626     2.50891  0.00867039      1
 1233     486.383     486.288   0.0950934     2.45345   0.0394528      0
 1234     486.356     486.261   0.0950945     2.00809  0.00833788      1
 1235     485.749     485.654   0.0952502     4.35933    0.215775      0
 1236     485.693     485.598   0.0952302       2.455  0.00852753      1
 1237     485.549     485.454   0.0952682     2.83748   0.0499037      0
 1238     485.514     485.419   0.0952675     1.87629   0.0105387      1
 1239     483.176      483.08   0.0961441     4.87416     1.02917      0
 1240     482.859     482.763   0.0960931     2.73631   0.0118461      1
 1241       482.7     482.604   0.0961035     2.25175   0.0177709      0
 1242     482.662     482.566   0.0961038     2.66383  0.000626884      0
 1243      482.64     482.544   0.0961038     2.41762  2.50024e-05      1
 1244     482.636      482.54   0.0961038     2.32438  3.16053e-05      0
 1245     482.636      482.54   0.0961038     2.32041  2.90876e-06      0
 Line search has stagnated, try resetting step size to 1.
 1247      482.44     482.344   0.0961253     2.82243    0.092174      0
 1248     482.272     482.176   0.0961363     2.14998  0.00792084      1
 1249     482.243     482.147    0.096141     2.07375  0.00392641      0
 1250     482.231     482.135   0.0961433      2.0457  0.00194482      0
 1251     482.226      482.13   0.0961444     2.03336  0.000958425      0
 1252     482.157     482.061   0.0961449     1.87974  0.000467021      0
 1253     482.143     482.046    0.096145     1.92183  9.85105e-05      0
 Line search has stagnated, try resetting step size to 1.
 1255     481.117     481.021   0.0965391     4.61097         0.5      0
 1256     481.056      480.96     0.09652     3.15832  0.00689201      1
 1257     480.864     480.767   0.0965684     2.66146   0.0362653      0
 1258      480.83     480.733   0.0965699     2.01881  0.00766378      1
 1259     480.666     480.569   0.0966199     1.97947   0.0428693      0
 1260     480.658     480.562   0.0966213      1.9647   0.0016534      1
 1261     480.654     480.558   0.0966222     1.95862  0.000824533      0
 1262     480.652     480.556   0.0966226     1.95596  0.00041014      0
 1263     480.618     480.521   0.0966228     2.24339  0.000202993      0
 1264     480.613     480.516   0.0966228     2.14219  1.82762e-05      1
 1265     480.612     480.516   0.0966228     2.09962  1.68425e-05      0
 1266     480.612     480.516   0.0966228     2.09839  6.72684e-07      0
 Line search has stagnated, try resetting step size to 1.
 1268     480.314     480.217   0.0967856     5.01591    0.211225      0
 1269     480.147     480.051   0.0967664      2.9523  0.00687244      1
 1270      479.99     479.893   0.0967999     1.98941   0.0249126      0
 1271     479.971     479.875   0.0968051     1.94916  0.00514948      1
 1272     479.962     479.865   0.0968079     1.93706  0.00253616      0
 1273     479.932     479.835   0.0968092       2.438  0.00123252      0
 1274     479.892     479.795   0.0968092     1.86579  4.78157e-05      1
 1275     479.886      479.79   0.0968094     1.94319  0.000315039      0
 1276     479.886      479.79   0.0968095     1.92823  1.23178e-05      0
 Line search has stagnated, try resetting step size to 1.
 1278     479.662     479.565   0.0969666     3.48087    0.211318      0
 1279     479.576     479.479   0.0969623     2.34746   0.0171196      1
 1280     479.567      479.47   0.0969645     2.32973  0.00147142      0
 1281     479.363     479.266   0.0969647      1.8515  0.000132275      0
 Line search has stagnated, try resetting step size to 1.
 1283     478.433     478.336   0.0973912     4.19887         0.5      1
 1284     478.363     478.265   0.0973519      2.3381   0.0149921      2
 1285     478.302     478.205   0.0973599     2.19662  0.00742964      0
 1286     478.203     478.106   0.0973636     2.65869  0.00365431      0
 1287     478.132     478.035   0.0973635     1.93635  5.89912e-05      1
 1288     478.127      478.03   0.0973638     2.00378  0.000534607      0
 1289     478.127      478.03   0.0973638     1.98863  2.09881e-05      0
 1290     478.127      478.03   0.0973638     1.98295  1.04936e-05      0
 Line search has stagnated, try resetting step size to 1.
 1292     477.996     477.898     0.09747     3.68394    0.211302      0
 1293      477.88     477.782   0.0974727     2.79058  0.00735088      1
 1294     477.798       477.7   0.0974857     2.47999  0.00735088      0
 1295     477.782     477.685   0.0974882     2.43745  0.00150963      0
 1296     477.775     477.678   0.0974894     2.41799  0.000750016      0
 1297     477.584     477.486     0.09749     2.02121  0.000370533      0
 1298     477.583     477.486   0.0974905     2.00783  0.000549244      1
 1299     477.577      477.48   0.0974908      2.0693  0.000274567      0
 1300     477.577     477.479   0.0974909     2.03775  5.78055e-05      0
 1301     477.577     477.479   0.0974909     2.03656  5.32817e-06      0
 1302     477.577     477.479   0.0974909     2.03631  1.12597e-06      0
 1303     477.577     477.479   0.0974909     2.03609  1.05841e-06      0
 1304     477.577     477.479   0.0974909     2.03598  5.29204e-07      0
 1305     477.577     477.479   0.0974909     2.03592  2.64602e-07      0
 1306     477.577     477.479   0.0974909     2.03591  5.59169e-08      0
 1307     477.577     477.479   0.0974909      2.0359  2.79585e-08      0
 1308     477.577     477.479   0.0974909      2.0359  5.90832e-09      0
 1309     477.577     477.479   0.0974909      2.0359  6.1445e-09      0
 1310     477.577     477.479   0.0974909      2.0359  3.07225e-09      0
 1311     477.577     477.479   0.0974909      2.0359  6.49243e-10      0
 1312     477.577     477.479   0.0974909      2.0359  3.24621e-10      0
 1313     477.577     477.479   0.0974909      2.0359  2.99288e-11      0
 1314     477.577     477.479   0.0974909      2.0359  6.32471e-12      0
 1315     477.577     477.479   0.0974909      2.0359  6.32471e-12      0
 1316     477.577     477.479   0.0974909      2.0359  3.16235e-12      0
 Line search has stagnated, try resetting step size to 1.
 1318     477.496     477.399    0.097589     3.21688   0.0921731      0
 1319     477.466     477.369    0.097586     2.78191    0.003469      1
 1320      477.45     477.353   0.0975885      2.6864  0.00171141      0
 1321     477.394     477.296   0.0975896     3.25501  0.000834021      0
 1322     477.251     477.153   0.0975896     2.35374  7.40702e-05      1
 1323     477.251     477.153   0.0975896     2.34856  1.56497e-05      0
 1324     477.251     477.153   0.0975896     2.34631  7.82473e-06      0
 1325     477.251     477.153   0.0975896      2.3461  7.21382e-07      0
 1326     477.251     477.153   0.0975896     2.34606  1.52446e-07      0
 1327     477.251     477.153   0.0975896     2.34604  7.6223e-08      0
 1328     477.251     477.153   0.0975896     2.34603  3.81115e-08      0
 Line search has stagnated, try resetting step size to 1.
 Line search has stagnated, and resetting step size to 1 did not help, now breaking out.
Saving adjoint restart file: IR-UaOpt-ConjGrad-UaOptimization-Nod6-I-Adjoint-Cga1k000000-Cgs10k000000-Aga1k000000-Ags10k000000-0-0-logAGlenlogC 
  saving C and m  in file C-Estimate.mat 
  saving AGlen and m in file AGlen-Estimate.mat 
  Calling UaOutputs. UaOutputsInfostring=End of Inverse Run , UaOutputsCounter=2 
  Allt gott þá endirinn er allra bestur! 
 Run finishes at 08-Mar-2017 12:33:22 
 >> 