
                            < M A T L A B (R) >
                  Copyright 1984-2016 The MathWorks, Inc.
                   R2016b (9.1.0.441655) 64-bit (glnxa64)
                             September 7, 2016

 
To get started, type one of these: helpwin, helpdesk, or demo.
For product information, visit www.mathworks.com.
 

	Non-Degree Granting Education License -- for use at non-degree granting, nonprofit,
	educational organizations only.  Not for government, commercial, or other organizational use.

>> >> >> >> >> >> >> >> >>  On input UserVar=100.000000 

 
 **************************     Úa version: 13 Jan 2017  ********************** 
    Run starts at 04-Mar-2017 15:30:06  
    Experiment: UaOpt-ConjGrad  
    Inverse-modelling run.  
 	CtrlVar.Inverse.InvertFor='logAGlenlogC'
	CtrlVar.Inverse.Regularize.Field='logAGlenlogC'
	CtrlVar.Inverse.DataMisfit.GradientCalculation='Adjoint'
   Running on: bslicea.nerc-bas.ac.uk
 ***************************************************************************** 
 
 loading an initial mesh from PIG-TWG-Mesh.mat 
 Number of integration points: nip=7 niph=7 
 #Elements: 38912, #Nod: 6,  # Nodes=78485. Elements have max, mean, median, and min sizes of 30023.5,  4871.99,  3934.02,  862.062,   respectively. 
 MUA was saved in MeshFile.mat .
Loading Interpolants for s, b and B done
DefineIceDensity: loading file: FirnThickOnly.mat  done 
 Defining interpolants 
 Setting h(h<50)=50 
  Using DefineBoundaryConditions.m to define boundary conditions 
Loading interpolants for surface velocity data done.
 Setting h(h<50)=50 
  Calling UaOutputs. UaOutputsInfostring=Start of Inverse Run , UaOutputsCounter=1 
 
 ===========   Inverting for model parameters. ================  

 +++++++++++ At start of inversion:  	 J=4806.99 	 I=4806.99 	 R=0  |grad|=127.826 	 	 gamma=0.0999032 
 

   It         J           I          R         |grad|      gamma   #ccUpdate
    0     4806.99     4806.99           0     127.826   0.0999032      0
    1     3725.63     3725.63  0.000210318     64.0728   0.0964731      0
    2     3642.95     3642.95  0.000213088     98.6218   0.0500766      1
    3     3580.75     3580.75  0.000243255     69.1379   0.0125192      2
    4     2945.86     2945.86  0.000530837      71.281    0.113455      3
    5     2839.65     2839.65  0.000644476     68.6295   0.0369442      4
    6     2823.31     2823.31  0.000633091     51.6167  0.00698417      5
    7     2557.55     2557.55  0.00117603     267.821    0.158235      6
    8     2516.84     2516.84  0.00103142     127.105  0.00133542      7
    9     2416.68     2416.68  0.00105542     64.6592   0.0138237      0
   10     2361.48     2361.48  0.00114402     74.8618   0.0216033      1
   11     2338.56     2338.55   0.0011405     60.6856   0.0107725      2
   12     2274.42     2274.42  0.00126495     80.4088   0.0269313      3
   13     2257.81      2257.8  0.00124779     53.2378  0.00511067      4
   14     2119.53     2119.53  0.00158108      38.746   0.0798543      0
   15     2104.89     2104.89  0.00159093     24.0213   0.0149217      1
   16     2059.35     2059.35  0.00202777     58.0526    0.135228      0
   17     2052.76     2052.76  0.00191335     23.6467  0.00598373      1
   18     2031.04     2031.03   0.0021275     38.8654   0.0844295      0
   19     2023.72     2023.72  0.00209454     20.5433  0.00967558      1
   20     2001.89     2001.89  0.00238261     41.2695    0.087685      0
   21     1998.36     1998.36  0.00231991     20.3884  0.00547753      1
   22     1983.22     1983.21  0.00254512     33.1593   0.0773186      0
   23     1978.68     1978.68  0.00250074     16.8605   0.0103817      1
   24     1918.51     1918.51  0.00386173     65.0952    0.356426      0
   25     1909.24     1909.23  0.00359807     31.0069  0.00413261      1
   26      1899.7      1899.7  0.00364993     14.4962    0.019414      0
   27      1896.7      1896.7  0.00373207     17.3345    0.026084      1
   28     1895.25     1895.25  0.00373768     14.0631   0.0129852      2
   29     1892.11      1892.1  0.00383565     18.1915   0.0259383      3
   30      1890.9      1890.9  0.00383077     13.4322  0.00547018      4
   31     1864.67     1864.67  0.00510203     41.5426    0.281381      0
   32     1857.36     1857.36  0.00471133     19.2757  0.00911918      1
   33     1850.75     1850.75  0.00487695     15.3179   0.0308917      0
   34     1849.47     1849.47  0.00489521     13.6512   0.0153847      1
   35     1847.35     1847.35  0.00497175     14.1802   0.0172936      2
   36     1846.13     1846.13  0.00498739      11.791  0.00868323      3
   37      1818.6     1818.59  0.00644141     29.3173    0.279079      4
   38     1815.74     1815.73  0.00605906     12.9468  0.00853443      5
   39     1807.89     1807.88  0.00602824      20.019   0.0957482      0
   40     1805.89     1805.88   0.0060674     12.6378    0.007472      1
   41     1801.26     1801.25  0.00629062      16.699    0.050843      0
   42     1800.39     1800.39  0.00626865       11.75  0.00453666      1
   43     1795.68     1795.67  0.00648457     17.9914   0.0659572      0
   44     1794.48     1794.47  0.00645897     12.1409  0.00550559      1
   45     1790.48     1790.47  0.00661272     15.9637   0.0492868      0
   46     1789.68     1789.68  0.00659907      11.331  0.00441327      1
   47     1785.17     1785.17    0.006782     18.1645   0.0689573      0
   48     1783.96     1783.95  0.00675988      11.797  0.00564212      1
   49     1780.08     1780.07  0.00690586     15.8091   0.0502965      0
   50      1779.3     1779.29  0.00689213      11.084  0.00449171      1
   51     1774.97     1774.97  0.00706112     17.6365   0.0673693      0
   52     1773.87     1773.86  0.00704181     11.4655  0.00559087      1
   53     1770.12     1770.11  0.00718489     15.4453   0.0506673      0
   54     1769.39     1769.38  0.00717152     10.8858  0.00452993      1
   55     1765.28     1765.27  0.00733302     17.3635   0.0660413      0
   56     1764.25     1764.24  0.00731473     11.1962  0.00551721      1
   57     1760.66     1760.65  0.00745426     14.9964   0.0499998      0
   58     1759.99     1759.99  0.00744192     10.7244  0.00448458      1
   59     1756.09     1756.08   0.0076002     17.5159   0.0654831      0
   60     1755.08     1755.07  0.00758077     10.9899  0.00542891      1
   61     1751.62     1751.62   0.0077172     14.7827   0.0491995      0
   62        1751        1751  0.00770517     10.5913  0.00441431      1
   63     1747.29     1747.29  0.00785786     17.3823   0.0635955      0
   64     1746.34     1746.34  0.00783878     10.8308  0.00528195      1
   65     1743.05     1743.04  0.00797043     14.5821   0.0478677      0
   66     1742.48     1742.47  0.00795904     10.4848   0.0042993      1
   67     1738.92     1738.92  0.00810873     17.3262   0.0624511      0
   68     1738.01        1738  0.00808936     10.7301  0.00517761      1
   69     1734.84     1734.83  0.00821747      14.482   0.0469221      0
   70     1734.28     1734.28  0.00820642     10.4029  0.00421549      1
   71     1730.85     1730.84  0.00835405     17.1618   0.0615756      0
   72     1729.97     1729.96  0.00833489     10.6663  0.00511646      1
   73     1726.88     1726.87  0.00846056     14.3648   0.0463679      0
   74     1726.34     1726.33  0.00844996     10.3409  0.00416953      1
   75     1722.95     1722.94  0.00859828     17.1055    0.061738      0
   76     1722.07     1722.06  0.00857867     10.6233  0.00512559      1
   77        1719     1718.99  0.00870376     14.3257   0.0464506      0
   78     1718.47     1718.46  0.00869325        10.3  0.00417698      1
   79     1715.09     1715.08    0.008842     16.9722   0.0617651      0
   80     1714.22     1714.21  0.00882252     10.5961  0.00514405      1
   81     1711.18     1711.17  0.00894806     14.2622   0.0466179      0
   82     1710.64     1710.64   0.0089377     10.2732   0.0041947      1
   83     1707.26     1707.25  0.00908678     16.7514   0.0615373      0
   84     1706.42     1706.41  0.00906789      10.574  0.00515898      1
   85     1703.36     1703.35  0.00919397     14.1575   0.0467533      0
   86     1702.83     1702.82  0.00918392     10.2534  0.00421193      1
   87     1699.48     1699.47  0.00933684     16.8591    0.062747      0
   88      1698.6     1698.59  0.00931683     10.5568  0.00523735      1
   89     1695.55     1695.54  0.00944513     14.1968   0.0474635      0
   90     1695.01        1695   0.0094347     10.2399  0.00427323      1
   91     1691.64     1691.63  0.00959031     16.8734    0.063677      0
   92     1690.75     1690.74  0.00956983     10.5439  0.00530887      1
   93     1687.68     1687.67  0.00969924     14.2194   0.0481117      0
   94     1687.13     1687.12  0.00968856     10.2293  0.00432973      1
   95     1683.74     1683.73  0.00984162     16.5432   0.0631012      0
   96     1682.88     1682.87  0.00982265      10.528  0.00531919      1
   97     1679.79     1679.78  0.00995162      14.059   0.0482052      0
   98     1679.25     1679.24  0.00994149     10.2128  0.00434668      1
   99      1675.8     1675.79   0.0100994     16.8997   0.0655632      0
  100     1674.88     1674.87   0.0100783     10.5223  0.00545408      1
  101     1671.74     1671.73   0.0102095     14.2409   0.0494276      0
  102     1671.17     1671.16   0.0101984     10.2121  0.00444565      1
  103     1667.71      1667.7   0.0103554     16.7755   0.0658959      0
  104     1666.79     1666.78   0.0103349     10.5175  0.00550605      1
  105     1663.62     1663.61   0.0104658     14.1734   0.0498986      0
  106     1663.06     1663.05    0.010455     10.2125  0.00449216      1
  107     1659.52     1659.51   0.0106133     16.9071   0.0673107      0
  108     1658.57     1658.56   0.0105921     10.5349   0.0055988      1
  109     1655.31      1655.3   0.0107238     14.2349   0.0507391      0
  110     1654.74     1654.73   0.0107128     10.2286  0.00456451      1
  111     1651.13     1651.12   0.0108706     16.8723   0.0680271      0
  112     1650.18     1650.16   0.0108499     10.5602  0.00566986      1
  113      1646.9     1646.89   0.0109817     14.2665   0.0513831      0
  114     1646.31      1646.3   0.0109706     10.2573  0.00462302      1
  115     1642.64     1642.63   0.0111286     16.9529   0.0691505      0
  116     1641.67     1641.66   0.0111078     10.5953  0.00575339      1
  117     1638.31      1638.3   0.0112399     14.3015   0.0521401      0
  118     1637.71      1637.7   0.0112288     10.2873  0.00469092      1
  119     1633.96     1633.94   0.0113847     16.8048   0.0693213      0
  120     1632.99     1632.98   0.0113651     10.6295  0.00580537      1
  121     1629.56     1629.55   0.0114969     14.2604   0.0526111      0
  122     1628.96     1628.94   0.0114861     10.3168  0.00473818      1
  123      1625.1     1625.09   0.0116424      16.875   0.0704822      0
  124     1624.11      1624.1   0.0116228     10.6702  0.00589475      1
  125     1620.63     1620.62   0.0117553      14.337   0.0534211      0
  126     1620.01        1620   0.0117443     10.3516  0.00480896      1
  127     1616.12     1616.11    0.011903     17.0962   0.0724513      0
  128     1615.08     1615.07   0.0118825      10.704  0.00601906      1
  129     1611.52      1611.5   0.0120166     14.4468   0.0545477      0
  130     1610.87     1610.86   0.0120051     10.3821  0.00490502      1
  131     1606.88     1606.87   0.0121649     17.1791   0.0736954      0
  132     1605.81      1605.8   0.0121442     10.7456  0.00611196      1
  133     1602.16     1602.15   0.0122796     14.4952   0.0553897      0
  134      1601.5     1601.49    0.012268     10.4145  0.00497972      1
  135     1597.42     1597.41   0.0124293     17.2234   0.0749473      0
  136     1596.33     1596.32   0.0124087     10.7828  0.00621376      1
  137     1592.61     1592.59   0.0125461     14.5638   0.0563122      0
  138     1591.93     1591.92   0.0125343     10.4561  0.00506093      1
  139     1587.74     1587.73    0.012699     17.3552   0.0765816      0
  140     1586.61      1586.6    0.012678     10.8325  0.00632843      1
  141      1582.8     1582.79   0.0128195     14.6683   0.0573514      0
  142      1582.1     1582.09   0.0128071     10.5064   0.0051508      1
  143     1577.83     1577.82    0.012972     17.1149   0.0762446      0
  144     1576.73     1576.72   0.0129517     10.8826  0.00637141      1
  145     1572.83     1572.82   0.0130904     14.5912   0.0577409      0
  146     1572.13     1572.12   0.0130786     10.5603  0.00519564      1
  147     1567.72     1567.71   0.0132412     17.3012   0.0781669      0
  148     1566.58     1566.56   0.0132214     10.9502  0.00650382      1
  149     1562.54     1562.53   0.0133615     14.7423   0.0589408      0
  150     1561.82     1561.81   0.0133494     10.6331  0.00529761      1
  151     1557.26     1557.25   0.0135133     17.4014   0.0794024      0
  152     1556.08     1556.06   0.0134936     11.0399  0.00660384      1
  153     1551.94     1551.93   0.0136358     14.8805   0.0598473      0
  154      1551.2     1551.18   0.0136234     10.7256  0.00537613      1
  155      1546.5     1546.49   0.0137895     17.5633   0.0806723      0
  156     1545.28     1545.27   0.0137696      11.146  0.00669614      1
  157        1541     1540.98    0.013914     15.0047   0.0606838      0
  158     1540.23     1540.21   0.0139015     10.8285  0.00544995      1
  159     1535.35     1535.34   0.0140701     17.7486   0.0819802      0
  160     1534.08     1534.07     0.01405     11.2712  0.00678919      1
  161     1529.66     1529.64   0.0141967     15.1828   0.0615271      0
  162     1528.86     1528.84   0.0141838      10.952  0.00552213      1
  163     1523.82      1523.8    0.014354     17.9612   0.0832774      0
  164      1522.5     1522.49   0.0143338     11.4117  0.00687839      1
  165     1517.89     1517.88   0.0144822      15.375   0.0623354      0
  166     1517.06     1517.05   0.0144691     11.0894  0.00559054      1
  167     1511.78     1511.77   0.0146425     18.2755   0.0847818      0
  168     1510.41      1510.4   0.0146219     11.5784  0.00696045      1
  169     1505.59     1505.57   0.0147737     15.6127   0.0630791      0
  170     1504.72     1504.71   0.0147602     11.2384  0.00565014      1
  171     1499.17     1499.16   0.0149413     18.8333   0.0874897      0
  172     1497.69     1497.67   0.0149188     11.7659  0.00706718      1
  173     1492.73     1492.71   0.0150762     16.0057   0.0640463      0
  174     1491.79     1491.78   0.0150613     11.3942   0.0057179      1
  175     1486.16     1486.14   0.0152395      18.591   0.0855413      0
  176      1484.7     1484.69   0.0152189     11.8843  0.00702247      1
  177     1479.56     1479.55   0.0153739      15.883   0.0636411      0
  178     1478.65     1478.64   0.0153605     11.4908    0.005701      1
  179     1472.64     1472.63   0.0155407     18.7395   0.0864695      0
  180     1471.13     1471.12   0.0155211     11.9749  0.00707949      1
  181     1466.01        1466   0.0156879     16.0035   0.0641579      0
  182     1465.06     1465.05   0.0156722      11.534  0.00574364      1
  183     1459.35     1459.34   0.0158481     18.5654   0.0857244      0
  184     1457.85     1457.84   0.0158284     11.9619  0.00707768      1
  185     1452.76     1452.75   0.0159798     15.8694   0.0641414      0
  186     1451.82      1451.8   0.0159662     11.4873  0.00575075      1
  187     1446.18     1446.16   0.0161312     18.3158   0.0854854      0
  188     1444.71     1444.69   0.0161141     11.8528  0.00710128      1
  189     1439.71     1439.69   0.0162627     15.6913   0.0643554      0
  190     1438.78     1438.76   0.0162495     11.3567  0.00577377      1
  191      1433.3     1433.29    0.016407     17.9297   0.0848257      0
  192     1431.88     1431.87   0.0163917     11.6443  0.00709938      1
  193     1427.01        1427   0.0165356     15.3022   0.0643381      0
  194     1426.13     1426.11   0.0165231     11.1381  0.00578553      1
  195     1420.85     1420.83    0.016678     17.5442   0.0849197      0
  196     1419.48     1419.47   0.0166631     11.3825  0.00714201      1
  197     1414.81     1414.79   0.0168067     14.9878   0.0647245      0
  198     1413.95     1413.93   0.0167941     10.8993  0.00582464      1
  199     1408.93     1408.91   0.0169464     17.0795   0.0844929      0
  200     1407.63     1407.61   0.0169321     11.1078  0.00715481      1
  201     1403.15     1403.14   0.0170744     14.5978   0.0648405      0
  202     1402.34     1402.33   0.0170621     10.6664  0.00584562      1
  203      1397.5     1397.48   0.0172135     16.8062   0.0850546      0
  204     1396.24     1396.22   0.0171992     10.8549  0.00721091      1
  205     1391.91     1391.89   0.0173424     14.3458   0.0653489      0
  206     1391.13     1391.11   0.0173298      10.462  0.00589249      1
  207     1386.47     1386.45   0.0174808     16.5543   0.0851542      0
  208     1385.25     1385.24   0.0174663     10.6259  0.00723004      1
  209     1381.06     1381.05   0.0176094     14.1057   0.0655223      0
  210     1380.31      1380.3   0.0175965     10.2784  0.00590983      1
  211     1375.82     1375.81   0.0177443     16.3411   0.0846661      0
  212     1374.66     1374.64   0.0177303     10.4097  0.00719517      1
  213     1370.62      1370.6   0.0178723     13.8862   0.0652062      0
  214      1369.9     1369.88   0.0178594     10.1014  0.00588186      1
  215     1365.62      1365.6   0.0180035     16.1173   0.0831237      0
  216     1364.51     1364.49   0.0179898     10.1974  0.00707188      1
  217     1360.67     1360.65   0.0181295     13.6995   0.0640889      0
  218     1359.99     1359.97   0.0181165     9.91584  0.00577921      1
  219     1355.98     1355.96   0.0182545     15.8729   0.0803785      0
  220     1354.93     1354.91   0.0182414      9.9978  0.00684118      1
  221     1351.36     1351.35   0.0183759      13.608   0.0619982      0
  222     1350.71      1350.7   0.0183628     9.72019   0.0055827      1
  223     1347.01     1346.99   0.0184947     15.5151   0.0766681      0
  224     1346.04     1346.02   0.0184822     9.82649  0.00653877      1
  225      1342.8     1342.79   0.0186108     13.5741   0.0592576      0
  226     1342.18     1342.16   0.0185976     9.52787  0.00532652      1
  227     1338.78     1338.76   0.0187262     15.1891    0.073493      0
  228     1337.87     1337.85   0.0187137     9.67294  0.00627526      1
  229     1334.93     1334.91   0.0188377     13.4295   0.0568696      0
  230     1334.33     1334.31   0.0188247     9.34468  0.00511143      1
  231      1331.2     1331.18   0.0189502     14.7468   0.0709698      0
  232     1330.35     1330.33   0.0189376     9.51296  0.00609791      1
  233     1327.61      1327.6   0.0190536     13.1426   0.0552624      0
  234     1327.04     1327.02   0.0190419     9.17458  0.00497539      1
  235     1324.12      1324.1   0.0191624     14.2601   0.0689248      0
  236     1323.33     1323.31    0.019151     9.33471   0.0059734      1
  237     1320.73     1320.72   0.0192631     12.7344   0.0541339      0
  238      1320.2     1320.19   0.0192527     9.01046  0.00488851      1
  239      1317.4     1317.38   0.0193745     14.0452   0.0686962      0
  240     1316.64     1316.62   0.0193626     9.16476  0.00596027      1
  241     1314.13     1314.11   0.0194748     12.5175    0.054015      0
  242     1313.62      1313.6   0.0194644     8.85882  0.00488066      1
  243      1310.9     1310.88   0.0195857     13.8201   0.0684731      0
  244     1310.17     1310.15   0.0195735     9.00858  0.00595243      1
  245     1307.74     1307.72   0.0196841     12.3067   0.0539439      0
  246     1307.25     1307.23    0.019674     8.72421  0.00487795      1
  247     1304.61     1304.59   0.0197956     13.6872   0.0686768      0
  248      1303.9     1303.88   0.0197831      8.8703  0.00596917      1
  249     1301.52      1301.5    0.019894      12.165   0.0540956      0
  250     1301.04     1301.02   0.0198839     8.60771  0.00489211      1
  251     1298.45     1298.43   0.0200074     13.5824   0.0689154      0
  252     1297.75     1297.73   0.0199945     8.75214  0.00598722      1
  253     1295.42      1295.4   0.0201076     12.0509   0.0542592      0
  254     1294.95     1294.93   0.0200971     8.51034  0.00490706      1
  255     1292.45     1292.43   0.0202212     13.3898    0.068506      0
  256     1291.77     1291.75   0.0202079     8.65853  0.00596885      1
  257      1289.5     1289.48    0.020319     11.9008   0.0540927      0
  258     1289.05     1289.03   0.0203089     8.43725  0.00489629      1
  259     1286.58     1286.56   0.0204321     13.3491   0.0687493      0
  260     1285.91     1285.89   0.0204188     8.58781  0.00598507      1
  261     1283.67     1283.65   0.0205301     11.8496   0.0542397      0
  262     1283.22      1283.2   0.0205199     8.38306  0.00490886      1
  263     1280.78     1280.76   0.0206438     13.2956   0.0687716      0
  264     1280.12      1280.1   0.0206304     8.53695  0.00598744      1
  265      1277.9     1277.88   0.0207424     11.8037   0.0542611      0
  266     1277.45     1277.43   0.0207321     8.34561  0.00491092      1
  267     1275.03     1275.01   0.0208576     13.2952   0.0689331      0
  268     1274.37     1274.35   0.0208437     8.50125  0.00599552      1
  269     1272.16     1272.14   0.0209569      11.789   0.0543344      0
  270     1271.72      1271.7   0.0209465     8.32081  0.00491654      1
  271      1269.3     1269.28   0.0210734     13.2913    0.068959      0
  272     1268.64     1268.62   0.0210592      8.4797  0.00599465      1
  273     1266.44     1266.42   0.0211736     11.7798   0.0543265      0
  274        1266     1265.98    0.021163     8.30741   0.0049155      1
  275     1263.61     1263.59   0.0212911     13.2681   0.0687623      0
  276     1262.95     1262.93   0.0212768     8.47125  0.00598011      1
  277     1260.76     1260.74   0.0213921     11.7654   0.0541947      0
  278     1260.32      1260.3   0.0213815     8.30443  0.00490409      1
  279     1257.94     1257.92   0.0215107     13.2517   0.0684938      0
  280     1257.28     1257.26   0.0214961     8.47227  0.00595961      1
  281      1255.1     1255.08   0.0216115     11.7537    0.054009      0
  282     1254.67     1254.65   0.0216009     8.30694  0.00488817      1
  283     1252.29     1252.27    0.021729     13.2716   0.0683571      0
  284     1251.64     1251.62   0.0217146     8.47683   0.0059452      1
  285     1249.46     1249.44   0.0218291     11.7608   0.0538784      0
  286     1249.02        1249   0.0218186     8.31162  0.00487616      1
  287     1246.65     1246.62   0.0219467     13.2857   0.0681541      0
  288     1245.99     1245.97   0.0219323     8.48325  0.00592614      1
  289     1243.81     1243.79   0.0220469     11.7621   0.0537056      0
  290     1243.38     1243.36   0.0220364      8.3164   0.0048607      1
  291     1241.01     1240.99   0.0221637     13.2864   0.0678411      0
  292     1240.36     1240.34   0.0221494     8.48954  0.00589987      1
  293     1238.18     1238.16   0.0222632     11.7498   0.0534676      0
  294     1237.75     1237.73   0.0222529     8.31895  0.00484002      1
  295     1235.38     1235.36   0.0223803      13.328   0.0678138      0
  296     1234.72      1234.7   0.0223658     8.49836  0.00589079      1
  297     1232.55     1232.53   0.0224798     11.7879   0.0533853      0
  298     1232.12      1232.1   0.0224693     8.32171  0.00483078      1
  299     1229.76     1229.74   0.0225969     13.2701   0.0676237      0
  300     1229.11     1229.09   0.0225827     8.48856  0.00588196      1
  301     1226.95     1226.93    0.022697     11.7749   0.0533053      0
  302     1226.52      1226.5   0.0226865     8.31788  0.00482388      1
  303     1224.17     1224.15    0.022814     13.2288   0.0672531      0
  304     1223.53     1223.51      0.0228     8.47864  0.00585589      1
  305     1221.39     1221.36   0.0229143      11.733    0.053069      0
  306     1220.96     1220.94   0.0229039     8.30515  0.00480416      1
  307     1218.63      1218.6   0.0230317     13.2055   0.0670235      0
  308     1217.99     1217.96   0.0230176     8.46175  0.00583759      1
  309     1215.85     1215.83   0.0231323     11.6956   0.0529032      0
  310     1215.43      1215.4   0.0231219     8.28424  0.00478996      1
  311     1213.11     1213.09   0.0232499      13.149   0.0666698      0
  312     1212.48     1212.46   0.0232357     8.43762  0.00581233      1
  313     1210.37     1210.34     0.02335     11.6357   0.0526742      0
  314     1209.95     1209.92   0.0233398     8.25611  0.00477097      1
  315     1207.66     1207.63    0.023467     13.0997   0.0664863      0
  316     1207.03        1207    0.023453     8.40706  0.00579878      1
  317     1204.93     1204.91    0.023567     11.5984   0.0525515      0
  318     1204.52      1204.5   0.0235568      8.2223  0.00475982      1
  319     1202.24     1202.22   0.0236844     13.0605   0.0664536      0
  320     1201.62      1201.6   0.0236703     8.36047  0.00579476      1
  321     1199.54     1199.52   0.0237848       11.54    0.052515      0
  322     1199.13     1199.11   0.0237745     8.17518  0.00475703      1
  323     1196.88     1196.85   0.0239031     12.9565   0.0663668      0
  324     1196.27     1196.24    0.023889      8.2999  0.00579391      1
  325     1194.23      1194.2   0.0240047     11.4675   0.0525073      0
  326     1193.82      1193.8   0.0239943      8.1211  0.00475723      1
  327     1191.63      1191.6   0.0241223     12.8131   0.0658891      0
  328     1191.03        1191   0.0241083     8.24042  0.00576624      1
  329     1189.03     1189.01   0.0242223     11.3476   0.0522565      0
  330     1188.63     1188.61   0.0242122     8.06163  0.00473762      1
  331     1186.48     1186.46   0.0243387     12.6913   0.0655867      0
  332      1185.9     1185.87    0.024325     8.17224  0.00574838      1
  333     1183.93     1183.91   0.0244384     11.2316   0.0520947      0
  334     1183.55     1183.52   0.0244285     7.99401  0.00472533      1
  335     1181.44     1181.41   0.0245549     12.5851   0.0654448      0
  336     1180.86     1180.84   0.0245412     8.09659  0.00574055      1
  337     1178.93     1178.91   0.0246546      11.122   0.0520237      0
  338     1178.55     1178.53   0.0246447     7.92062  0.00472044      1
  339     1176.48     1176.45   0.0247715     12.4854   0.0654024      0
  340     1175.91     1175.89   0.0247577     8.01507  0.00573951      1
  341     1174.01     1173.99   0.0248713     11.0145   0.0520143      0
  342     1173.64     1173.62   0.0248615     7.84291   0.0047207      1
  343      1171.6     1171.57    0.024989     12.4042   0.0655151      0
  344     1171.04     1171.02   0.0249749     7.92855  0.00574862      1
  345     1169.17     1169.14   0.0250891     10.9154   0.0520969      0
  346      1168.8     1168.78   0.0250791     7.76206  0.00472871      1
  347     1166.83      1166.8   0.0252062     12.1833    0.064854      0
  348     1166.29     1166.27   0.0251923     7.84852  0.00571074      1
  349     1164.49     1164.46    0.025305     10.7465   0.0517536      0
  350     1164.14     1164.11   0.0252954     7.68544  0.00470241      1
  351     1162.21     1162.19   0.0254203     12.0446   0.0646097      0
  352     1161.69     1161.66   0.0254069     7.76755  0.00569726      1
  353     1159.92      1159.9   0.0255186     10.6178   0.0516315      0
  354     1159.58     1159.55   0.0255093     7.60844  0.00469353      1
  355      1157.7     1157.67   0.0256338     11.9087   0.0643871      0
  356     1157.19     1157.16   0.0256205     7.68757  0.00568508      1
  357     1155.46     1155.43   0.0257318     10.4928   0.0515211      0
  358     1155.13      1155.1   0.0257225     7.53389  0.00468575      1
  359     1153.28     1153.26   0.0258462     11.7926   0.0642695      0
  360     1152.78     1152.76    0.025833     7.60992  0.00567978      1
  361     1151.09     1151.06    0.025944     10.3804    0.051473      0
  362     1150.76     1150.74   0.0259348     7.46134  0.00468302      1
  363     1148.96     1148.93   0.0260586     11.6777   0.0641493      0
  364     1148.47     1148.44   0.0260454     7.53649  0.00567438      1
  365     1146.81     1146.79   0.0261564     10.2778    0.051424      0
  366     1146.49     1146.47   0.0261473     7.39464  0.00468005      1
  367     1144.73      1144.7   0.0262705     11.5692   0.0641028      0
  368     1144.24     1144.22   0.0262573     7.46568  0.00567512      1
  369     1142.62     1142.59   0.0263675     10.1851   0.0514308      0
  370      1142.3     1142.28   0.0263585     7.33193  0.00468185      1
  371     1140.57     1140.54    0.026481     11.4725   0.0640121      0
  372      1140.1     1140.07   0.0264679     7.40166  0.00567136      1
  373      1138.5     1138.47   0.0265777     10.0952   0.0513967      0
  374     1138.19     1138.17   0.0265687     7.27362  0.00467998      1
  375     1136.49     1136.46   0.0266909     11.3872   0.0639472      0
  376     1136.02        1136   0.0266777     7.34234  0.00566888      1
  377     1134.45     1134.42    0.026787     10.0138   0.0513742      0
  378     1134.14     1134.12   0.0267782      7.2199  0.00467899      1
  379     1132.47     1132.44   0.0268983     11.3028   0.0638425      0
  380     1132.01     1131.98   0.0268855     7.28861  0.00566335      1
  381     1130.46     1130.43   0.0269933     9.93598   0.0513242      0
  382     1130.16     1130.13   0.0269845     7.17114  0.00467557      1
  383     1128.51     1128.48   0.0271042     11.2306    0.063768      0
  384     1128.06     1128.03   0.0270914     7.24022  0.00565958      1
  385     1126.53      1126.5   0.0271988     9.87096   0.0512899      0
  386     1126.23     1126.21   0.0271901     7.12772  0.00467324      1
  387      1124.6     1124.57   0.0273096     11.1718   0.0637556      0
  388     1124.16     1124.13   0.0272967     7.19608  0.00566012      1
  389     1122.64     1122.62   0.0274039      9.8177   0.0512948      0
  390     1122.35     1122.33   0.0273952     7.08907  0.00467412      1
  391     1120.74     1120.71   0.0275143     11.1143   0.0636984      0
  392      1120.3     1120.27   0.0275015     7.15595  0.00565718      1
  393      1118.8     1118.77   0.0276082     9.76197   0.0512682      0
  394     1118.51     1118.49   0.0275996     7.05405  0.00467241      1
  395     1116.91     1116.89   0.0277179     11.0677   0.0636479      0
  396     1116.48     1116.45   0.0277051     7.12138  0.00565414      1
  397     1114.99     1114.96   0.0278112     9.71577   0.0512406      0
  398     1114.71     1114.68   0.0278027     7.02376  0.00467039      1
  399     1113.12     1113.09   0.0279206     11.0316   0.0636068      0
  400     1112.69     1112.66   0.0279078     7.09144  0.00565119      1
  401     1111.21     1111.19   0.0280138     9.67679   0.0512139      0
  402     1110.93      1110.9   0.0280052     6.99793  0.00466828      1
  403     1109.36     1109.33   0.0281227     10.9766   0.0633925      0
  404     1108.93     1108.91     0.02811     7.06854   0.0056359      1
  405     1107.47     1107.44   0.0282155     9.63153   0.0510753      0
  406     1107.19     1107.16   0.0282071     6.97773  0.00465675      1
  407     1105.63     1105.61    0.028324      10.941   0.0632282      0
  408     1105.21     1105.18   0.0283114     7.05025  0.00562328      1
  409     1103.76     1103.73   0.0284166     9.59768   0.0509609      0
  410     1103.48     1103.45   0.0284083     6.96202  0.00464714      1
  411     1101.93      1101.9    0.028525     10.9065   0.0630265      0
  412     1101.51     1101.48   0.0285125     7.03743  0.00560776      1
  413     1100.06     1100.03   0.0286176      9.5681   0.0508203      0
  414     1099.79     1099.76   0.0286094     6.95224  0.00463513      1
  415     1098.24     1098.21   0.0287265     10.9087   0.0629651      0
  416     1097.82     1097.79   0.0287139     7.02827  0.00560099      1
  417     1096.37     1096.34   0.0288195     9.55631    0.050759      0
  418      1096.1     1096.07   0.0288112     6.94632  0.00462983      1
  419     1094.56     1094.53   0.0289277     10.8385    0.062443      0
  420     1094.14     1094.11   0.0289155     7.02921  0.00556252      1
  421     1092.71     1092.68   0.0290201     9.51914   0.0504103      0
  422     1092.44     1092.41    0.029012     6.94681  0.00459976      1
  423     1090.92     1090.89   0.0291257     10.7072   0.0613928      0
  424     1090.51     1090.48   0.0291144     7.03851  0.00548418      1
  425     1089.09     1089.06   0.0292169     9.43503   0.0497003      0
  426     1088.82      1088.8   0.0292095     6.94973  0.00453903      1
  427      1087.3     1087.27   0.0293258     10.9716   0.0629297      0
  428     1086.87     1086.84   0.0293129     7.03213   0.0055905      1
  429     1085.45     1085.42   0.0294173     9.61044   0.0506639      0
  430     1085.17     1085.14   0.0294088     6.95077  0.00461961      1
  431     1083.64     1083.61   0.0295243     10.9702   0.0629567      0
  432     1083.21     1083.18   0.0295115     7.05469  0.00559284      1
  433      1081.8     1081.77    0.029615     9.70449   0.0506851      0
  434     1081.51     1081.48   0.0296062     6.95883  0.00461833      1
  435     1079.98     1079.95   0.0297188     10.8089   0.0617414      0
  436     1079.57     1079.54   0.0297072     7.08175  0.00550389      1
  437     1078.17     1078.14   0.0298087     9.64805    0.049879      0
  438     1077.88     1077.85   0.0298004     6.96384  0.00454843      1
  439     1076.35     1076.32   0.0299154     11.0191   0.0634589      0
  440     1075.92     1075.89   0.0299025     7.08411  0.00562941      1
  441     1074.51     1074.48   0.0300058     9.84462   0.0510166      0
  442     1074.21     1074.18   0.0299964     6.94347  0.00464303      1
  443     1072.64     1072.61   0.0301136      11.059   0.0648729      0
  444     1072.21     1072.18   0.0301002     7.02656  0.00574425      1
  445     1070.76     1070.73   0.0302053     9.79283   0.0520572      0
  446     1070.47     1070.44   0.0301958     6.91769  0.00473779      1
  447      1068.9     1068.87   0.0303141     11.0495   0.0655039      0
  448     1068.46     1068.43   0.0303004     6.98246  0.00579737      1
  449     1067.02     1066.99   0.0304064     9.74944   0.0525386      0
  450     1066.73      1066.7   0.0303968     6.88259  0.00478166      1
  451     1065.16     1065.13   0.0305157     11.0165   0.0658528      0
  452     1064.73      1064.7   0.0305019     6.93381  0.00582806      1
  453     1063.29     1063.26   0.0306078       9.671   0.0528168      0
  454        1063     1062.97   0.0305986     6.85381  0.00480816      1
  455     1061.47     1061.44   0.0307122     10.8707   0.0649601      0
  456     1061.05     1061.02   0.0306995     6.90089   0.0057632      1
  457     1059.64     1059.61   0.0308018     9.54135    0.052229      0
  458     1059.37     1059.34    0.030793     6.81421  0.00475842      1
  459     1057.88     1057.85   0.0309053     10.7188   0.0641683      0
  460     1057.47     1057.44   0.0308931      6.8444  0.00570542      1
  461     1056.09     1056.06   0.0309948     9.38837   0.0517054      0
  462     1055.82     1055.79   0.0309863     6.74923  0.00471466      1
  463     1054.37     1054.34   0.0310976      10.539   0.0635327      0
  464     1053.98     1053.95   0.0310857     6.77465  0.00566281      1
  465     1052.63      1052.6   0.0311858      9.2265   0.0513192      0
  466     1052.38     1052.35   0.0311778     6.67237  0.00468308      1
  467     1050.96     1050.93    0.031288      10.412   0.0633765      0
  468     1050.58     1050.55   0.0312763     6.69018  0.00565473      1
  469     1049.27     1049.24    0.031376     9.09784    0.051246      0
  470     1049.02     1048.99    0.031368     6.58579  0.00467801      1
  471     1047.64     1047.61    0.031478     10.2728   0.0632715      0
  472     1047.27     1047.24   0.0314663     6.59745  0.00565104      1
  473     1045.99     1045.96   0.0315658     8.96171   0.0512126      0
  474     1045.75     1045.72   0.0315579     6.49483  0.00467657      1
  475     1044.41     1044.38   0.0316678     10.1082   0.0630388      0
  476     1044.05     1044.02   0.0316562     6.50468  0.00563807      1
  477     1042.81     1042.78   0.0317559     8.81392    0.051095      0
  478     1042.58     1042.55   0.0317481     6.40461  0.00466799      1
  479     1041.27     1041.24   0.0318584     9.99886   0.0633136      0
  480     1040.92     1040.89   0.0318465      6.4089  0.00566416      1
  481     1039.71     1039.68   0.0319456     8.71767   0.0513315      0
  482     1039.48     1039.45   0.0319377     6.31933  0.00468965      1
  483     1038.21     1038.18   0.0320476     9.88583   0.0634631      0
  484     1037.86     1037.83   0.0320356     6.31722  0.00568008      1
  485     1036.68     1036.65   0.0321347     8.60483   0.0514757      0
  486     1036.46     1036.43   0.0321269     6.23645  0.00470379      1
  487     1035.22     1035.19   0.0322362     9.71205   0.0631467      0
  488     1034.89     1034.86   0.0322245     6.23943  0.00566182      1
  489     1033.74     1033.71   0.0323228     8.47306   0.0513103      0
  490     1033.53      1033.5   0.0323152     6.16324  0.00469082      1
  491     1032.32     1032.29   0.0324246     9.65826   0.0635416      0
  492     1031.99     1031.96   0.0324126     6.16089  0.00569492      1
  493     1030.85     1030.82   0.0325113     8.39678   0.0516102      0
  494     1030.64     1030.61   0.0325036     6.09481  0.00471817      1
  495     1029.45     1029.42   0.0326131     9.51177   0.0632922      0
  496     1029.13      1029.1   0.0326013     6.09883  0.00568119      1
  497     1028.03        1028   0.0327004     8.29413   0.0514858      0
  498     1027.83      1027.8   0.0326927     6.03731  0.00470856      1
  499     1026.67     1026.64   0.0328019     9.45401   0.0634957      0
  500     1026.36     1026.32   0.0327899     6.03886  0.00569974      1
  501     1025.27     1025.24   0.0328876     8.22586   0.0516539      0
  502     1025.07     1025.04   0.0328801     5.98436  0.00472433      1
  503     1023.93      1023.9   0.0329886     9.39581   0.0636881      0
  504     1023.62     1023.59   0.0329765     5.98604  0.00571781      1
  505     1022.55     1022.52   0.0330742     8.16994   0.0518176      0
  506     1022.35     1022.32   0.0330666     5.93812  0.00473949      1
  507     1021.23     1021.19   0.0331753     9.34176   0.0638828      0
  508     1020.92     1020.89   0.0331632     5.93807   0.0057361      1
  509     1019.86     1019.83    0.033261     8.11961   0.0519835      0
  510     1019.66     1019.63   0.0332534     5.89736  0.00475488      1
  511     1018.56     1018.52   0.0333622       9.284   0.0639371      0
  512     1018.25     1018.22     0.03335     5.89931   0.0057429      1
  513      1017.2     1017.17   0.0334478     8.07016    0.052045      0
  514     1017.01     1016.98   0.0334401     5.86359  0.00476099      1
  515     1015.91     1015.88   0.0335484     9.23618   0.0639739      0
  516     1015.61     1015.58   0.0335362     5.86746  0.00574775      1
  517     1014.58     1014.54   0.0336333       8.028    0.052089      0
  518     1014.38     1014.35   0.0336257     5.83532  0.00476548      1
  519      1013.3     1013.26   0.0337337     9.21437   0.0642293      0
  520     1012.99     1012.96   0.0337215     5.83728  0.00576979      1
  521     1011.96     1011.93   0.0338186     8.00901   0.0522887      0
  522     1011.77     1011.74    0.033811     5.81107   0.0047834      1
  523     1010.69     1010.66   0.0339188     9.17672   0.0642512      0
  524      1010.4     1010.36   0.0339066     5.81345  0.00577316      1
  525     1009.37     1009.34   0.0340037     7.97694   0.0523193      0
  526     1009.18     1009.15   0.0339961     5.79013  0.00478658      1
  527     1008.11     1008.08   0.0341044     9.17183   0.0644688      0
  528     1007.81     1007.78    0.034092     5.79039  0.00579099      1
  529     1006.79     1006.76   0.0341894     7.95991   0.0524809      0
  530      1006.6     1006.57   0.0341817     5.77145  0.00480114      1
  531     1005.53      1005.5   0.0342904     9.16221   0.0646434      0
  532     1005.23      1005.2   0.0342779     5.77118  0.00580568      1
  533     1004.21     1004.18   0.0343756     7.94511    0.052614      0
  534     1004.03     1003.99   0.0343679     5.75591  0.00481319      1
  535     1002.96     1002.92   0.0344767     9.14914   0.0647509      0
  536     1002.66     1002.63   0.0344641      5.7559  0.00581508      1
  537     1001.64     1001.61   0.0345621     7.93127   0.0526991      0
  538     1001.46     1001.42   0.0345543     5.74355  0.00482101      1
  539     1000.39     1000.36   0.0346635     9.13953   0.0648393      0
  540      1000.1     1000.06   0.0346508      5.7442  0.00582283      1
  541      999.08     999.046   0.0347488      7.9203   0.0527694      0
  542     998.895      998.86    0.034741      5.7342  0.00482741      1
  543     997.827     997.792   0.0348504     9.12369   0.0648601      0
  544     997.533     997.498   0.0348377     5.73616  0.00582524      1
  545     996.525      996.49   0.0349361     7.91141   0.0527913      0
  546      996.34     996.305   0.0349282     5.72779  0.00482961      1
  547     995.286     995.251   0.0350374       9.086    0.064653      0
  548     994.994     994.959   0.0350248     5.73458  0.00581044      1
  549      993.99     993.955   0.0351228     7.89308   0.0526571      0
  550     993.805      993.77   0.0351151     5.72523  0.00481791      1
  551     992.752     992.717   0.0352242     9.08577   0.0646592      0
  552     992.459     992.424   0.0352117     5.73196  0.00581071      1
  553     991.456     991.421   0.0353098     7.88929   0.0526596      0
  554     991.272     991.237   0.0353021      5.7234  0.00481819      1
  555     990.221     990.185   0.0354113     9.07164   0.0645694      0
  556     989.929     989.894   0.0353988      5.7323  0.00580402      1
  557     988.929     988.894   0.0354971     7.88265    0.052599      0
  558     988.746      988.71   0.0354894     5.72341  0.00481292      1
  559     987.692     987.656   0.0355992     9.08513   0.0646672      0
  560     987.399     987.364   0.0355865     5.73162  0.00581139      1
  561     986.396      986.36   0.0356852      7.8875   0.0526658      0
  562     986.211     986.176   0.0356775     5.72443  0.00481886      1
  563     985.157     985.121   0.0357878     9.09371   0.0647346      0
  564     984.864     984.828    0.035775     5.73357  0.00581676      1
  565     983.858     983.822   0.0358742     7.89441   0.0527144      0
  566     983.673     983.637   0.0358664     5.72745  0.00482314      1
  567     982.616      982.58   0.0359773     9.10776   0.0648098      0
  568     982.322     982.286   0.0359644     5.73684  0.00582253      1
  569     981.313     981.276   0.0360641     7.90337   0.0527667      0
  570     981.128     981.091   0.0360563     5.73198  0.00482774      1
  571     980.066      980.03   0.0361679     9.12521   0.0648937      0
  572     979.771     979.735   0.0361549     5.74169  0.00582899      1
  573     978.758     978.722   0.0362552     7.91508   0.0528252      0
  574     978.572     978.536   0.0362473     5.73819  0.00483287      1
  575     977.508     977.472   0.0363597     9.13966   0.0649342      0
  576     977.212     977.176   0.0363465     5.74916  0.00583208      1
  577     976.195     976.159   0.0364474     7.92754   0.0528533      0
  578     976.009     975.973   0.0364395     5.74654  0.00483528      1
  579      974.94     974.903   0.0365526     9.16306   0.0650105      0
  580     974.642     974.606   0.0365393     5.75803  0.00583763      1
  581      973.62     973.583   0.0366409     7.94411   0.0529035      0
  582     973.433     973.396   0.0366329     5.75658  0.00483962      1
  583     972.358     972.321   0.0367468     9.18705   0.0650716      0
  584     972.059     972.022   0.0367334     5.76916  0.00584198      1
  585     971.032     970.995   0.0368356     7.96282   0.0529429      0
  586     970.844     970.807   0.0368275     5.76865  0.00484298      1
  587     969.763     969.726   0.0369424     9.21577   0.0651754      0
  588     969.462     969.425   0.0369288     5.78193  0.00584984      1
  589     968.428     968.391   0.0370317     7.98887   0.0530141      0
  590     968.239     968.202   0.0370236     5.78315  0.00484903      1
  591      967.15     967.113   0.0371394     9.25257   0.0652822      0
  592     966.847      966.81   0.0371256     5.79651  0.00585735      1
  593     965.804     965.766   0.0372294     8.01523   0.0530822      0
  594     965.613     965.576   0.0372211     5.79915  0.00485482      1
  595     964.514     964.477   0.0373381     9.29661   0.0654234      0
  596     964.208     964.171    0.037324     5.81247  0.00586733      1
  597     963.153     963.116   0.0374288     8.04541   0.0531727      0
  598     962.962     962.924   0.0374205     5.81681  0.00486257      1
  599     961.852     961.814   0.0375387     9.31627   0.0654495      0
  600     961.544     961.506   0.0375245      5.8339  0.00586983      1
  601     960.487     960.449   0.0376303     8.08265   0.0531953      0
  602     960.293     960.256   0.0376218     5.83998  0.00486418      1
  603     959.179     959.142   0.0377403     9.35966   0.0655005      0
  604     958.869     958.831   0.0377261     5.85735  0.00587266      1
  605     957.802     957.764   0.0378319     8.11652    0.053221      0
  606     957.607     957.569   0.0378235     5.86407  0.00486617      1
  607     956.482     956.444   0.0379426     9.40412   0.0655552      0
  608     956.168      956.13   0.0379283     5.88335  0.00587581      1
  609     955.091     955.053   0.0380349      8.1571   0.0532496      0
  610     954.894     954.856   0.0380264     5.88993  0.00486824      1
  611     953.759      953.72   0.0381464     9.44403   0.0655871      0
  612     953.442     953.404    0.038132      5.9106  0.00587751      1
  613     952.353     952.315   0.0382394     8.19837   0.0532649      0
  614     952.154     952.116   0.0382308       5.919  0.00486913      1
  615     951.002     950.964   0.0383518      9.5246   0.0658408      0
  616      950.68     950.642    0.038337     5.93941  0.00589495      1
  617     949.574     949.535    0.038445     8.25373    0.053423      0
  618     949.372     949.334   0.0384362     5.95054   0.0048826      1
  619     948.207     948.168    0.038558     9.57861    0.065926      0
  620     947.881     947.842   0.0385432     5.97329  0.00590063      1
  621     946.763     946.724   0.0386518     8.30802   0.0534745      0
  622     946.558      946.52    0.038643     5.98536  0.00488659      1
  623     945.377     945.339   0.0387655      9.6429    0.065994      0
  624     945.047     945.008   0.0387506     6.01023  0.00590397      1
  625     943.914     943.875   0.0388594     8.36397   0.0535047      0
  626     943.707     943.668   0.0388506      6.0227  0.00488865      1
  627     942.508     942.469   0.0389735     9.71858   0.0661692      0
  628     942.172     942.133   0.0389584      6.0488  0.00591571      1
  629     941.021     940.982   0.0390682     8.42711   0.0536111      0
  630     940.811     940.772   0.0390592     6.06315  0.00489744      1
  631     939.594     939.555    0.039183     9.78027   0.0661462      0
  632     939.254     939.215   0.0391679     6.09403  0.00591195      1
  633     938.088     938.049   0.0392783     8.48595   0.0535771      0
  634     937.875     937.836   0.0392693     6.10632  0.00489381      1
  635     936.641     936.601   0.0393941     9.85738   0.0662132      0
  636     936.295     936.256   0.0393788     6.13987  0.00591474      1
  637      935.11     935.071   0.0394901     8.55463   0.0536023      0
  638     934.893     934.854    0.039481      6.1525  0.00489521      1
  639     933.637     933.597   0.0396068     9.95021   0.0663508      0
  640     933.285     933.245   0.0395912     6.18786  0.00592224      1
  641     932.078     932.038   0.0397032     8.62509   0.0536703      0
  642     931.857     931.817    0.039694     6.20105  0.00490055      1
  643     930.578     930.538   0.0398207     10.0355     0.06641      0
  644      930.22      930.18    0.039805     6.24084   0.0059239      1
  645     928.992     928.952   0.0399179     8.70364   0.0536854      0
  646     928.767     928.728   0.0399086     6.25273  0.00490092      1
  647     927.466     927.426   0.0400359     10.1039   0.0662936      0
  648     927.103     927.063   0.0400203       6.299  0.00591231      1
  649     925.855     925.815   0.0401337     8.77719   0.0535803      0
  650     925.626     925.586   0.0401244     6.30827  0.00489074      1
  651     924.299     924.259   0.0402535     10.2456   0.0667281      0
  652     923.925     923.885   0.0402374     6.35373  0.00594085      1
  653     922.651     922.611   0.0403523     8.89157    0.053839      0
  654     922.416     922.376   0.0403427     6.36525  0.00491194      1
  655     921.059     921.019   0.0404734     10.3422   0.0669543      0
  656     920.678     920.637    0.040457     6.41511   0.0059564      1
  657     919.379     919.339   0.0405734      9.0016   0.0539799      0
  658     919.138     919.098   0.0405634     6.42499   0.0049227      1
  659     917.751      917.71   0.0406957     10.4539   0.0671908      0
  660     917.361      917.32   0.0406791      6.4752  0.00597151      1
  661      916.03      915.99   0.0407966     9.09025   0.0541168      0
  662     915.785     915.745   0.0407866     6.48914  0.00493396      1
  663     914.367     914.326   0.0409202     10.5622   0.0672811      0
  664     913.969     913.928   0.0409034     6.54025  0.00597453      1
  665      912.61     912.569   0.0410221     9.18642   0.0541442      0
  666     912.359     912.318    0.041012     6.55413  0.00493513      1
  667     910.909     910.868   0.0411472     10.6771   0.0673744      0
  668     910.502     910.461   0.0411302     6.60887  0.00597741      1
  669     909.113     909.072   0.0412502     9.29043   0.0541702      0
  670     908.857     908.816   0.0412399     6.62153  0.00493591      1
  671     907.375     907.334   0.0413768     10.7955   0.0674595      0
  672     906.958     906.917   0.0413595     6.67984  0.00597924      1
  673     905.539     905.498   0.0414809     9.39752   0.0541868      0
  674     905.277     905.236   0.0414705     6.69065  0.00493576      1
  675      903.76     903.718   0.0416093     10.9296   0.0676151      0
  676     903.332     903.291   0.0415916     6.75083  0.00598515      1
  677     901.884     901.842   0.0417148      9.5096   0.0542404      0
  678     901.615     901.573   0.0417041     6.76051  0.00493883      1
  679     900.065     900.024   0.0418428     11.0109   0.0674752      0
  680     899.632      899.59   0.0418257     6.83067  0.00597234      1
  681     898.154     898.112   0.0419465      9.6157   0.0541243      0
  682     897.879     897.837    0.041936     6.83508  0.00492688      1
  683     896.297     896.255   0.0420732     11.1177    0.067373      0
  684     895.855     895.813   0.0420561     6.90878  0.00595983      1
  685     894.348     894.306   0.0421777     9.71874   0.0540109      0
  686     894.067     894.025   0.0421671     6.90816   0.0049153      1
  687     892.451     892.408   0.0423054     11.2261   0.0673238      0
  688     891.999     891.957   0.0422882     6.98541  0.00595165      1
  689     890.463      890.42   0.0424109      9.8244   0.0539368      0
  690     890.175     890.133   0.0424002     6.97972  0.00490707      1
  691     888.528     888.486   0.0425394     11.3227      0.0672      0
  692     888.068     888.026   0.0425223     7.06047  0.00593832      1
  693     886.505     886.462   0.0426455     9.92013    0.053816      0
  694     886.212     886.169   0.0426347      7.0486  0.00489496      1
  695     884.534     884.491   0.0427747     11.4166   0.0670692      0
  696     884.066     884.023   0.0427575     7.13253  0.00592432      1
  697     882.477     882.434   0.0428817     10.0112   0.0536892      0
  698     882.177     882.135   0.0428709     7.11342  0.00488232      1
  699     880.472     880.429    0.043012      11.498   0.0668939      0
  700     879.997     879.954   0.0429948     7.20003  0.00590738      1
  701     878.384     878.341   0.0431199     10.0917   0.0535357      0
  702      878.08     878.037    0.043109     7.17258  0.00486751      1
  703     876.351     876.308   0.0432509      11.562   0.0666566      0
  704      875.87     875.827   0.0432338     7.26112  0.00588633      1
  705     874.239     874.196   0.0433596     10.1573   0.0533448      0
  706      873.93     873.886   0.0433487     7.22397  0.00484975      1
  707     872.182     872.138   0.0434914      11.609   0.0663792      0
  708     871.696     871.653   0.0434744     7.31289  0.00586274      1
  709     870.051     870.007   0.0436008     10.2054   0.0531311      0
  710     869.738     869.695   0.0435899     7.26502  0.00483025      1
  711     867.977     867.934    0.043733     11.6329   0.0660491      0
  712     867.489     867.446   0.0437162     7.35279  0.00583598      1
  713     865.837     865.793    0.043843     10.2314   0.0528885      0
  714     865.522     865.478   0.0438322     7.29325  0.00480865      1
  715     863.757     863.713   0.0439761     11.6663   0.0659535      0
  716     863.265     863.221   0.0439591     7.37878  0.00582652      1
  717     861.613     861.569   0.0440866     10.2685   0.0528028      0
  718     861.295     861.251   0.0440756     7.30559  0.00479999      1
  719     859.527     859.483     0.04422     11.6391   0.0657583      0
  720     859.037     858.993   0.0442032     7.39085  0.00581355      1
  721     857.392     857.348   0.0443309     10.2745   0.0526853      0
  722     857.072     857.027   0.0443199     7.29898  0.00478903      1
  723      855.31     855.265   0.0444645     11.5784   0.0655742      0
  724     854.824      854.78   0.0444479     7.37124  0.00580315      1
  725     853.188     853.143   0.0445758     10.2015   0.0525911      0
  726     852.873     852.828    0.044565     7.27793  0.00478272      1
  727     851.135     851.091   0.0447084      11.469   0.0650421      0
  728     850.658     850.614   0.0446923     7.33989  0.00576626      1
  729     849.046     849.001   0.0448192     10.1043   0.0522567      0
  730     848.737     848.692   0.0448087      7.2342  0.00475497      1
  731     847.029     846.984   0.0449516     11.3679   0.0647657      0
  732      846.56     846.515   0.0449356     7.28393  0.00574796      1
  733      844.98     844.935   0.0450621     9.99917   0.0520909      0
  734     844.676     844.631   0.0450517     7.16872  0.00474177      1
  735      843.01     842.965   0.0451934     11.2106   0.0643645      0
  736     842.553     842.508   0.0451779     7.20815  0.00572263      1
  737     841.015     840.969   0.0453033      9.8555   0.0518614      0
  738     840.719     840.674   0.0452932     7.08449   0.0047236      1
  739     839.101     839.056   0.0454334     11.0128   0.0638765      0
  740     838.661     838.615   0.0454183     7.11486  0.00569139      1
  741     837.169     837.123   0.0455423     9.67944   0.0515782      0
  742     836.884     836.838   0.0455325     6.98419  0.00470116      1
  743      835.32     835.274   0.0456706     10.8257   0.0636031      0
  744     834.894     834.848   0.0456559     7.00377  0.00567587      1
  745     833.453     833.407   0.0457778     9.50076   0.0514376      0
  746     833.178     833.132   0.0457683     6.87057  0.00469099      1
  747     831.672     831.626    0.045904     10.6102   0.0632877      0
  748     831.263     831.217   0.0458897     6.88243  0.00565806      1
  749     829.878     829.832   0.0460098     9.30531   0.0512761      0
  750     829.615     829.569   0.0460006     6.74929  0.00467927      1
  751     828.171     828.125   0.0461339     10.3863    0.062989      0
  752     827.779     827.733     0.04612     6.75603  0.00564167      1
  753     826.448     826.402   0.0462379     9.10508   0.0511276      0
  754     826.196      826.15   0.0462291     6.62551  0.00466865      1
  755     824.809     824.763   0.0463602     10.1807   0.0628398      0
  756     824.432     824.386   0.0463466     6.62805  0.00563617      1
  757     823.152     823.105   0.0464628     8.91846   0.0510778      0
  758      822.91     822.863   0.0464542     6.50327  0.00466641      1
  759     821.575     821.528   0.0465836     9.98889   0.0627801      0
  760     821.212     821.166   0.0465701     6.50333  0.00563732      1
  761     819.977     819.931   0.0466848     8.74411   0.0510882      0
  762     819.745     819.698   0.0466764     6.38714  0.00466934      1
  763     818.459     818.412   0.0468037     9.80807   0.0627352      0
  764     818.109     818.062   0.0467904     6.38707  0.00563942      1
  765     816.916      816.87    0.046903     8.58296   0.0511072      0
  766     816.693     816.646   0.0468948     6.28005  0.00467288      1
  767      815.45     815.403   0.0470196     9.65049   0.0627593      0
  768     815.112     815.065   0.0470067     6.28083  0.00564637      1
  769     813.955     813.908   0.0471171     8.44239   0.0511703      0
  770     813.739     813.692    0.047109     6.18351  0.00468007      1
  771     812.532     812.484   0.0472318      9.5162   0.0628694      0
  772     812.203     812.156    0.047219     6.18573  0.00565975      1
  773     811.077      811.03   0.0473281     8.32516   0.0512914      0
  774     810.867      810.82   0.0473201     6.09847  0.00469211      1
  775     809.692     809.645   0.0474414     9.40278   0.0630014      0
  776     809.371     809.324   0.0474287     6.10091   0.0056743      1
  777     808.272     808.224   0.0475365     8.22214   0.0514234      0
  778     808.067     808.019   0.0475286      6.0235  0.00470499      1
  779      806.92     806.873   0.0476481     9.27284   0.0628983      0
  780     806.609     806.561   0.0476356     6.02927  0.00567025      1
  781     805.535     805.487    0.047742     8.11604   0.0513866      0
  782     805.336     805.288   0.0477343     5.95869  0.00470304      1
  783     804.213     804.165   0.0478531     9.23424    0.063357      0
  784     803.903     803.855   0.0478403     5.96234   0.0057092      1
  785     802.845     802.797   0.0479461     8.04902   0.0517396      0
  786      802.65     802.602   0.0479384     5.90906  0.00473544      1
  787     801.549     801.501   0.0480552     9.12918   0.0630993      0
  788     801.248       801.2   0.0480428     5.91756  0.00569062      1
  789     800.208      800.16   0.0481469     7.95628   0.0515713      0
  790     800.018      799.97   0.0481395      5.8695   0.0047216      1
  791     798.939      798.89   0.0482541      9.0201   0.0626451      0
  792     798.644     798.596   0.0482423     5.87433  0.00565525      1
  793     797.618      797.57   0.0483447     7.82446   0.0512507      0
  794     797.437     797.389   0.0483378     5.83277  0.00469526      1
  795     796.377     796.329   0.0484506     8.92091   0.0622499      0
  796     796.089     796.041   0.0484391     5.83515  0.00562459      1
  797     795.078      795.03   0.0485401     7.71292   0.0509728      0
  798     794.904     794.856   0.0485336      5.8028  0.00467218      1
  799     793.867     793.818   0.0486441     8.79821   0.0614924      0
  800     793.588     793.539   0.0486333     5.80637  0.00556366      1
  801     792.586     792.537   0.0487325     7.59314   0.0504207      0
  802     792.412     792.363   0.0487188       4.946    0.010581      1
  803     788.908     788.858   0.0491935     17.3818    0.239727      2
  804     788.335     788.286   0.0491231     11.6403  0.00318633      3
  805     786.878     786.829   0.0491549     5.25504   0.0207073      0
  806     786.483     786.434   0.0492006     6.57174   0.0283946      1
  807     786.298     786.249   0.0492008     5.08007  0.00600368      2
  808     783.863     783.814   0.0495493     14.7774    0.193252      0
  809     783.167     783.118   0.0494849     8.72035  0.00495705      1
  810     782.126     782.076    0.049537     5.65581   0.0256146      0
  811     781.881     781.831   0.0495487     4.95569   0.0128117      1
  812     780.926     780.876   0.0496857     10.0536   0.0800733      2
  813     780.619     780.569   0.0496527     5.17546  0.00710668      3
  814     779.022     778.973   0.0498659      11.671    0.120605      0
  815     778.608     778.559    0.049837     7.76895  0.00426288      1
  816     777.703     777.653   0.0498931     5.86013   0.0282287      0
  817     777.479     777.429   0.0499021     5.10057   0.0141115      1
  818     777.036     776.986    0.049957     6.86206    0.032603      2
  819      776.84      776.79   0.0499536      4.8977  0.00688072      3
  820     773.172     773.121    0.050512      18.015    0.312032      0
  821     772.112     772.062   0.0503823     9.07773  0.00591579      1
  822      771.04     770.989   0.0504255     4.86155   0.0214447      0
  823     770.218     770.168   0.0505351     9.05227   0.0738647      1
  824     769.901     769.851   0.0505195     5.37868  0.00663122      2
  825     768.866     768.815   0.0506316     7.75976   0.0600955      0
  826     768.686     768.636   0.0506211     5.41093  0.00548672      1
  827      767.61     767.559   0.0507443     9.00578   0.0718052      0
  828     767.321     767.271    0.050727     5.31966  0.00642841      1
  829     766.204     766.153   0.0508677       9.482   0.0754334      0
  830     765.932     765.881   0.0508387     5.07443  0.00672683      1
  831     764.418     764.367   0.0510409     11.1786    0.116101      0
  832     764.043     763.992   0.0510146     7.51503  0.00417565      1
  833     763.168     763.117   0.0510716     5.76212   0.0290209      0
  834     762.957     762.906   0.0510803     5.03549   0.0145066      1
  835     762.572      762.52   0.0511276     6.38934   0.0284521      2
  836     762.403     762.352   0.0511267     4.86347  0.00601361      3
  837     759.954     759.902   0.0514905     14.6049    0.208015      0
  838      759.27     759.218   0.0514213     8.39129  0.00510818      1
  839      758.29     758.239   0.0514727     5.45404   0.0262574      0
  840     758.059     758.008   0.0514844     4.78682    0.013133      1
  841     757.233     757.181   0.0516058     9.27646   0.0735473      2
  842     756.956     756.905   0.0515805     5.13684   0.0065956      3
  843     755.725     755.673   0.0517378       9.819   0.0921339      0
  844      755.42     755.368   0.0517047     4.89615  0.00804175      1
  845     753.669     753.617   0.0519612     12.6562    0.140696      0
  846      753.25     753.198    0.051908     6.83507  0.00499395      1
  847      752.48     752.428    0.051961     6.04893   0.0325433      0
  848     752.303     752.251   0.0519655     4.72407  0.00687883      1
  849     749.016     748.964   0.0524844     18.1887    0.284939      0
  850     748.268     748.215   0.0523916     11.0063  0.00359568      1
  851     746.954     746.902   0.0524232     4.97741   0.0211194      0
  852     746.606     746.553   0.0524659     6.08377   0.0276421      1
  853     746.427     746.374   0.0524682     4.95914   0.0138119      2
  854     746.061     746.009    0.052514     6.22401   0.0256832      3
  855     745.914     745.862   0.0525128     4.82669  0.00542958      4
  856     743.886     743.834   0.0528174     13.1174     0.17437      0
  857     743.343     743.291   0.0527615     7.63354  0.00522534      1
  858     742.479     742.426   0.0528164     5.54547   0.0280982      0
  859     742.267     742.214   0.0528265     4.85143   0.0140489      1
  860     741.815     741.762   0.0528885     6.89245   0.0376077      2
  861     741.619     741.566    0.052882     4.61577  0.00792522      3
  862     732.843     732.789   0.0544592     27.6713    0.865178      0
  863     730.406     730.351    0.054191     18.5651  0.00415953      1
  864     726.386     726.332   0.0542398      4.6601   0.0210297      0
  865     725.483     725.429   0.0543656     8.76208   0.0762326      1
  866     725.224     725.169   0.0543459     5.22185   0.0068489      2
  867     724.261     724.207   0.0544628     7.80168   0.0620681      0
  868     724.076     724.021   0.0544499     5.23678   0.0056563      1
  869     723.082     723.028   0.0545769     8.72019   0.0727354      0
  870     722.809     722.755    0.054559     5.19013  0.00652694      1
  871     721.792     721.737   0.0546972     8.94211   0.0729616      0
  872     721.546     721.491   0.0546715     5.02288  0.00655036      1
  873     720.273     720.218   0.0548527     10.2631    0.101999      0
  874     719.971     719.916   0.0548068     4.68205   0.0087333      1
  875     716.572     716.516   0.0553724     18.6076    0.299907      0
  876     715.795     715.739   0.0552662     10.9749  0.00371915      1
  877     714.478     714.423   0.0553005     4.99729   0.0214083      0
  878      714.13     714.075   0.0553445     6.05678   0.0273447      1
  879     713.943     713.888   0.0553478     4.92585   0.0136646      2
  880     713.544     713.489   0.0554019     6.50052   0.0291367      3
  881     713.379     713.323   0.0553988     4.78087  0.00615354      4
  882     710.725     710.669   0.0558456     15.6035    0.240373      0
  883     709.967     709.911   0.0557605     9.32427  0.00484927      1
  884     708.824     708.768   0.0558134     5.23142   0.0248727      0
  885     708.549     708.493   0.0558373     5.40786   0.0199954      1
  886     708.298     708.242   0.0558596     5.11355   0.0168578      2
  887     707.975     707.919   0.0558923     5.77801   0.0244485      3
  888     707.755     707.699   0.0559044      4.7063   0.0122256      4
  889     706.441     706.385   0.0560999     10.4858    0.110794      5
  890     706.141     706.085   0.0560766     7.44164  0.00411551      6
  891     705.278     705.222   0.0561374     5.72102   0.0295135      0
  892     705.069     705.013    0.056147     5.02058    0.014753      1
  893     704.699     704.643   0.0561948     6.24506   0.0273059      2
  894     704.538     704.482   0.0561947     4.85084  0.00577366      3
  895     702.187     702.131   0.0565816     14.5976    0.205915      0
  896     701.526      701.47   0.0565072     8.62549  0.00503596      1
  897     700.503     700.447   0.0565619     5.37751   0.0260281      0
  898     700.269     700.212   0.0565755     4.75156   0.0130198      1
  899     699.203     699.146   0.0567434     10.3989   0.0942582      2
  900     698.926     698.869   0.0567217     7.24824  0.00359779      3
  901     698.115     698.058   0.0567748     5.87151   0.0302003      0
  902     697.914     697.858   0.0567881     5.11803   0.0150912      1
  903     697.591     697.534   0.0568209     5.81582   0.0216929      2
  904     697.396     697.339   0.0568298     4.66898   0.0108469      3
  905     695.364     695.307   0.0571792     14.1486    0.191977      4
  906     694.741     694.684   0.0571096     8.35981   0.0051066      5
  907     693.764     693.706   0.0571648     5.38776   0.0264458      0
  908     693.534     693.477   0.0571778     4.73906   0.0132273      1
  909     692.718     692.661   0.0573087     9.18846   0.0741099      2
  910     692.445     692.388   0.0572814     5.06688  0.00665275      3
  911     691.202     691.144   0.0574626     10.1153   0.0983282      0
  912     690.892     690.835   0.0574187     4.74663  0.00846543      1
  913     688.673     688.615   0.0577912     14.6486    0.191795      0
  914     688.176     688.118   0.0576837     5.90714  0.00632282      1
  915     687.422     687.364   0.0577605     6.75154   0.0431154      0
  916     687.219     687.161    0.057758     4.48935  0.00907468      1
  917     665.742      665.68   0.0615753     36.4238     1.91097      0
  918     662.012     661.951   0.0607764     14.4142  0.00580543      1
  919     660.036     659.975   0.0607899     3.91811   0.0184596      0
  920     659.537     659.476   0.0608603     7.14449   0.0639806      1
  921     659.369     659.308   0.0608484     4.35721  0.00582591      2
  922     658.731      658.67   0.0609239     6.82462   0.0665722      0
  923     658.566     658.505   0.0609157     4.30902   0.0060558      1
  924     657.963     657.902   0.0609864     5.77898   0.0548807      0
  925     657.862     657.801   0.0609818     4.28179  0.00504212      1
  926      657.24     657.179    0.061063     6.79257   0.0673961      0
  927     657.076     657.015   0.0610534      4.2317  0.00612761      1
  928     656.482     656.421   0.0611276     5.71313   0.0555315      0
  929     656.383     656.322   0.0611228     4.22318  0.00510194      1
  930      655.77     655.709   0.0612098      6.8832   0.0694835      0
  931     655.601      655.54   0.0611981     4.15499  0.00630445      1
  932     654.983     654.922   0.0612936      6.9043    0.069586      0
  933     654.828     654.767   0.0612777     4.01422  0.00632693      1
  934     654.089     654.028   0.0613978     7.80336   0.0925713      0
  935     653.907     653.845   0.0613701     3.75169  0.00822434      1
  936     652.611     652.549   0.0616174     10.9802     0.17735      0
  937     652.323     652.261    0.061549     4.63945   0.0063222      1
  938     651.848     651.786   0.0616063      5.3822   0.0437921      0
  939     651.723     651.662   0.0616041     3.54066  0.00922845      1
  940     626.348     626.282    0.066598     34.5476     3.26691      0
  941     623.633     623.568   0.0657059     15.4052  0.00571275      1
  942     621.449     621.383   0.0657095     3.53952   0.0185008      0
  943     621.016     620.951   0.0657553     5.78688   0.0670654      1
  944       620.9     620.834    0.065751     3.79095  0.00614837      2
  945     620.497     620.431   0.0657965     5.07801   0.0557196      0
  946     620.412     620.347   0.0657948     3.72941  0.00512045      1
  947      620.02     619.954   0.0658531     5.33347   0.0585377      0
  948     619.924     619.858   0.0658473     3.62069  0.00537143      1
  949     619.505     619.439   0.0659102     5.58284   0.0665197      0
  950     619.396      619.33   0.0659039     3.58212  0.00608383      1
  951     618.997     618.931   0.0659634     4.72508   0.0551347      0
  952     618.929     618.863   0.0659599     3.55255    0.005073      1
  953     618.509     618.443   0.0660294     5.62654    0.069018      0
  954     618.398     618.332   0.0660213     3.50359  0.00630544      1
  955      617.98     617.914   0.0660994     5.70399   0.0696504      0
  956     617.872     617.806    0.066087     3.39559  0.00636448      1
  957     617.386      617.32   0.0661794     6.26918   0.0875262      0
  958     617.261     617.195    0.066161     3.21733  0.00791636      1
  959     616.584     616.517   0.0663109     7.79576    0.132065      0
  960     616.418     616.351   0.0662822     4.42912  0.00505539      1
  961     616.089     616.022   0.0663172     3.96342   0.0339082      0
  962     616.014     615.947   0.0663199     3.05819   0.0071657      1
  963     614.519     614.452   0.0666904     12.1057    0.323105      0
  964     614.158     614.091   0.0666112      6.4578   0.0046253      1
  965     613.677      613.61   0.0666344     3.27964   0.0230789      0
  966     613.555     613.488   0.0666563     3.63328   0.0235013      1
  967     613.467       613.4   0.0666614     2.98559   0.0117522      2
  968     612.547      612.48   0.0669025     9.78127    0.216111      3
  969     612.325     612.258   0.0668666     6.59187  0.00339116      4
  970      611.83     611.763   0.0668885     3.24703   0.0227818      0
  971     611.705     611.638   0.0669112     3.66592   0.0244071      1
  972     611.618     611.551   0.0669157     2.99044   0.0122044      2
  973     611.084     611.017   0.0670364     6.60919    0.110603      3
  974     610.975     610.908   0.0670202     4.47236  0.00433524      4
  975     610.659     610.592   0.0670535     3.76992   0.0319889      0
  976     610.588     610.521    0.067061     3.32751   0.0159893      1
  977     610.472     610.405   0.0670767     3.48475   0.0179722      2
  978     610.402     610.335   0.0670825      2.9242  0.00898814      3
  979     577.114     577.039   0.0749119     14.8919     6.17865      4
  980     575.501     575.427   0.0741972     6.53197   0.0203206      5
  981     572.766     572.692   0.0742961     4.52718   0.0736623      0
  982     572.552     572.477   0.0742907     3.31372   0.0155636      1
  983     568.905      568.83   0.0744519     5.75239    0.499975      0
  984      568.66     568.585   0.0744491     3.34494   0.0195705      1
  985     568.017     567.942   0.0745159     3.29555   0.0709429      0
  986     567.898     567.824   0.0745521     3.42509   0.0354665      1
  987     567.783     567.708   0.0745601     2.97143   0.0177308      2
  988     567.677     567.602   0.0745875     3.27237   0.0230967      3
  989     567.605      567.53    0.074593      2.6824   0.0115496      4
  990     567.047     566.972   0.0747257     4.08115    0.104668      5
  991     566.974       566.9   0.0747205      2.7896  0.00962437      6
  992     566.517     566.442   0.0748768     6.40774    0.122577      0
  993     566.399     566.325     0.07485     3.87399  0.00477348      1
  994     566.168     566.093    0.074884     3.23093   0.0307204      0
  995      566.11     566.035   0.0748928     2.84219   0.0153578      1
  996     566.015      565.94   0.0749132     3.16607   0.0216568      2
  997     565.956     565.881   0.0749197     2.58756   0.0108292      3
  998     565.132     565.056    0.075191     7.35373    0.237667      4
  999     564.909     564.834   0.0751302     3.12708  0.00873768      5
 1000     564.689     564.614   0.0751818     3.66201    0.045146      0
 1001     564.619     564.544     0.07518     2.55367  0.00953295      1
 1002     550.433     550.352   0.0814095     25.6552     4.96395      0
 1003     546.759     546.679   0.0801203     11.9412  0.00956345      1
 1004     545.147     545.067   0.0801452      3.4995   0.0227918      0
 1005     544.076     543.996    0.080191     4.87926   0.0569796      1
 1006     543.953     543.873   0.0801833     3.69455  0.00520252      2
 1007     543.747     543.667   0.0801853     2.78528   0.0188591      0
 1008     541.864     541.783   0.0803428      3.4404    0.330635      0
 1009     541.862     541.781   0.0803433      3.4037  0.000467398      1
 1010     541.467     541.386   0.0804368     4.50045   0.0591258      0
 1011     541.401     541.321   0.0804289     3.14433  0.00542729      1
 1012     541.251     541.171   0.0804607     2.47995   0.0224724      0
 1013     540.125     540.044   0.0807474     3.39328    0.203656      1
 1014     540.082     540.001   0.0807398     2.30646   0.0187202      2
 1015     539.847     539.766   0.0808209     2.40128   0.0678607      3
 1016     539.694     539.613    0.080865     2.76743   0.0339343      4
 1017     539.641      539.56   0.0808645     2.46371  0.00716053      5
 1018     539.547     539.467   0.0808817     2.27178   0.0179013      0
 1019     538.681     538.599   0.0813939     5.85622    0.405577      1
 1020     538.114     538.033   0.0812622      2.7829   0.0159501      2
 1021     537.952     537.871   0.0812737     2.30072   0.0159501      0
 1022      537.87     537.788   0.0812994     2.28217   0.0239261      0
 1023     537.424     537.343   0.0815795     4.76136     0.21683      0
 1024     537.122      537.04   0.0814854     2.33023    0.019798      1
 1025     537.022     536.941   0.0815044      2.4463  0.00990196      2
 1026     536.979     536.898   0.0815081     2.27489   0.0081276      3
 1027     536.212     536.131   0.0817189     2.41725    0.184141      0
 1028     536.076     535.994   0.0817402     2.55426   0.0169526      1
 1029     536.013     535.931    0.081743     2.28251  0.00844825      2
 1030     535.811     535.729   0.0818031     2.32204    0.053664      0
 1031     535.613     535.531    0.081912     3.39376   0.0804985      0
 1032     535.415     535.333   0.0818864     2.26627   0.0169244      1
 1033     531.903      531.82   0.0830351     5.68603     0.95861      0
 1034     531.498     531.415   0.0829217     3.26807   0.0163645      1
 1035     531.221     531.138   0.0829285     2.37451   0.0163645      0
 1036     531.165     531.083   0.0829399     2.26542   0.0122746      0
 1037     529.702     529.618   0.0834954     5.14347    0.479478      0
 1038     529.241     529.158   0.0834007     2.31297   0.0189338      1
 xmin=a+b/100  
 xmin=a+b/100  
 1039     529.129     529.045   0.0834361     2.29415    0.031359      0
 1040     528.942     528.859   0.0835846     3.88089    0.113677      0
 1041     528.711     528.628   0.0835581      2.8351    0.010388      1
 1042     528.568     528.484    0.083565      2.3299    0.010388      0
 1043     528.528     528.445   0.0835757     2.25968   0.0106003      0
 1044     526.909     526.825   0.0842888     6.06238    0.600408      0
 1045     526.434      526.35   0.0842082     3.88318   0.0102228      1
 1046     526.024      525.94   0.0842126     2.52441   0.0153384      0
 1047      525.96     525.876   0.0842195      2.2704  0.00764044      0
 1048     525.762     525.678   0.0842997     2.41772   0.0692415      0
 1049     525.627     525.543   0.0843077     2.35203  0.00638626      1
 1050      525.61     525.526   0.0843102     2.27959  0.00319359      2
 1051     525.558     525.474   0.0843303     2.26765   0.0182252      0
 1052     525.421     525.337   0.0844773     4.01174    0.113907      0
 1053      525.13     525.046   0.0844468      2.6577   0.0104064      1
 1054     525.058     524.974   0.0844505     2.38414  0.00520524      0
 1055     525.022     524.937   0.0844571     2.25273  0.00728104      0
 1056     521.593     521.508    0.085618     6.21427     1.03101      0
 1057     521.108     521.023   0.0855573     4.20885  0.00762718      1
 1058     520.675     520.589   0.0855591     2.79488   0.0114449      0
 1059     520.561     520.475   0.0855632     2.27754  0.00569883      0
 1060     520.543     520.458   0.0855691     2.22251  0.00569883      0
 1061         519     518.914   0.0862295      5.2706    0.556526      0
 1062     518.731     518.645   0.0861717     4.02345  0.00949999      1
 1063     518.467      518.38   0.0861712     2.37577   0.0142538      0
 1064     518.251     518.165   0.0861895     2.67527     0.01759      1
 1065     518.234     518.148   0.0861898     2.54399  0.00161442      2
 1066     518.221     518.134   0.0861915     2.42847   0.0024218      0
 1067     518.212     518.126   0.0861937     2.35736  0.00290813      0
 1068     518.083     517.996    0.086214     2.26789   0.0240369      0
 1069     517.997     517.911   0.0862273     2.46392   0.0120203      1
 1070     517.964     517.878   0.0862284     2.30524  0.00253049      2
 1071     517.944     517.858   0.0862339     2.22892  0.00632623      0
 1072     517.377      517.29   0.0868989     8.07648    0.617796      0
 1073      516.31     516.223    0.086751     4.24373   0.0102902      1
 1074      516.06     515.974   0.0867514     3.39354   0.0021671      0
 xmin=a+b/100  
 xmin=a+b/100  
 1075     515.877      515.79   0.0867525      2.4787   0.0021671      0
 1076     515.873     515.786   0.0867537     2.42439  0.00108342      0
 1077     515.789     515.702   0.0867811     2.34957   0.0245462      0
 1078     515.722     515.635   0.0867824     2.33753  0.000983049      0
 1079     515.691     515.604   0.0867949     2.29246   0.0112025      0
 1080      515.65     515.563   0.0867979     2.40371  0.00236748      0
 1081     515.645     515.559   0.0867983     2.35536  0.00050023      1
 1082     515.642     515.555   0.0867994     2.30963  0.00102855      0
 1083     515.624     515.537   0.0868075     2.26972  0.00728832      0
 1084     515.591     515.504    0.086812     2.43191  0.00364451      0
 1085     515.581     515.494   0.0868126     2.33591  0.000765604      1
 1086     515.577      515.49   0.0868136     2.29129  0.00100884      0
 1087     515.565     515.478   0.0868199     2.25442  0.00571901      0
 1088     515.534     515.447   0.0868234     2.34457  0.00286035      0
 1089     515.529     515.443   0.0868249     2.26571  0.00142948      0
 1090     514.095     514.007   0.0877797     6.23154    0.830553      0
 1091     513.231     513.144   0.0874885     2.44842   0.0327074      1
 1092     512.907     512.819   0.0875387     2.30772   0.0541716      0
 xmin=a+b/100  
 xmin=a+b/100  
 1093     512.506     512.418   0.0875832     2.49723   0.0541716      1
 1094     512.439     512.352   0.0875859     2.16759  0.00493152      2
 1095     509.153     509.064    0.089253      15.588     1.56851      0
 1096     508.594     508.505   0.0890831     11.3046  0.00305319      1
 1097      507.73     507.641   0.0890852     5.24321   0.0110678      0
 1098     507.271     507.182   0.0891082     4.01556   0.0276695      0
 1099     507.108     507.019   0.0891062     3.16851  0.00581822      1
 1100     506.975     506.886   0.0891096     2.48572  0.00872907      0
 1101     506.684     506.595    0.089179     4.16673   0.0791072      0
 1102     506.392     506.303   0.0891741     2.94831  0.00312751      1
 1103     506.304     506.214    0.089175     2.43819  0.00154716      0
 1104     506.292     506.203   0.0891756     2.32001  0.000773845      0
 1105     506.289       506.2   0.0891762     2.26248  0.000740055      0
 1106     506.288     506.199    0.089177     2.23437  0.000796387      0
 1107     506.281     506.192   0.0891812     2.18239  0.00434411      0
 1108      506.24     506.151   0.0891889     2.41166  0.00717851      0
 1109     506.227     506.138   0.0891897     2.18882  0.00148574      1
 1110       506.2      506.11   0.0892025     2.14748   0.0129041      0
 1111     506.147     506.058   0.0892057     2.28144  0.00272739      0
 1112     506.141     506.052    0.089206     2.21932  0.000576087      1
 1113     506.137     506.048   0.0892071     2.16441  0.00115921      0
 1114     506.119      506.03   0.0892142     2.12993  0.00724507      0
 1115     506.086     505.997   0.0892184     2.29909  0.00362268      0
 1116     506.073     505.984   0.0892188     2.20151  0.000764001      1
 1117     506.064     505.975   0.0892201     2.13217  0.00145653      0
 1118     501.499     501.407   0.0913877     8.12188     2.03278      0
 1119     500.547     500.456   0.0908678     3.51698   0.0310699      1
 1120     500.225     500.135   0.0908782     3.42608   0.0310699      0
 1121      500.13     500.039   0.0908783     2.89701  0.00286029      1
 1122     500.113     500.022   0.0908785     2.77507  0.000603675      0
 1123     500.105     500.015   0.0908787     2.67526  0.000511654      0
 1124     500.105     500.014   0.0908788     2.66032  0.000108098      0
 1125     500.105     500.014   0.0908788     2.65372  5.4049e-05      0
 1126     500.105     500.014   0.0908788     2.65224  1.14219e-05      0
 1127     500.105     500.014   0.0908788     2.65101  1.02531e-05      0
 1128     500.105     500.014   0.0908788     2.65076  2.16674e-06      0
 1129     500.105     500.014   0.0908788     2.65063  1.08337e-06      0
 1130     500.105     500.014   0.0908788     2.65057  5.41686e-07      0
 1131     500.105     500.014   0.0908788     2.65054  2.70843e-07      0
 Line search has stagnated, try resetting step size to 1.
 1133     499.858     499.767    0.090901     2.31888   0.0399391      0
 1134     499.717     499.626   0.0909273     3.11629   0.0399391      1
 1135      499.59     499.499   0.0909259     2.22645  0.00358425      2
 1136     499.586     499.495   0.0909273     2.19531  0.00179222      0
 1137     499.464     499.373   0.0909445      2.1383   0.0214956      0
 1138     499.424     499.333    0.090949     2.13798  0.00454402      0
 1139     499.415     499.324   0.0909507     2.10667  0.00227217      0
 1140     499.358     499.267   0.0909684     2.15629   0.0205915      0
 1141     499.315     499.224   0.0909729     2.18414  0.00435044      0
 1142     499.301      499.21    0.090974      2.0871  0.00217317      1
 1143     494.521     494.428   0.0927234     5.02373     1.92328      0
 1144     494.308     494.216   0.0926142     3.46611   0.0207959      1
 1145     494.025     493.932   0.0926319     2.75889   0.0311969      0
 1146     493.572     493.479   0.0927002     2.80425   0.0467999      1
 xmin=a+b/100  
 xmin=a+b/100  
 1147     493.419     493.326   0.0927224     2.49757   0.0351037      2
 1148     493.329     493.237    0.092747     4.69215   0.0175018      3
 1149     493.051     492.958   0.0927458     3.35511  0.000303026      4
 1150     493.019     492.926   0.0927459      2.9567  0.000228048      0
 1151     493.018     492.925   0.0927459       2.909  4.80708e-05      0
 Line search has stagnated, try resetting step size to 1.
 Line search has stagnated, and resetting step size to 1 did not help, now breaking out.
Saving adjoint restart file: IR-UaOpt-ConjGrad-UaOptimization-Nod6-I-Adjoint-Cga1k000000-Cgs100k000000-Aga1k000000-Ags100k000000-0-0-logAGlenlogC 
  saving C and m  in file C-Estimate.mat 
  saving AGlen and m in file AGlen-Estimate.mat 
  Calling UaOutputs. UaOutputsInfostring=End of Inverse Run , UaOutputsCounter=2 
  Allt gott þá endirinn er allra bestur! 
 Run finishes at 08-Mar-2017 04:58:58 
 >> 