
                            < M A T L A B (R) >
                  Copyright 1984-2016 The MathWorks, Inc.
                   R2016b (9.1.0.441655) 64-bit (glnxa64)
                             September 7, 2016

 
To get started, type one of these: helpwin, helpdesk, or demo.
For product information, visit www.mathworks.com.
 

	Non-Degree Granting Education License -- for use at non-degree granting, nonprofit,
	educational organizations only.  Not for government, commercial, or other organizational use.

>> >> >> >> >> >> >> >> >>  On input UserVar=500000.000000 

 
 **************************     Úa version: 13 Jan 2017  ********************** 
    Run starts at 26-Feb-2017 13:55:43  
    Experiment: UaOpt-ConjGrad  
    Inverse-modelling restart run.  
 	CtrlVar.Inverse.InvertFor='logAGlenlogC'
	CtrlVar.Inverse.Regularize.Field='logAGlenlogC'
	CtrlVar.Inverse.DataMisfit.GradientCalculation='Adjoint'
   Running on: bslicea.nerc-bas.ac.uk
 ***************************************************************************** 
 
 Inverse run: loading restart file: IR-UaOpt-ConjGrad-UaOptimization-Nod3-I-Adjoint-Cga1k000000-Cgs500000k000000-Aga1k000000-Ags500000k000000-0-0-logAGlenlogC 	  done 
  Setting h(h<50)=50 
  Calling UaOutputs. UaOutputsInfostring=Start of Inverse Run , UaOutputsCounter=1 
 
 ===========   Inverting for model parameters. ================  

 +++++++++++ At start of inversion:  	 J=183.721 	 I=102.696 	 R=81.0249  |grad|=0.231136 	 	 gamma=4.846e-08 
 

   It         J           I          R         |grad|      gamma   #ccUpdate
 4143     183.721     102.696     81.0249    0.231136   4.846e-08      0
 Line search has stagnated, try resetting step size to 1.
 Line search has stagnated, and resetting step size to 1 did not help, now breaking out.
Saving adjoint restart file: IR-UaOpt-ConjGrad-UaOptimization-Nod3-I-Adjoint-Cga1k000000-Cgs500000k000000-Aga1k000000-Ags500000k000000-0-0-logAGlenlogC 
  saving C and m  in file C-Estimate.mat 
  saving AGlen and m in file AGlen-Estimate.mat 
  Calling UaOutputs. UaOutputsInfostring=End of Inverse Run , UaOutputsCounter=2 
  Allt gott þá endirinn er allra bestur! 
 Run finishes at 26-Feb-2017 14:01:12 
 >> 