
                            < M A T L A B (R) >
                  Copyright 1984-2016 The MathWorks, Inc.
                   R2016b (9.1.0.441655) 64-bit (glnxa64)
                             September 7, 2016

 
To get started, type one of these: helpwin, helpdesk, or demo.
For product information, visit www.mathworks.com.
 

	Non-Degree Granting Education License -- for use at non-degree granting, nonprofit,
	educational organizations only.  Not for government, commercial, or other organizational use.

>> >> >> >> >> >> >> >> >>  On input UserVar=1.000000 

 
 **************************     Úa version: 13 Jan 2017  ********************** 
    Run starts at 01-Mar-2017 13:14:55  
    Experiment: UaOpt-ConjGrad  
    Inverse-modelling run.  
 	CtrlVar.Inverse.InvertFor='logAGlenlogC'
	CtrlVar.Inverse.Regularize.Field='logAGlenlogC'
	CtrlVar.Inverse.DataMisfit.GradientCalculation='Adjoint'
   Running on: bslicea.nerc-bas.ac.uk
 ***************************************************************************** 
 
 loading an initial mesh from PIG-TWG-Mesh.mat 
 Number of integration points: nip=7 niph=7 
 #Elements: 38912, #Nod: 6,  # Nodes=78485. Elements have max, mean, median, and min sizes of 30023.5,  4871.99,  3934.02,  862.062,   respectively. 
 MUA was saved in MeshFile.mat .
Loading Interpolants for s, b and B done
DefineIceDensity: loading file: FirnThickOnly.mat  done 
 Defining interpolants 
 Setting h(h<50)=50 
  Using DefineBoundaryConditions.m to define boundary conditions 
Loading interpolants for surface velocity data done.
 Setting h(h<50)=50 
  Calling UaOutputs. UaOutputsInfostring=Start of Inverse Run , UaOutputsCounter=1 
 
 ===========   Inverting for model parameters. ================  

 +++++++++++ At start of inversion:  	 J=4806.99 	 I=4806.99 	 R=0  |grad|=127.826 	 	 gamma=0.0999032 
 

   It         J           I          R         |grad|      gamma   #ccUpdate
    0     4806.99     4806.99           0     127.826   0.0999032      0
    1     3725.63     3725.63  0.000208048     64.0728   0.0964731      0
    2     3642.95     3642.95  0.000211215     98.6218   0.0500766      1
    3     3580.75     3580.75  0.000240993     69.1379   0.0125192      2
    4     2945.86     2945.86  0.000527105      71.281    0.113455      3
    5     2839.65     2839.65  0.000640086     68.6295   0.0369442      4
    6     2823.31     2823.31  0.000628823     51.6167  0.00698417      5
    7     2557.55     2557.55  0.00116924     267.821    0.158235      6
    8     2516.84     2516.84  0.00102534     127.105  0.00133542      7
    9     2416.68     2416.68  0.00104936     64.6592   0.0138237      0
   10     2361.48     2361.48  0.00113744     74.8617   0.0216033      1
   11     2338.56     2338.55  0.00113402     60.6856   0.0107725      2
   12     2274.42     2274.42  0.00125778     80.4086   0.0269313      3
   13     2257.81      2257.8  0.00124076     53.2377  0.00511069      4
   14     2119.53     2119.53  0.00157256      38.746   0.0798546      0
   15     2104.89     2104.89  0.00158246     24.0213   0.0149217      1
   16     2059.35     2059.35  0.00201829      58.052    0.135228      0
   17     2052.76     2052.76  0.00190422     23.6465  0.00598381      1
   18     2031.03     2031.03  0.00211837      38.866   0.0844333      0
   19     2023.72     2023.72   0.0020853     20.5429  0.00967595      1
   20     2001.89     2001.89  0.00237287     41.2674   0.0876883      0
   21     1998.36     1998.36  0.00231033     20.3878  0.00547798      1
   22     1983.21     1983.21  0.00253543     33.1608   0.0773289      0
   23     1978.68     1978.68  0.00249099     16.8604   0.0103816      1
   24     1918.53     1918.53   0.0038497     65.1012    0.356324      0
   25     1909.26     1909.25  0.00358652     31.0131  0.00413121      1
   26     1899.72     1899.71  0.00363845     14.4968   0.0194127      0
   27     1896.72     1896.72  0.00372047     17.3349   0.0260815      1
   28     1895.27     1895.27  0.00372613     14.0632    0.012984      2
   29     1892.12     1892.12  0.00382399     18.1947   0.0259478      3
   30     1890.92     1890.91  0.00381913     13.4323  0.00547203      4
   31     1864.67     1864.66  0.00509049     41.5487    0.281577      0
   32     1857.35     1857.35  0.00469961     19.2743  0.00912321      1
   33     1850.74     1850.74  0.00486501     15.3175   0.0308928      0
   34     1849.47     1849.46   0.0048833     13.6509   0.0153852      1
   35     1847.34     1847.34  0.00495971      14.179   0.0172915      2
   36     1846.12     1846.12  0.00497537     11.7904  0.00868218      3
   37     1818.58     1818.57  0.00642865     29.3159    0.279192      4
   38     1815.72     1815.71  0.00604626     12.9419  0.00853989      5
   39     1807.85     1807.85  0.00601539     20.0674   0.0962379      0
   40     1805.84     1805.83  0.00605461     12.6448   0.0074869      1
   41     1801.21      1801.2  0.00627783     16.6904   0.0507951      0
   42     1800.34     1800.34  0.00625595     11.7512  0.00453319      1
   43     1795.63     1795.62  0.00647196     17.9813   0.0659041      0
   44     1794.43     1794.42  0.00644634     12.1395  0.00550309      1
   45     1790.44     1790.43   0.0065999     15.9625   0.0492913      0
   46     1789.64     1789.63  0.00658629     11.3296  0.00441366      1
   47     1785.13     1785.12  0.00676909     18.1608   0.0689635      0
   48     1783.91     1783.91  0.00674696     11.7959  0.00564296      1
   49     1780.03     1780.03  0.00689267     15.8084   0.0503042      0
   50     1779.25     1779.24  0.00687898     11.0829   0.0044924      1
   51     1774.93     1774.92  0.00704788     17.6354   0.0673934      0
   52     1773.82     1773.82  0.00702855     11.4651  0.00559266      1
   53     1770.07     1770.07  0.00717139     15.4473   0.0506835      0
   54     1769.34     1769.34  0.00715806     10.8849  0.00453121      1
   55     1765.23     1765.23  0.00731948     17.3615   0.0660682      0
   56      1764.2     1764.19  0.00730117     11.1959  0.00551943      1
   57     1760.61      1760.6  0.00744049     14.9974   0.0500199      0
   58     1759.95     1759.94  0.00742817     10.7235  0.00448629      1
   59     1756.04     1756.03  0.00758642     17.5153   0.0655219      0
   60     1755.03     1755.02  0.00756696     10.9896  0.00543188      1
   61     1751.57     1751.57   0.0077032     14.7843   0.0492264      0
   62     1750.95     1750.95   0.0076912     10.5906  0.00441659      1
   63     1747.24     1747.23  0.00784383     17.3812   0.0636277      0
   64     1746.29     1746.28  0.00782473     10.8301  0.00528464      1
   65        1743     1742.99   0.0079562      14.582   0.0478921      0
   66     1742.42     1742.42  0.00794484     10.4841  0.00430144      1
   67     1738.87     1738.86  0.00809445     17.3265   0.0624797      0
   68     1737.95     1737.94  0.00807507      10.729  0.00517983      1
   69     1734.78     1734.77  0.00820299     14.4814   0.0469422      0
   70     1734.23     1734.22  0.00819197     10.4022  0.00421728      1
   71     1730.79     1730.79  0.00833934     17.1453   0.0615303      0
   72     1729.91      1729.9  0.00832025     10.6653  0.00511566      1
   73     1726.82     1726.81  0.00844567     14.3578   0.0463607      0
   74     1726.28     1726.28  0.00843512     10.3403  0.00416924      1
   75     1722.89     1722.89  0.00858334     17.1078   0.0617612      0
   76     1722.01        1722  0.00856371     10.6227  0.00512701      1
   77     1718.94     1718.93   0.0086886     14.3266   0.0464636      0
   78     1718.41      1718.4  0.00867812     10.2997  0.00417805      1
   79     1715.04     1715.03  0.00882674     16.9732   0.0617771      0
   80     1714.16     1714.15  0.00880726     10.5957  0.00514482      1
   81     1711.12     1711.11  0.00893258     14.2622   0.0466249      0
   82     1710.59     1710.58  0.00892225      10.273  0.00419531      1
   83     1707.21      1707.2  0.00907118     16.7505   0.0615417      0
   84     1706.36     1706.35   0.0090523     10.5739  0.00515949      1
   85      1703.3     1703.29  0.00917815     14.1582   0.0467579      0
   86     1702.78     1702.77  0.00916813     10.2534   0.0042123      1
   87     1699.42     1699.41  0.00931854     16.6229   0.0617963      0
   88     1698.58     1698.57   0.0092998     10.5527  0.00520036      1
   89     1695.53     1695.52  0.00942694     14.0847   0.0471283      0
   90        1695     1694.99  0.00941702     10.2354  0.00424938      1
   91     1691.63     1691.62  0.00957288     16.8939   0.0638371      0
   92     1690.73     1690.72  0.00955224     10.5416   0.0053178      1
   93     1687.66     1687.65  0.00968161     14.2373   0.0481926      0
   94     1687.11      1687.1  0.00967087     10.2291  0.00433588      1
   95     1683.72     1683.71  0.00982377     16.5429   0.0631033      0
   96     1682.86     1682.85   0.0098048     10.5279   0.0053194      1
   97     1679.77     1679.76  0.00993352     14.0592   0.0482071      0
   98     1679.23     1679.22  0.00992342     10.2128  0.00434684      1
   99     1675.78     1675.77   0.0100812     16.9002   0.0655665      0
  100     1674.86     1674.85     0.01006     10.5223  0.00545425      1
  101     1671.72     1671.71    0.010191     14.2411   0.0494291      0
  102     1671.15     1671.14   0.0101799     10.2121  0.00444578      1
  103     1667.69     1667.68   0.0103367     16.7757   0.0658979      0
  104     1666.77     1666.76   0.0103162     10.5175  0.00550617      1
  105      1663.6     1663.59   0.0104469     14.1734   0.0498997      0
  106     1663.04     1663.03   0.0104361     10.2125  0.00449227      1
  107     1659.49     1659.48   0.0105942     16.9078   0.0673153      0
  108     1658.55     1658.54   0.0105731      10.535  0.00559904      1
  109     1655.29     1655.28   0.0107045     14.2352   0.0507413      0
  110     1654.72     1654.71   0.0106935     10.2287  0.00456469      1
  111     1651.11      1651.1   0.0108511     16.8727   0.0680308      0
  112     1650.15     1650.14   0.0108304     10.5602   0.0056701      1
  113     1646.88     1646.86    0.010962     14.2667   0.0513853      0
  114     1646.29     1646.28   0.0109509     10.2573  0.00462321      1
  115     1642.62     1642.61   0.0111087     16.9515   0.0691459      0
  116     1641.65     1641.64   0.0110879     10.5954  0.00575331      1
  117     1638.29     1638.27   0.0112198      14.301   0.0521394      0
  118     1637.69     1637.67   0.0112086     10.2874  0.00469089      1
  119     1633.93     1633.92   0.0113644     16.8052   0.0693248      0
  120     1632.97     1632.96   0.0113448     10.6296   0.0058056      1
  121     1629.54     1629.53   0.0114763     14.2608   0.0526133      0
  122     1628.93     1628.92   0.0114655     10.3169  0.00473835      1
  123     1625.07     1625.06   0.0116216     16.8745   0.0704812      0
  124     1624.09     1624.08    0.011602     10.6703  0.00589479      1
  125     1620.61      1620.6   0.0117342     14.3371   0.0534216      0
  126     1619.98     1619.97   0.0117232     10.3517    0.004809      1
  127      1616.1     1616.09   0.0118818     17.0964   0.0724526      0
  128     1615.06     1615.04   0.0118613     10.7041  0.00601915      1
  129     1611.49     1611.48   0.0119951     14.4468   0.0545485      0
  130     1610.85     1610.84   0.0119837     10.3822   0.0049051      1
  131     1606.85     1606.84   0.0121432     17.1796   0.0736993      0
  132     1605.79     1605.78   0.0121226     10.7457  0.00611218      1
  133     1602.13     1602.12   0.0122577     14.4955   0.0553917      0
  134     1601.48     1601.46   0.0122461     10.4146  0.00497988      1
  135      1597.4     1597.38   0.0124072     17.2238   0.0749503      0
  136      1596.3     1596.29   0.0123866     10.7829  0.00621394      1
  137     1592.58     1592.57   0.0125237      14.564   0.0563139      0
  138     1591.91      1591.9   0.0125119     10.4562  0.00506107      1
  139     1587.72      1587.7   0.0126765      17.356   0.0765867      0
  140     1586.59     1586.58   0.0126554     10.8327  0.00632869      1
  141     1582.78     1582.76   0.0127966     14.6687   0.0573537      0
  142     1582.08     1582.07   0.0127842     10.5065    0.005151      1
  143     1577.81      1577.8   0.0129489     17.1151   0.0762471      0
  144      1576.7     1576.69   0.0129286     10.8828  0.00637161      1
  145     1572.81     1572.79   0.0130669     14.5917   0.0577427      0
  146     1572.11      1572.1   0.0130552     10.5605  0.00519579      1
  147      1567.7     1567.69   0.0132176     17.3015   0.0781685      0
  148     1566.55     1566.54   0.0131978     10.9504  0.00650392      1
  149     1562.52      1562.5   0.0133375     14.7426   0.0589418      0
  150     1561.79     1561.78   0.0133255     10.6333   0.0052977      1
  151     1557.23     1557.22   0.0134892     17.4015   0.0794032      0
  152     1556.05     1556.04   0.0134695     11.0401  0.00660397      1
  153     1551.92      1551.9   0.0136113     14.8805   0.0598485      0
  154     1551.17     1551.16    0.013599     10.7258  0.00537625      1
  155     1546.48     1546.46   0.0137648      17.564   0.0806765      0
  156     1545.26     1545.24   0.0137449     11.1464  0.00669639      1
  157     1540.97     1540.96   0.0138889     15.0055    0.060686      0
  158      1540.2     1540.18   0.0138765     10.8288  0.00545012      1
  159     1535.32     1535.31   0.0140449     17.7486   0.0819798      0
  160     1534.06     1534.04   0.0140247     11.2715  0.00678924      1
  161     1529.63     1529.62   0.0141711     15.1831   0.0615275      0
  162     1528.83     1528.81   0.0141582     10.9524  0.00552217      1
  163     1523.79     1523.77   0.0143281     17.9618   0.0832794      0
  164     1522.47     1522.46    0.014308     11.4121   0.0068785      1
  165     1517.86     1517.85    0.014456     15.3754   0.0623364      0
  166     1517.03     1517.02   0.0144429     11.0897  0.00559063      1
  167     1511.75     1511.74    0.014616     18.2765   0.0847865      0
  168     1510.38     1510.37   0.0145954     11.5788  0.00696066      1
  169     1505.56     1505.54   0.0147469     15.6134    0.063081      0
  170     1504.69     1504.68   0.0147334     11.2388  0.00565028      1
  171     1499.14     1499.13   0.0149142     18.8347   0.0874965      0
  172     1497.65     1497.64   0.0148917     11.7663  0.00706741      1
  173     1492.69     1492.68   0.0150487     16.0066   0.0640484      0
  174     1491.76     1491.74   0.0150338     11.3946  0.00571805      1
  175     1486.12     1486.11   0.0152117     18.5923   0.0855465      0
  176     1484.67     1484.66   0.0151911     11.8847  0.00702264      1
  177     1479.53     1479.52   0.0153457      15.884   0.0636427      0
  178     1478.62      1478.6   0.0153323     11.4911  0.00570108      1
  179     1472.61      1472.6   0.0155123     18.7389   0.0864637      0
  180      1471.1     1471.08   0.0154927     11.9749  0.00707936      1
  181     1465.98     1465.97   0.0156589      16.003   0.0641567      0
  182     1465.03     1465.01   0.0156433     11.5339  0.00574357      1
  183     1459.32     1459.31   0.0158189     18.5651   0.0857247      0
  184     1457.82     1457.81   0.0157992     11.9618  0.00707775      1
  185     1452.73     1452.71   0.0159501     15.8692   0.0641421      0
  186     1451.79     1451.77   0.0159366     11.4871   0.0057508      1
  187     1446.15     1446.13   0.0161013     18.3151   0.0854848      0
  188     1444.68     1444.66   0.0160842     11.8524  0.00710134      1
  189     1439.68     1439.66   0.0162323     15.6907   0.0643559      0
  190     1438.75     1438.73   0.0162191     11.3563  0.00577382      1
  191     1433.27     1433.26   0.0163763     17.9289   0.0848252      0
  192     1431.85     1431.83    0.016361     11.6437   0.0070994      1
  193     1426.98     1426.97   0.0165045     15.3013   0.0643383      0
  194      1426.1     1426.08    0.016492     11.1375  0.00578557      1
  195     1420.82      1420.8   0.0166466      17.542   0.0849142      0
  196     1419.45     1419.44   0.0166316     11.3817   0.0071419      1
  197     1414.78     1414.76   0.0167748     14.9863   0.0647235      0
  198     1413.92     1413.91   0.0167623     10.8986  0.00582463      1
  199      1408.9     1408.88   0.0169143      17.079   0.0844961      0
  200      1407.6     1407.58   0.0168999     11.1072  0.00715504      1
  201     1403.12     1403.11   0.0170418     14.5976   0.0648426      0
  202     1402.32      1402.3   0.0170296     10.6659  0.00584579      1
  203     1397.47     1397.45   0.0171807     16.8055   0.0850528      0
  204     1396.21      1396.2   0.0171664     10.8543  0.00721081      1
  205     1391.88     1391.87    0.017309      14.345   0.0653479      0
  206      1391.1     1391.09   0.0172966     10.4615  0.00589242      1
  207     1386.44     1386.42   0.0174473     16.5539   0.0851523      0
  208     1385.23     1385.21   0.0174328     10.6253  0.00722988      1
  209     1381.04     1381.02   0.0175754     14.1052   0.0655208      0
  210     1380.29     1380.27   0.0175626      10.278   0.0059097      1
  211      1375.8     1375.78   0.0177101     16.3407   0.0846601      0
  212     1374.63     1374.61    0.017696     10.4091  0.00719467      1
  213     1370.59     1370.57   0.0178376     13.8857   0.0652017      0
  214     1369.88     1369.86   0.0178247     10.1009  0.00588144      1
  215      1365.6     1365.58   0.0179685     16.1169   0.0831122      0
  216     1364.48     1364.47   0.0179548     10.1968  0.00707088      1
  217     1360.65     1360.63   0.0180941     13.6995   0.0640799      0
  218     1359.97     1359.95   0.0180811     9.91537  0.00577837      1
  219     1355.96     1355.94   0.0182189     15.8722   0.0803611      0
  220     1354.91     1354.89   0.0182057     9.99743  0.00683969      1
  221     1351.35     1351.33   0.0183397     13.6085   0.0619847      0
  222     1350.69     1350.68   0.0183267     9.71975  0.00558141      1
  223     1346.99     1346.97   0.0184583     15.5142   0.0766495      0
  224     1346.02        1346   0.0184458     9.82633  0.00653719      1
  225     1342.79     1342.77    0.018574     13.5745   0.0592433      0
  226     1342.16     1342.14   0.0185608     9.52752   0.0053252      1
  227     1338.76     1338.75   0.0186889     15.1604   0.0733331      0
  228     1337.86     1337.84   0.0186766     9.67306  0.00626714      1
  229     1334.92      1334.9      0.0188     13.4144   0.0567959      0
  230     1334.32      1334.3   0.0187871     9.34478  0.00510588      1
  231     1331.19     1331.17   0.0189123     14.7453    0.070951      0
  232     1330.34     1330.32   0.0188997      9.5131  0.00609655      1
  233     1327.61     1327.59   0.0190154     13.1411     0.05525      0
  234     1327.04     1327.02   0.0190037     9.17453  0.00497438      1
  235     1324.11     1324.09   0.0191239     14.2594   0.0689188      0
  236     1323.32     1323.31   0.0191125     9.33468  0.00597296      1
  237     1320.73     1320.71   0.0192243     12.7338     0.05413      0
  238      1320.2     1320.18    0.019214     9.01036  0.00488819      1
  239     1317.39     1317.37   0.0193355     14.0448   0.0686941      0
  240     1316.63     1316.62   0.0193235     9.16467  0.00596014      1
  241     1314.12      1314.1   0.0194355     12.5171   0.0540137      0
  242     1313.61     1313.59   0.0194251     8.85873  0.00488057      1
  243      1310.9     1310.88   0.0195461       13.82   0.0684733      0
  244     1310.17     1310.15    0.019534     9.00849  0.00595246      1
  245     1307.74     1307.72   0.0196442     12.3066   0.0539441      0
  246     1307.25     1307.23   0.0196341     8.72413  0.00487797      1
  247     1304.61     1304.59   0.0197555     13.6873   0.0686779      0
  248     1303.89     1303.87    0.019743     8.87021  0.00596924      1
  249     1301.51     1301.49   0.0198535      12.165   0.0540963      0
  250     1301.04     1301.02   0.0198435     8.60764  0.00489217      1
  251     1298.45     1298.43   0.0199666     13.5639   0.0688126      0
  252     1297.75     1297.73   0.0199537      8.7526  0.00598143      1
  253     1295.42      1295.4   0.0200664     12.0403   0.0542067      0
  254     1294.95     1294.93    0.020056      8.5106  0.00490296      1
  255     1292.45     1292.43   0.0201798     13.3888   0.0684949      0
  256     1291.77     1291.75   0.0201666     8.65872  0.00596808      1
  257      1289.5     1289.48   0.0202773     11.8997   0.0540857      0
  258     1289.05     1289.03   0.0202672     8.43732  0.00489573      1
  259     1286.58     1286.56   0.0203901     13.3488   0.0687471      0
  260     1285.91     1285.89   0.0203769     8.58786  0.00598492      1
  261     1283.67     1283.65   0.0204878     11.8493   0.0542383      0
  262     1283.22      1283.2   0.0204777     8.38309  0.00490875      1
  263     1280.78     1280.76   0.0206013     13.2956   0.0687715      0
  264     1280.12      1280.1   0.0205879     8.53697  0.00598743      1
  265      1277.9     1277.88   0.0206996     11.8036   0.0542611      0
  266     1277.45     1277.43   0.0206894     8.34562  0.00491093      1
  267     1275.03     1275.01   0.0208145     13.2952   0.0689335      0
  268     1274.37     1274.35   0.0208007     8.50126  0.00599556      1
  269     1272.16     1272.13   0.0209135      11.789   0.0543348      0
  270     1271.72      1271.7   0.0209031     8.32081  0.00491657      1
  271      1269.3     1269.28   0.0210298     13.2913   0.0689596      0
  272     1268.64     1268.62   0.0210157     8.47971   0.0059947      1
  273     1266.44     1266.42   0.0211297     11.7798   0.0543269      0
  274        1266     1265.98   0.0211192     8.30742  0.00491554      1
  275     1263.61     1263.59    0.021247     13.2681   0.0687629      0
  276     1262.95     1262.93   0.0212327     8.47126  0.00598016      1
  277     1260.76     1260.74   0.0213476     11.7655   0.0541952      0
  278     1260.32      1260.3    0.021337     8.30444  0.00490413      1
  279     1257.94     1257.92    0.021466     13.2517   0.0684943      0
  280     1257.28     1257.26   0.0214515     8.47228  0.00595965      1
  281      1255.1     1255.08   0.0215665     11.7537   0.0540093      0
  282     1254.67     1254.65   0.0215559     8.30694  0.00488821      1
  283     1252.29     1252.27   0.0216837     13.2716   0.0683575      0
  284     1251.64     1251.62   0.0216693     8.47683  0.00594523      1
  285     1249.46     1249.44   0.0217835     11.7608   0.0538787      0
  286     1249.02        1249    0.021773     8.31163  0.00487619      1
  287     1246.65     1246.62   0.0219009     13.2856   0.0681544      0
  288     1245.99     1245.97   0.0218865     8.48326  0.00592617      1
  289     1243.81     1243.79   0.0220007     11.7621   0.0537059      0
  290     1243.38     1243.36   0.0219902      8.3164  0.00486072      1
  291     1241.01     1240.98   0.0221173     13.2864   0.0678414      0
  292     1240.36     1240.33    0.022103     8.48954  0.00589991      1
  293     1238.18     1238.16   0.0222165     11.7497   0.0534679      0
  294     1237.75     1237.73   0.0222061     8.31895  0.00484005      1
  295     1235.38     1235.36   0.0223332      13.328   0.0678144      0
  296     1234.72      1234.7   0.0223188     8.49838  0.00589084      1
  297     1232.55     1232.53   0.0224325      11.788   0.0533858      0
  298     1232.12      1232.1    0.022422     8.32171  0.00483082      1
  299     1229.76     1229.74   0.0225493     13.2701   0.0676246      0
  300     1229.11     1229.09   0.0225351     8.48855  0.00588203      1
  301     1226.95     1226.93   0.0226491     11.7749   0.0533059      0
  302     1226.52      1226.5   0.0226386     8.31788  0.00482394      1
  303     1224.17     1224.15   0.0227658     13.2289   0.0672538      0
  304     1223.53     1223.51   0.0227518     8.47863  0.00585595      1
  305     1221.38     1221.36   0.0228658      11.733   0.0530695      0
  306     1220.96     1220.94   0.0228555     8.30515  0.00480421      1
  307     1218.62      1218.6    0.022983     13.2055    0.067024      0
  308     1217.99     1217.96   0.0229689     8.46175  0.00583763      1
  309     1215.85     1215.83   0.0230832     11.6957   0.0529036      0
  310     1215.43      1215.4   0.0230729     8.28424     0.00479      1
  311     1213.11     1213.09   0.0232005      13.149   0.0666702      0
  312     1212.48     1212.46   0.0231864     8.43762  0.00581237      1
  313     1210.36     1210.34   0.0233003     11.6357   0.0526746      0
  314     1209.95     1209.92   0.0232901     8.25611    0.004771      1
  315     1207.65     1207.63   0.0234171     13.0997   0.0664867      0
  316     1207.03        1207   0.0234031     8.40706  0.00579882      1
  317     1204.93     1204.91   0.0235167     11.5984   0.0525518      0
  318     1204.52      1204.5   0.0235065      8.2223  0.00475985      1
  319     1202.24     1202.22   0.0236339     13.0606   0.0664542      0
  320     1201.62      1201.6   0.0236198     8.36047  0.00579481      1
  321     1199.54     1199.52   0.0237339       11.54   0.0525155      0
  322     1199.13     1199.11   0.0237237     8.17517  0.00475707      1
  323     1196.88     1196.85    0.023852     12.9565   0.0663672      0
  324     1196.27     1196.24   0.0238379      8.2999  0.00579395      1
  325     1194.22      1194.2   0.0239533     11.4675   0.0525076      0
  326     1193.82      1193.8   0.0239428      8.1211  0.00475727      1
  327     1191.63      1191.6   0.0240706     12.8131   0.0658896      0
  328     1191.03        1191   0.0240566     8.24042  0.00576629      1
  329     1189.03        1189   0.0241702     11.3476    0.052257      0
  330     1188.63     1188.61   0.0241602     8.06162  0.00473766      1
  331     1186.48     1186.46   0.0242864     12.6913   0.0655873      0
  332      1185.9     1185.87   0.0242727     8.17223  0.00574842      1
  333     1183.93     1183.91   0.0243858     11.2316   0.0520951      0
  334     1183.55     1183.52   0.0243759       7.994  0.00472536      1
  335     1181.43     1181.41    0.024502     12.5851   0.0654454      0
  336     1180.86     1180.84   0.0244883     8.09658   0.0057406      1
  337     1178.93     1178.91   0.0246014      11.122   0.0520242      0
  338     1178.55     1178.53   0.0245916     7.92061  0.00472048      1
  339     1176.48     1176.45    0.024718     12.4854   0.0654031      0
  340     1175.91     1175.89   0.0247042     8.01506  0.00573957      1
  341     1174.01     1173.99   0.0248175     11.0145   0.0520148      0
  342     1173.64     1173.62   0.0248077      7.8429  0.00472075      1
  343      1171.6     1171.57   0.0249349     12.4042    0.065516      0
  344     1171.04     1171.01   0.0249208     7.92853  0.00574869      1
  345     1169.17     1169.14   0.0250347     10.9154   0.0520975      0
  346      1168.8     1168.78   0.0250248     7.76204  0.00472877      1
  347     1166.83      1166.8   0.0251515     12.1833   0.0648547      0
  348     1166.29     1166.27   0.0251377     7.84851   0.0057108      1
  349     1164.49     1164.46   0.0252501     10.7465   0.0517541      0
  350     1164.14     1164.11   0.0252405     7.68543  0.00470246      1
  351     1162.21     1162.19   0.0253651     12.0446   0.0646105      0
  352     1161.69     1161.66   0.0253517     7.76754  0.00569733      1
  353     1159.92      1159.9   0.0254631     10.6178    0.051632      0
  354     1159.58     1159.55   0.0254538     7.60842  0.00469358      1
  355      1157.7     1157.67   0.0255781     11.9087   0.0643877      0
  356     1157.19     1157.16   0.0255647     7.68756  0.00568513      1
  357     1155.46     1155.43   0.0256757     10.4928   0.0515215      0
  358     1155.12      1155.1   0.0256665     7.53388  0.00468579      1
  359     1153.28     1153.26   0.0257899     11.7926   0.0642702      0
  360     1152.78     1152.76   0.0257767      7.6099  0.00567984      1
  361     1151.09     1151.06   0.0258874     10.3804   0.0514735      0
  362     1150.76     1150.74   0.0258782     7.46132  0.00468306      1
  363     1148.96     1148.93   0.0260017     11.6777   0.0641497      0
  364     1148.47     1148.44   0.0259885     7.53648  0.00567442      1
  365     1146.81     1146.78   0.0260993     10.2777   0.0514244      0
  366     1146.49     1146.46   0.0260901     7.39463  0.00468009      1
  367     1144.72      1144.7   0.0262131     11.5692   0.0641033      0
  368     1144.24     1144.22   0.0261999     7.46566  0.00567517      1
  369     1142.62     1142.59   0.0263098     10.1851   0.0514312      0
  370      1142.3     1142.28   0.0263008     7.33192  0.00468188      1
  371     1140.57     1140.54    0.026423     11.4725   0.0640125      0
  372      1140.1     1140.07   0.0264099     7.40165   0.0056714      1
  373      1138.5     1138.47   0.0265194     10.0952    0.051397      0
  374     1138.19     1138.16   0.0265105     7.27361  0.00468001      1
  375     1136.49     1136.46   0.0266324     11.3872   0.0639477      0
  376     1136.02     1135.99   0.0266193     7.34233  0.00566892      1
  377     1134.45     1134.42   0.0267282     10.0138   0.0513746      0
  378     1134.14     1134.12   0.0267194     7.21989  0.00467902      1
  379     1132.47     1132.44   0.0268393     11.3028   0.0638429      0
  380     1132.01     1131.98   0.0268264      7.2886  0.00566339      1
  381     1130.46     1130.43   0.0269339     9.93597   0.0513245      0
  382     1130.16     1130.13   0.0269252     7.17113   0.0046756      1
  383     1128.51     1128.48   0.0270447     11.2306   0.0637685      0
  384     1128.06     1128.03   0.0270318     7.24021  0.00565961      1
  385     1126.53      1126.5    0.027139     9.87095   0.0512902      0
  386     1126.23     1126.21   0.0271303     7.12771  0.00467327      1
  387      1124.6     1124.57   0.0272495     11.1718   0.0637561      0
  388     1124.16     1124.13   0.0272366     7.19607  0.00566016      1
  389     1122.64     1122.62   0.0273435     9.81769   0.0512952      0
  390     1122.35     1122.32   0.0273349     7.08906  0.00467415      1
  391     1120.74     1120.71   0.0274537     11.1143   0.0636989      0
  392      1120.3     1120.27   0.0274409     7.15594  0.00565722      1
  393      1118.8     1118.77   0.0275473     9.76196   0.0512685      0
  394     1118.51     1118.48   0.0275388     7.05404  0.00467245      1
  395     1116.91     1116.89   0.0276568     11.0677   0.0636484      0
  396     1116.48     1116.45    0.027644     7.12137  0.00565418      1
  397     1114.99     1114.96   0.0277498     9.71577    0.051241      0
  398     1114.71     1114.68   0.0277413     7.02375  0.00467043      1
  399     1113.12     1113.09    0.027859     11.0316   0.0636073      0
  400     1112.69     1112.66   0.0278462     7.09143  0.00565123      1
  401     1111.21     1111.18   0.0279519     9.67678   0.0512143      0
  402     1110.93      1110.9   0.0279434     6.99792  0.00466832      1
  403     1109.36     1109.33   0.0280606     10.9767   0.0633929      0
  404     1108.93      1108.9   0.0280479     7.06853  0.00563594      1
  405     1107.47     1107.44   0.0281531     9.63153   0.0510757      0
  406     1107.19     1107.16   0.0281447     6.97772  0.00465679      1
  407     1105.63      1105.6   0.0282614      10.941   0.0632288      0
  408     1105.21     1105.18   0.0282488     7.05024  0.00562332      1
  409     1103.76     1103.73   0.0283537      9.5977   0.0509614      0
  410     1103.48     1103.45   0.0283454     6.96201  0.00464718      1
  411     1101.93      1101.9   0.0284619     10.9066   0.0630271      0
  412     1101.51     1101.48   0.0284494     7.03742  0.00560781      1
  413     1100.06     1100.03   0.0285542     9.56811   0.0508207      0
  414     1099.78     1099.76    0.028546     6.95224  0.00463517      1
  415     1098.24     1098.21   0.0286629     10.9088   0.0629659      0
  416     1097.81     1097.79   0.0286503     7.02826  0.00560106      1
  417     1096.37     1096.34   0.0287556     9.55634   0.0507596      0
  418      1096.1     1096.07   0.0287474     6.94631  0.00462988      1
  419     1094.56     1094.53   0.0288636     10.8385   0.0624434      0
  420     1094.14     1094.11   0.0288514     7.02919  0.00556255      1
  421     1092.71     1092.68   0.0289557     9.51913   0.0504107      0
  422     1092.44     1092.41   0.0289477     6.94681   0.0045998      1
  423     1090.91     1090.89   0.0290612     10.7072    0.061393      0
  424     1090.51     1090.48   0.0290499     7.03851   0.0054842      1
  425     1089.09     1089.06   0.0291521     9.43502   0.0497005      0
  426     1088.82     1088.79   0.0291447     6.94973  0.00453905      1
  427      1087.3     1087.27   0.0292608     10.9716   0.0629299      0
  428     1086.87     1086.84   0.0292479     7.03214  0.00559052      1
  429     1085.44     1085.41   0.0293519     9.61045   0.0506641      0
  430     1085.16     1085.13   0.0293435     6.95077  0.00461963      1
  431     1083.64     1083.61   0.0294587     10.9702   0.0629568      0
  432     1083.21     1083.18    0.029446      7.0547  0.00559285      1
  433      1081.8     1081.77   0.0295492     9.70449   0.0506852      0
  434     1081.51     1081.48   0.0295404     6.95883  0.00461834      1
  435     1079.98     1079.95   0.0296528      10.809   0.0617421      0
  436     1079.57     1079.54   0.0296412     7.08175  0.00550395      1
  437     1078.17     1078.14   0.0297424     9.64809   0.0498795      0
  438     1077.88     1077.85   0.0297341     6.96384  0.00454847      1
  439     1076.35     1076.32   0.0298489     11.0191   0.0634601      0
  440     1075.92     1075.89    0.029836     7.08408  0.00562952      1
  441     1074.51     1074.48    0.029939     9.84452   0.0510175      0
  442      1074.2     1074.17   0.0299297     6.94343  0.00464312      1
  443     1072.64     1072.61   0.0300466     11.0592   0.0648764      0
  444      1072.2     1072.17   0.0300332     7.02649  0.00574452      1
  445     1070.76     1070.73    0.030138     9.79298   0.0520597      0
  446     1070.47     1070.44   0.0301286     6.91765  0.00473801      1
  447      1068.9     1068.87   0.0302466     11.0496    0.065506      0
  448     1068.46     1068.43    0.030233     6.98242  0.00579753      1
  449     1067.02     1066.99   0.0303386     9.74954   0.0525402      0
  450     1066.73     1066.69   0.0303291     6.88257  0.00478179      1
  451     1065.16     1065.13   0.0304478     11.0165   0.0658539      0
  452     1064.73      1064.7    0.030434     6.93378  0.00582815      1
  453     1063.29     1063.25   0.0305396     9.67102   0.0528176      0
  454        1063     1062.97   0.0305304     6.85379  0.00480823      1
  455     1061.47     1061.44   0.0306437     10.8707   0.0649607      0
  456     1061.05     1061.02    0.030631     6.90087  0.00576325      1
  457     1059.64     1059.61    0.030733     9.54137   0.0522295      0
  458     1059.36     1059.33   0.0307243     6.81419  0.00475847      1
  459     1057.88     1057.84   0.0308364     10.7188   0.0641687      0
  460     1057.47     1057.43   0.0308242     6.84437  0.00570545      1
  461     1056.09     1056.06   0.0309255     9.38833   0.0517057      0
  462     1055.82     1055.79   0.0309171      6.7492  0.00471469      1
  463     1054.37     1054.34   0.0310282      10.539   0.0635331      0
  464     1053.97     1053.94   0.0310163     6.77462  0.00566285      1
  465     1052.63      1052.6   0.0311162     9.22646   0.0513196      0
  466     1052.38     1052.35   0.0311081     6.67233  0.00468311      1
  467     1050.96     1050.93   0.0312182      10.412    0.063377      0
  468     1050.58     1050.55   0.0312064     6.69015  0.00565477      1
  469     1049.27     1049.24   0.0313058      9.0978   0.0512464      0
  470     1049.02     1048.99   0.0312979     6.58575  0.00467804      1
  471     1047.64     1047.61   0.0314077     10.2728    0.063272      0
  472     1047.27     1047.24    0.031396     6.59742  0.00565109      1
  473     1045.99     1045.96   0.0314952     8.96167    0.051213      0
  474     1045.75     1045.72   0.0314874      6.4948  0.00467661      1
  475     1044.41     1044.38    0.031597     10.1082   0.0630393      0
  476     1044.05     1044.02   0.0315854     6.50464  0.00563811      1
  477     1042.81     1042.78   0.0316849     8.81388   0.0510954      0
  478     1042.58     1042.54   0.0316771     6.40457  0.00466802      1
  479     1041.27     1041.24   0.0317871     9.99883   0.0633142      0
  480     1040.92     1040.89   0.0317752     6.40886  0.00566422      1
  481     1039.71     1039.67   0.0318741     8.71764    0.051332      0
  482     1039.48     1039.45   0.0318663      6.3193   0.0046897      1
  483     1038.21     1038.18   0.0319759     9.88582   0.0634638      0
  484     1037.86     1037.83    0.031964     6.31718  0.00568014      1
  485     1036.68     1036.65   0.0320628     8.60481   0.0514763      0
  486     1036.46     1036.43    0.032055     6.23642  0.00470384      1
  487     1035.22     1035.19   0.0321641     9.71202   0.0631473      0
  488     1034.89     1034.86   0.0321524      6.2394  0.00566188      1
  489     1033.74     1033.71   0.0322505     8.47304   0.0513108      0
  490     1033.53     1033.49   0.0322429     6.16321  0.00469086      1
  491     1032.32     1032.28    0.032352     9.65829   0.0635425      0
  492     1031.99     1031.95   0.0323401     6.16085    0.005695      1
  493     1030.85     1030.82   0.0324385     8.39678   0.0516109      0
  494     1030.64     1030.61   0.0324309     6.09478  0.00471823      1
  495     1029.45     1029.42   0.0325401     9.51176   0.0632929      0
  496     1029.13      1029.1   0.0325284      6.0988  0.00568124      1
  497     1028.03        1028   0.0326271     8.29411   0.0514863      0
  498     1027.83     1027.79   0.0326195     6.03729  0.00470861      1
  499     1026.67     1026.64   0.0327285     9.45398   0.0634961      0
  500     1026.35     1026.32   0.0327164     6.03884  0.00569979      1
  501     1025.27     1025.24    0.032814     8.22583   0.0516543      0
  502     1025.07     1025.04   0.0328064     5.98434  0.00472436      1
  503     1023.93      1023.9   0.0329147     9.39578   0.0636885      0
  504     1023.62     1023.59   0.0329027     5.98601  0.00571785      1
  505     1022.55     1022.52   0.0330001     8.16992    0.051818      0
  506     1022.35     1022.32   0.0329925      5.9381  0.00473952      1
  507     1021.23     1021.19    0.033101     9.34171    0.063883      0
  508     1020.92     1020.88   0.0330889     5.93805  0.00573613      1
  509     1019.86     1019.82   0.0331865     8.11958   0.0519837      0
  510     1019.66     1019.63   0.0331789     5.89735   0.0047549      1
  511     1018.55     1018.52   0.0332875     9.28397   0.0639375      0
  512     1018.25     1018.22   0.0332753     5.89929  0.00574293      1
  513      1017.2     1017.17   0.0333728     8.07014   0.0520453      0
  514     1017.01     1016.98   0.0333652     5.86357  0.00476102      1
  515     1015.91     1015.88   0.0334733     9.23616   0.0639743      0
  516     1015.61     1015.58   0.0334611     5.86745  0.00574779      1
  517     1014.57     1014.54   0.0335579     8.02798   0.0520893      0
  518     1014.38     1014.35   0.0335504     5.83531  0.00476551      1
  519     1013.29     1013.26   0.0336581     9.21436   0.0642299      0
  520     1012.99     1012.96   0.0336459     5.83726  0.00576984      1
  521     1011.96     1011.93   0.0337428     8.00901   0.0522891      0
  522     1011.77     1011.74   0.0337352     5.81106  0.00478344      1
  523     1010.69     1010.66   0.0338428      9.1767   0.0642516      0
  524     1010.39     1010.36   0.0338306     5.81344   0.0057732      1
  525     1009.37     1009.34   0.0339275     7.97693   0.0523197      0
  526     1009.18     1009.15   0.0339199     5.79012  0.00478661      1
  527     1008.11     1008.08   0.0340279     9.17185   0.0644694      0
  528     1007.81     1007.78   0.0340155     5.79037  0.00579105      1
  529     1006.79     1006.76   0.0341127     7.95992   0.0524814      0
  530      1006.6     1006.57    0.034105     5.77144  0.00480118      1
  531     1005.53     1005.49   0.0342136     9.16222    0.064644      0
  532     1005.23      1005.2    0.034201     5.77117  0.00580573      1
  533     1004.21     1004.18   0.0342985     7.94511   0.0526144      0
  534     1004.03     1003.99   0.0342908      5.7559  0.00481323      1
  535     1002.95     1002.92   0.0343995     9.14912   0.0647513      0
  536     1002.66     1002.62   0.0343868     5.75589  0.00581511      1
  537     1001.64     1001.61   0.0344845     7.93126   0.0526994      0
  538     1001.46     1001.42   0.0344768     5.74355  0.00482104      1
  539     1000.39     1000.36   0.0345858     9.13955   0.0648398      0
  540     1000.09     1000.06    0.034573     5.74419  0.00582287      1
  541     999.079     999.044   0.0346709      7.9203   0.0527698      0
  542     998.893     998.859   0.0346631     5.73419  0.00482745      1
  543     997.825      997.79   0.0347723      9.1236   0.0648599      0
  544     997.531     997.497   0.0347595     5.73617  0.00582523      1
  545     996.524     996.489   0.0348577     7.91139   0.0527912      0
  546     996.338     996.303   0.0348499     5.72779   0.0048296      1
  547     995.285      995.25   0.0349588     9.08599   0.0646533      0
  548     994.992     994.957   0.0349462     5.73459  0.00581047      1
  549     993.988     993.953    0.035044     7.89307   0.0526574      0
  550     993.804     993.769   0.0350363     5.72523  0.00481794      1
  551      992.75     992.715   0.0351452     9.08578   0.0646597      0
  552     992.458     992.423   0.0351326     5.73195  0.00581075      1
  553     991.455      991.42   0.0352305      7.8893     0.05266      0
  554     991.271     991.235   0.0352228      5.7234  0.00481823      1
  555     990.219     990.184   0.0353319     9.07165   0.0645699      0
  556     989.927     989.892   0.0353194     5.73229  0.00580407      1
  557     988.928     988.892   0.0354174     7.88266   0.0525994      0
  558     988.744     988.709   0.0354097     5.72341  0.00481296      1
  559      987.69     987.655   0.0355193     9.08513   0.0646676      0
  560     987.398     987.362   0.0355066     5.73163  0.00581143      1
  561     986.394     986.358   0.0356051      7.8875    0.052666      0
  562      986.21     986.174   0.0355974     5.72444  0.00481888      1
  563     985.155     985.119   0.0357074     9.09372    0.064735      0
  564     984.862     984.826   0.0356947     5.73357  0.00581679      1
  565     983.856      983.82   0.0357936     7.89442   0.0527147      0
  566     983.671     983.636   0.0357858     5.72746  0.00482317      1
  567     982.614     982.578   0.0358965     9.10777   0.0648102      0
  568      982.32     982.284   0.0358836     5.73684  0.00582257      1
  569     981.311     981.275   0.0359831     7.90338    0.052767      0
  570     981.126      981.09   0.0359753     5.73198  0.00482777      1
  571     980.065     980.029   0.0360867     9.12521   0.0648941      0
  572      979.77     979.734   0.0360737     5.74169  0.00582902      1
  573     978.756      978.72   0.0361737     7.91509   0.0528255      0
  574     978.571     978.535   0.0361659      5.7382   0.0048329      1
  575     977.506      977.47    0.036278     9.13968   0.0649346      0
  576      977.21     977.174   0.0362649     5.74916  0.00583212      1
  577     976.194     976.157   0.0363655     7.92755   0.0528536      0
  578     976.007     975.971   0.0363576     5.74654  0.00483531      1
  579     974.938     974.901   0.0364705     9.16308   0.0650109      0
  580      974.64     974.604   0.0364572     5.75804  0.00583767      1
  581     973.618     973.582   0.0365585     7.94412   0.0529039      0
  582     973.431     973.395   0.0365505     5.75658  0.00483965      1
  583     972.356      972.32   0.0366642     9.18706    0.065072      0
  584     972.057     972.021   0.0366508     5.76917  0.00584201      1
  585      971.03     970.993   0.0367527     7.96283   0.0529432      0
  586     970.842     970.805   0.0367447     5.76866  0.00484301      1
  587     969.762     969.725   0.0368593     9.21581   0.0651759      0
  588     969.461     969.424   0.0368457     5.78194  0.00584988      1
  589     968.427      968.39   0.0369484     7.98889   0.0530145      0
  590     968.238     968.201   0.0369403     5.78316  0.00484906      1
  591     967.148     967.111   0.0370559     9.25262   0.0652828      0
  592     966.845     966.808   0.0370421     5.79651   0.0058574      1
  593     965.802     965.765   0.0371456     8.01526   0.0530827      0
  594     965.612     965.574   0.0371374     5.79915  0.00485486      1
  595     964.512     964.475   0.0372541     9.29665    0.065424      0
  596     964.206     964.169   0.0372401     5.81248  0.00586738      1
  597     963.151     963.114   0.0373446     8.04544   0.0531732      0
  598      962.96     962.922   0.0373363     5.81682  0.00486262      1
  599      961.85     961.812   0.0374542     9.31644   0.0654511      0
  600     961.542     961.505   0.0374401     5.83389  0.00586996      1
  601     960.485     960.448   0.0375456     8.08272   0.0531965      0
  602     960.292     960.254   0.0375371     5.83999  0.00486429      1
  603     959.178      959.14   0.0376554     9.35973   0.0655015      0
  604     958.867     958.829   0.0376412     5.85736  0.00587274      1
  605       957.8     957.762   0.0377468     8.11658   0.0532217      0
  606     957.605     957.567   0.0377384     5.86408  0.00486623      1
  607      956.48     956.442   0.0378573     9.40421   0.0655562      0
  608     956.166     956.128    0.037843     5.88336   0.0058759      1
  609     955.089     955.051   0.0379493     8.15717   0.0532503      0
  610     954.892     954.854   0.0379408     5.88994  0.00486831      1
  611     953.756     953.718   0.0380605     9.44414    0.065588      0
  612      953.44     953.402   0.0380462     5.91061  0.00587758      1
  613     952.351     952.313   0.0381533     8.19842   0.0532655      0
  614     952.152     952.114   0.0381447     5.91902  0.00486918      1
  615         951     950.962   0.0382655     9.52467   0.0658415      0
  616     950.678      950.64   0.0382507     5.93943  0.00589501      1
  617     949.572     949.533   0.0383584     8.25379   0.0534235      0
  618      949.37     949.332   0.0383497     5.95056  0.00488265      1
  619     948.204     948.166   0.0384712     9.57866   0.0659264      0
  620     947.878      947.84   0.0384564     5.97331  0.00590066      1
  621     946.761     946.722   0.0385647     8.30806   0.0534748      0
  622     946.556     946.518   0.0385559     5.98538  0.00488662      1
  623     945.375     945.337   0.0386782      9.6444   0.0660053      0
  624     945.045     945.006   0.0386633     6.01007  0.00590481      1
  625     943.911     943.873   0.0387719     8.36446   0.0535124      0
  626     943.704     943.665    0.038763     6.02265  0.00488932      1
  627     942.505     942.466   0.0388858     9.71901   0.0661749      0
  628     942.169      942.13   0.0388707     6.04874  0.00591616      1
  629     941.018     940.979   0.0389801     8.42737   0.0536152      0
  630     940.808     940.769   0.0389712     6.06314  0.00489781      1
  631     939.591     939.552   0.0390947     9.77959   0.0661425      0
  632     939.252     939.213   0.0390796     6.09414   0.0059117      1
  633     938.086     938.047   0.0391898     8.48587   0.0535748      0
  634     937.872     937.833   0.0391808     6.10638  0.00489361      1
  635     936.638     936.599   0.0393054     9.85731   0.0662117      0
  636     936.293     936.253     0.03929     6.13995  0.00591462      1
  637     935.107     935.068    0.039401      8.5546   0.0536012      0
  638      934.89     934.851   0.0393919     6.15256  0.00489512      1
  639     933.634     933.595   0.0395175     9.95022   0.0663503      0
  640     933.282     933.243   0.0395019     6.18792   0.0059222      1
  641     932.075     932.035   0.0396136     8.62511     0.05367      0
  642     931.854     931.815   0.0396044      6.2011  0.00490052      1
  643     930.575     930.535   0.0397309     10.0355   0.0664098      0
  644     930.217     930.177   0.0397152     6.24089  0.00592389      1
  645      928.99      928.95   0.0398278     8.70369   0.0536853      0
  646     928.765     928.725   0.0398185     6.25278  0.00490091      1
  647     927.463     927.423   0.0399456      10.104   0.0662937      0
  648     927.101     927.061   0.0399299     6.29905  0.00591232      1
  649     925.852     925.812   0.0400431     8.77724   0.0535804      0
  650     925.624     925.584   0.0400338     6.30832  0.00489075      1
  651     924.296     924.256   0.0401627     10.2456   0.0667289      0
  652     923.922     923.882   0.0401465     6.35379  0.00594092      1
  653     922.648     922.608   0.0402611     8.89173   0.0538396      0
  654     922.413     922.373   0.0402515      6.3653  0.00491199      1
  655     921.056     921.016    0.040382     10.3423   0.0669545      0
  656     920.675     920.635   0.0403657     6.41516  0.00595642      1
  657     919.376     919.336   0.0404817     9.00162     0.05398      0
  658     919.135     919.095   0.0404718     6.42504  0.00492271      1
  659     917.748     917.707   0.0406038      10.454   0.0671919      0
  660     917.358     917.317   0.0405872     6.47523   0.0059716      1
  661     916.027     915.987   0.0407044     9.09035   0.0541176      0
  662     915.782     915.742   0.0406944     6.48919  0.00493404      1
  663     914.364     914.323   0.0408278     10.5624    0.067282      0
  664     913.966     913.925    0.040811     6.54029   0.0059746      1
  665     912.606     912.566   0.0409294     9.18654   0.0541448      0
  666     912.356     912.315   0.0409193     6.55418  0.00493519      1
  667     910.906     910.865   0.0410542     10.6772   0.0673752      0
  668     910.499     910.458   0.0410372     6.60893  0.00597747      1
  669      909.11     909.069   0.0411569     9.29054   0.0541708      0
  670     908.854     908.813   0.0411466     6.62159  0.00493596      1
  671     907.372      907.33   0.0412832     10.7956   0.0674602      0
  672     906.955     906.914   0.0412659     6.67989  0.00597929      1
  673     905.536     905.494    0.041387     9.39762   0.0541873      0
  674     905.274     905.232   0.0413766     6.69071   0.0049358      1
  675     903.756     903.715   0.0415152     10.9301   0.0676189      0
  676     903.329     903.287   0.0414975     6.75084  0.00598541      1
  677      901.88     901.839   0.0416203     9.50988   0.0542428      0
  678     901.611      901.57   0.0416096     6.76056  0.00493903      1
  679     900.062      900.02   0.0417481     11.0111   0.0674773      0
  680     899.628     899.587    0.041731      6.8307   0.0059725      1
  681     898.151     898.109   0.0418514      9.6159   0.0541258      0
  682     897.876     897.834   0.0418409     6.83513    0.004927      1
  683     896.293     896.251   0.0419778     11.1179   0.0673742      0
  684     895.851     895.809   0.0419607     6.90883  0.00595992      1
  685     894.344     894.302    0.042082      9.7189   0.0540118      0
  686     894.063     894.021   0.0420714     6.90822  0.00491538      1
  687     892.447     892.405   0.0422095     11.2262   0.0673245      0
  688     891.995     891.953   0.0421923     6.98547  0.00595171      1
  689     890.459     890.417   0.0423146     9.82452   0.0539373      0
  690     890.171     890.129   0.0423039     6.97979  0.00490711      1
  691     888.524     888.482   0.0424429     11.3228   0.0672003      0
  692     888.064     888.022   0.0424258     7.06054  0.00593835      1
  693     886.501     886.458   0.0425486     9.92023   0.0538163      0
  694     886.208     886.165   0.0425379     7.04866  0.00489498      1
  695      884.53     884.488   0.0426776     11.4167   0.0670693      0
  696     884.062     884.019   0.0426604      7.1326  0.00592434      1
  697     882.473      882.43   0.0427843     10.0113   0.0536893      0
  698     882.173     882.131   0.0427735     7.11348  0.00488233      1
  699     880.468     880.425   0.0429142     11.4981   0.0668939      0
  700     879.993      879.95   0.0428971      7.2001  0.00590739      1
  701      878.38     878.337   0.0430218     10.0917   0.0535357      0
  702     878.076     878.033   0.0430109     7.17264  0.00486752      1
  703     876.347     876.304   0.0431526      11.562   0.0666564      0
  704     875.866     875.823   0.0431355     7.26118  0.00588632      1
  705     874.235     874.191   0.0432609     10.1573   0.0533448      0
  706     873.925     873.882   0.0432501     7.22402  0.00484974      1
  707     872.177     872.134   0.0433924      11.609   0.0663789      0
  708     871.692     871.649   0.0433754     7.31294  0.00586273      1
  709     870.047     870.003   0.0435015     10.2054   0.0531309      0
  710     869.734     869.691   0.0434906     7.26505  0.00483024      1
  711     867.973     867.929   0.0436334     11.6329   0.0660488      0
  712     867.485     867.441   0.0436166     7.35282  0.00583595      1
  713     865.833     865.789    0.043743     10.2314   0.0528883      0
  714     865.518     865.474   0.0437322     7.29327  0.00480863      1
  715     863.753     863.709   0.0438759     11.6663   0.0659542      0
  716      863.26     863.217   0.0438589     7.37886  0.00582659      1
  717     861.609     861.565    0.043986     10.2688   0.0528034      0
  718      861.29     861.246   0.0439751      7.3056  0.00480003      1
  719     859.522     859.478   0.0441191      11.639   0.0657586      0
  720     859.033     858.989   0.0441023     7.39083  0.00581358      1
  721     857.388     857.344   0.0442297     10.2743   0.0526856      0
  722     857.067     857.023   0.0442187     7.29893  0.00478907      1
  723     855.305     855.261    0.044363     11.5784   0.0655769      0
  724      854.82     854.775   0.0443464     7.37115  0.00580338      1
  725     853.183     853.139   0.0444739     10.2016   0.0525931      0
  726     852.868     852.824   0.0444631     7.27787   0.0047829      1
  727     851.131     851.086   0.0446063      11.469   0.0650433      0
  728     850.654     850.609   0.0445902     7.33982  0.00576636      1
  729     849.042     848.997   0.0447167     10.1043   0.0522577      0
  730     848.733     848.688   0.0447063     7.23413  0.00475506      1
  731     847.025      846.98   0.0448488     11.3678   0.0647659      0
  732     846.555     846.511   0.0448329     7.28386  0.00574798      1
  733     844.975      844.93   0.0449589     9.99906   0.0520911      0
  734     844.672     844.627   0.0449486     7.16864  0.00474179      1
  735     843.006     842.961     0.04509     11.2104   0.0643644      0
  736     842.549     842.504   0.0450745     7.20805  0.00572264      1
  737      841.01     840.965   0.0451996     9.85534   0.0518614      0
  738     840.715      840.67   0.0451895     7.08439  0.00472361      1
  739     839.097     839.051   0.0453293     11.0126   0.0638765      0
  740     838.657     838.611   0.0453143     7.11475   0.0056914      1
  741     837.164     837.119    0.045438     9.67926   0.0515783      0
  742     836.879     836.834   0.0454282     6.98407  0.00470117      1
  743     835.316      835.27    0.045566     10.8255   0.0636031      0
  744     834.889     834.844   0.0455512     7.00365  0.00567588      1
  745     833.449     833.403   0.0456728     9.50056   0.0514377      0
  746     833.174     833.128   0.0456633     6.87044    0.004691      1
  747     831.668     831.622   0.0457987     10.6099   0.0632876      0
  748     831.259     831.213   0.0457844     6.88229  0.00565806      1
  749     829.874     829.828   0.0459042     9.30509   0.0512761      0
  750     829.611     829.565    0.045895     6.74915  0.00467927      1
  751     828.167     828.121    0.046028      10.386   0.0629891      0
  752     827.775     827.729   0.0460141     6.75589  0.00564169      1
  753     826.445     826.398   0.0461317     9.10488   0.0511278      0
  754     826.192     826.146   0.0461229     6.62537  0.00466867      1
  755     824.805     824.759   0.0462537     10.1805     0.06284      0
  756     824.429     824.382   0.0462401     6.62791   0.0056362      1
  757     823.148     823.102    0.046356     8.91827    0.051078      0
  758     822.906      822.86   0.0463474     6.50314  0.00466643      1
  759     821.571     821.525   0.0464765     9.98869   0.0627803      0
  760     821.209     821.162   0.0464631     6.50319  0.00563735      1
  761     819.974     819.927   0.0465774     8.74393   0.0510885      0
  762     819.741     819.695    0.046569     6.38702  0.00466936      1
  763     818.455     818.408    0.046696     9.80787   0.0627354      0
  764     818.106     818.059   0.0466828     6.38695  0.00563945      1
  765     816.913     816.866    0.046795     8.58279   0.0511075      0
  766     816.689     816.642   0.0467868     6.27994   0.0046729      1
  767     815.446     815.399   0.0469113     9.65034   0.0627597      0
  768     815.108     815.061   0.0468984     6.28072  0.00564641      1
  769     813.952     813.905   0.0470085     8.44225   0.0511706      0
  770     813.736     813.689   0.0470005     6.18341  0.00468011      1
  771     812.528     812.481    0.047123     9.51605   0.0628698      0
  772       812.2     812.153   0.0471102     6.18563  0.00565979      1
  773     811.074     811.027   0.0472189     8.32503   0.0512918      0
  774     810.864     810.817    0.047211     6.09838  0.00469214      1
  775     809.689     809.641    0.047332     9.40271   0.0630022      0
  776     809.368      809.32   0.0473193     6.10082  0.00567437      1
  777     808.269     808.221   0.0474268     8.22206    0.051424      0
  778     808.064     808.016    0.047419     6.02342  0.00470505      1
  779     806.917     806.869   0.0475381     9.27275   0.0628988      0
  780     806.605     806.558   0.0475257     6.02919   0.0056703      1
  781     805.532     805.484   0.0476317     8.11595   0.0513871      0
  782     805.333     805.285   0.0476241     5.95862  0.00470308      1
  783      804.21     804.162   0.0477426     9.23416   0.0633577      0
  784       803.9     803.852   0.0477299     5.96228  0.00570927      1
  785     802.842     802.794   0.0478353     8.04882   0.0517402      0
  786     802.647     802.599   0.0478276     5.90909   0.0047355      1
  787     801.546     801.498   0.0479442     9.12874   0.0630947      0
  788     801.245     801.197   0.0479318     5.91757  0.00569025      1
  789     800.205     800.157   0.0480356     7.95569   0.0515678      0
  790     800.015     799.967   0.0480282     5.86953  0.00472131      1
  791     798.936     798.887   0.0481426     9.01969   0.0626406      0
  792     798.641     798.593   0.0481307     5.87436  0.00565488      1
  793     797.615     797.567   0.0482329     7.82388   0.0512473      0
  794     797.434     797.386    0.048226     5.83282  0.00469497      1
  795     796.374     796.326   0.0483385     8.92046   0.0622444      0
  796     796.086     796.038   0.0483271     5.83519  0.00562413      1
  797     795.076     795.027   0.0484278     7.71233   0.0509687      0
  798     794.902     794.853   0.0484213     5.80285  0.00467182      1
  799     793.864     793.816   0.0485315     8.79785    0.061488      0
  800     793.585     793.537   0.0485208      5.8064   0.0055633      1
  801     792.583     792.535   0.0486196     7.59261   0.0504174      0
  802     792.409      792.36    0.048606     4.94588   0.0105804      1
  803     788.898     788.848   0.0490793      17.353    0.239712      2
  804     788.328     788.279   0.0490093     11.6269  0.00318963      3
  805     786.874     786.825   0.0490411     5.25607   0.0207183      0
  806     786.479      786.43   0.0490865     6.56561   0.0283305      1
  807     786.295     786.246   0.0490868     5.08108  0.00599025      2
  808     783.869      783.82   0.0494329     14.7474     0.19242      0
  809     783.176     783.126   0.0493689     8.70152  0.00495988      1
  810     782.137     782.088    0.049421     5.66094   0.0256589      0
  811     781.893     781.843   0.0494326     4.95859   0.0128337      1
  812     780.956     780.906   0.0495655     9.90169   0.0779319      2
  813     780.653     780.603    0.049535     5.23092  0.00693754      3
  814     779.203     779.153    0.049723     11.0258    0.106908      0
  815     778.848     778.798    0.049701     7.69927  0.00391469      1
  816     777.949       777.9   0.0497575      5.8948   0.0285267      0
  817     777.729      777.68   0.0497661      5.1354   0.0142594      1
  818     777.316     777.266    0.049816     6.65537    0.029706      2
  819     777.132     777.082   0.0498143      4.9558  0.00627556      3
  820     774.407     774.357   0.0502176     15.5943    0.226982      0
  821      773.64      773.59   0.0501444     9.34906  0.00478725      1
  822     772.498     772.448   0.0501936      5.3848   0.0243703      0
  823     772.221     772.171   0.0502136      5.4047    0.018674      1
  824     771.937     771.887   0.0502395     5.45066   0.0192396      2
  825     771.664     771.614   0.0502581     5.33432   0.0181121      3
  826     771.365     771.315   0.0502872     5.59189   0.0207492      4
  827     771.116     771.066   0.0503009     5.10746   0.0156142      5
  828     770.717     770.667    0.050348     6.47877   0.0302153      6
  829     770.534     770.483   0.0503477     4.89007  0.00638581      7
  830     767.653     767.602   0.0507738     15.9937     0.24198      0
  831     766.843     766.792   0.0506929      9.4097  0.00485895      1
  832     765.688     765.637   0.0507419     5.29787   0.0242521      0
  833     765.404     765.353    0.050764     5.47747   0.0199337      1
  834     765.143     765.092   0.0507852     5.19579   0.0169051      2
  835     764.817     764.766   0.0508141     5.78483   0.0235265      3
  836     764.591      764.54   0.0508258     4.73106   0.0117661      4
  837     762.676     762.624    0.051118       13.56    0.174902      5
  838     762.077     762.026   0.0510628     7.89531  0.00513829      6
  839     761.161      761.11   0.0511168     5.62529   0.0276905      0
  840     760.937     760.886   0.0511268     4.90771   0.0138457      1
  841     760.425     760.374   0.0511948     7.30556   0.0415387      2
  842      760.22     760.169   0.0511845     4.64412  0.00873509      3
  843     719.306     719.249   0.0572038     34.7325     3.09226      0
  844     713.956       713.9   0.0563883     21.2593  0.00700845      1
  845     708.516      708.46   0.0564228     5.46455    0.021328      0
  846     707.084     707.027   0.0565208      10.097   0.0961973      1
  847     706.651     706.594   0.0565072     5.23081  0.00846873      2
  848     705.512     705.455   0.0566104     9.10368   0.0767479      0
  849     705.267      705.21   0.0565911     5.01503  0.00688156      1
  850     703.862     703.805   0.0567386     10.8827    0.113912      0
  851     703.517      703.46   0.0567204      7.4742  0.00412642      1
  852     702.674     702.617   0.0567653     5.51292   0.0284345      0
  853     702.467      702.41    0.056773     4.82234   0.0142162      1
  854     702.056     701.999   0.0568187     6.57531   0.0340152      2
  855     701.873     701.816   0.0568154     4.60408   0.0071778      3
  856      697.63     697.573   0.0574133     19.2158    0.406555      0
  857      696.51     696.453   0.0572436     7.98231  0.00715984      1
  858     695.606     695.548   0.0572909     5.09597   0.0259544      0
  859      695.39     695.332   0.0573029     4.54116   0.0129834      1
  860     694.215     694.158   0.0574849     11.0745    0.116576      2
  861     693.877     693.819   0.0574537     6.83574  0.00433902      3
  862     693.143     693.086   0.0575015     5.71993   0.0309392      0
  863     692.972     692.914   0.0575127     5.02176   0.0154577      1
  864     692.699     692.642   0.0575363     5.33189   0.0180167      2
  865     692.532     692.474   0.0575449     4.42929  0.00901274      3
  866     651.883      651.82   0.0635042     25.8683     3.19054      4
  867     648.715     648.652    0.062889     14.1932  0.00892703      5
  868      646.36     646.297   0.0629077     4.38075   0.0212909      0
  869     645.753      645.69   0.0629208     7.33574   0.0695361      1
  870     645.541     645.478   0.0629256     4.62064  0.00631956      2
  871     644.946     644.883   0.0629725     5.37618   0.0452711      0
  872     644.862     644.799   0.0629694     4.27678  0.00416745      1
  873     644.268     644.205   0.0630193     6.45083   0.0636773      0
  874     644.116     644.053    0.063014     4.19609  0.00580897      1
  875     643.618     643.555   0.0630622     5.45969   0.0526438      0
  876      643.49     643.427   0.0630579     3.55932   0.0110828      1
  877     642.396     642.333   0.0632052     10.7755    0.169472      2
  878     642.112     642.049   0.0631664      4.7566  0.00603585      3
  879     641.686     641.622   0.0632119     4.76288   0.0373002      0
  880     641.579     641.515    0.063213     3.43081  0.00787622      1
  881     640.212     640.149   0.0636279     11.9762    0.322939      0
  882     639.506     639.443   0.0634461     3.89962   0.0110753      1
  883     638.251     638.188   0.0635664     8.38734    0.173052      2
  884      637.88     637.817   0.0635587     4.93108  0.00630903      3
  885     637.396     637.332   0.0636281     4.89667   0.0377906      0
  886     637.281     637.217   0.0636279      3.4642  0.00797891      1
  887     635.901     635.838   0.0639123     6.39217    0.164536      0
  888     635.696     635.632    0.063881     4.15808  0.00646401      1
  889       635.3     635.236   0.0639316     4.97263   0.0455327      0
  890       635.2     635.136   0.0639292     3.22494  0.00959703      1
  891     611.593     611.525   0.0683842     14.6118     3.39739      2
  892     609.667       609.6   0.0679148     7.68799   0.0151975      3
  893     607.067     606.999   0.0678704     3.60314   0.0450638      0
  894     606.536     606.468   0.0679589     3.51938   0.0482107      1
  895     606.241     606.173   0.0680083     5.00889    0.057177      2
  896     606.136     606.068   0.0680055     3.16437   0.0120457      3
  897      605.71     605.642   0.0681133     6.67092   0.0794006      4
  898     605.596     605.528    0.068083      3.2403  0.00718319      5
  899     604.946     604.878   0.0682406     7.31506    0.125823      0
  900     604.788     604.719   0.0682167     4.61039   0.0048048      1
  901     604.465     604.397   0.0682558      3.6295     0.03003      0
  902     604.385     604.317   0.0682617      3.1774   0.0150129      1
  903     604.255     604.187   0.0682866      3.5505   0.0225211      2
  904     604.178     604.109   0.0682912     2.91355    0.011262      3
  905     602.739     602.671   0.0687144     12.0446    0.352654      4
  906     602.361     602.292   0.0686173     6.10671  0.00501687      5
  907      601.93     601.861   0.0686389     3.13708   0.0226946      0
  908     601.819      601.75   0.0686596     3.49231   0.0234826      1
  909     601.738     601.669   0.0686645     2.86437   0.0117426      2
  910     601.026     600.957   0.0688619     8.70519    0.185616      3
  911     600.829      600.76    0.068804     3.56239   0.0068938      4
  912     600.536     600.467   0.0688544     4.35711   0.0469981      0
  913     600.463     600.394   0.0688509     2.80752  0.00991048      1
  914     589.835     589.762   0.0730743     31.2294     3.50835      2
  915     586.113     586.041   0.0720403     17.4393  0.00669147      3
  916     581.457     581.385    0.072081     3.38239   0.0212464      0
  917     580.967     580.894   0.0721034     5.73718   0.0770181      1
  918     580.828     580.756   0.0721075     3.43069  0.00703642      2
  919     580.479     580.406   0.0721625     4.82388   0.0555003      0
  920     580.402      580.33    0.072157     3.31595  0.00509716      1
  921     580.052      579.98   0.0722132     4.82891    0.061183      0
  922     579.975     579.903    0.072209     3.28046   0.0056145      1
  923     579.653      579.58   0.0722744     4.90015   0.0605323      0
  924     579.572       579.5   0.0722667     3.20101  0.00555413      1
  925     579.151     579.079   0.0723356     4.98263    0.066685      0
  926     579.073     579.001   0.0723271     3.18422  0.00610614      1
  927     578.769     578.697   0.0723834      4.2416   0.0553369      0
  928     578.705     578.632   0.0723769     2.76513   0.0116691      1
  929     578.148     578.076   0.0725307     7.50794     0.13938      2
  930     577.989     577.917   0.0724961     4.00086  0.00533993      3
  931     577.715     577.642   0.0725319     3.62151   0.0334474      0
  932     577.656     577.583   0.0725339     2.78245  0.00706773      1
  933     576.375     576.303   0.0729163      11.535    0.342857      0
  934     576.046     575.973   0.0728257     5.70649  0.00495234      1
  935     575.661     575.588   0.0728496     2.96956   0.0227993      0
  936     575.556     575.483   0.0728728      3.3956   0.0250303      1
  937     575.481     575.408   0.0728777     2.76649   0.0125156      2
  938     575.145     575.072   0.0729796     6.01003   0.0916461      3
  939      575.05     574.977   0.0729493     2.76173  0.00831331      4
  940     573.683     573.609    0.073413      12.014    0.402052      0
  941     573.299     573.226   0.0732496     3.73437  0.00795197      1
  942      573.05     572.977   0.0732936      3.6663   0.0365945      0
  943     572.985     572.912   0.0732937     2.72167  0.00773148      1
  944     570.514      570.44   0.0741755     15.8702    0.755733      0
  945     569.809     569.735   0.0739989     9.88743  0.00458698      1
  946     568.746     568.672   0.0740291      2.7271   0.0209041      0
  947     568.476     568.402   0.0741117     5.22725   0.0752246      1
  948     568.383     568.309   0.0740971     2.99605  0.00687164      2
  949      568.05     567.976   0.0741934     5.26895   0.0776598      0
  950      567.96     567.886   0.0741746      2.8628  0.00709534      1
  951     567.498     567.424   0.0743085     6.11781    0.113312      0
  952      567.39     567.316    0.074291     4.05427   0.0044189      1
  953     567.138     567.064   0.0743302     3.31452   0.0307176      0
  954     567.073     566.999   0.0743359     2.91758   0.0153565      1
  955     566.974     566.899   0.0743601     3.29035   0.0221054      2
  956      566.91     566.836    0.074364     2.66862   0.0110533      3
  957     566.254      566.18   0.0745971     8.42299    0.196203      4
  958     566.085      566.01   0.0745224     3.13843  0.00730219      5
  959     565.803     565.728   0.0745899     4.45654   0.0576559      0
  960     565.736     565.661   0.0745847     3.09585  0.00529726      1
  961     565.453     565.378   0.0746606     4.62232   0.0607676      0
  962      565.38     565.306   0.0746518     3.03473  0.00558019      1
  963     565.071     564.996   0.0747317     4.80628   0.0676519      0
  964     564.992     564.917    0.074722     2.99818  0.00619813      1
  965     564.679     564.604   0.0748116     5.01426   0.0716725      0
  966     564.595      564.52   0.0747966     2.90355  0.00656183      1
  967     564.229     564.154   0.0749008     5.35272   0.0873306      0
  968      564.14     564.065   0.0748801     2.76179  0.00794859      1
  969     563.586     563.511   0.0750708     7.24014    0.152847      0
  970     563.438     563.363   0.0750274     3.60731  0.00586468      1
  971     563.202     563.127   0.0750703     3.56878   0.0363956      0
  972     563.144     563.069   0.0750718     2.64304  0.00768885      1
  973      561.52     561.444    0.075619     11.4826    0.435502      0
  974     561.246     561.171   0.0754771     4.69684  0.00628232      1
  975     560.963     560.888   0.0755041     2.76554   0.0227734      0
  976     560.852     560.776   0.0755379     3.52027   0.0330231      1
  977     560.793     560.717   0.0755388     2.67099  0.00697938      2
  978      559.89     559.814   0.0758899     9.49323    0.279299      0
  979     559.663     559.587   0.0757718     3.25271  0.00816055      1
  980     559.434     559.358   0.0758295     3.86028   0.0444354      0
  981     559.372     559.296   0.0758244     2.56161  0.00937877      1
  982     536.655     536.571   0.0836519     8.56673     5.72879      0
  983     534.318     534.235   0.0832956     5.09843   0.0233589      1
  984     533.147     533.063   0.0832631     3.25296   0.0768099      0
  985      532.79     532.707   0.0833016     3.84314   0.0383984      1
  986     532.634      532.55   0.0832947     3.33699  0.00804508      2
  987     532.466     532.382   0.0832971     2.96321   0.0120695      0
  988     532.362     532.279   0.0833061      2.9033   0.0181055      0
  989     531.786     531.702   0.0833911     4.08568    0.113159      0
  990     531.591     531.508    0.083379     3.23678   0.0103454      1
  991     531.429     531.345   0.0833811     2.75053    0.010437      0
  992     531.375     531.292   0.0833866     2.65089    0.010437      0
  993      530.01     529.926   0.0836884     5.89505    0.407696      0
  994     529.467     529.384   0.0836617      3.9429   0.0070026      1
  995     529.151     529.068   0.0836621     2.87572   0.0115981      0
  996     529.062     528.979   0.0836649     2.48277  0.00579577      0
  997     529.035     528.952   0.0836688     2.32589  0.00554303      0
  998     528.971     528.887   0.0836889     2.30257   0.0229516      0
  999     528.829     528.745   0.0837775     3.76555   0.0831996      0
 1000     528.634      528.55   0.0837639     2.80339  0.00759328      1
 1001     528.531     528.447   0.0837682     2.30595  0.00759328      0
 1002     528.492     528.409   0.0837821     2.27919   0.0151725      0
 1003     528.292     528.208   0.0839311     4.27106    0.137501      0
 1004     527.944      527.86   0.0838946      2.3741   0.0125709      1
 1005     527.921     527.837   0.0838999     2.26332  0.00628324      0
 1006     522.863     522.777   0.0854696     7.18381     1.53399      0
 1007     522.067     521.982   0.0853544     4.06749   0.0112747      1
 1008     521.822     521.737   0.0853547     3.20017  0.00237452      0
 xmin=a+b/100  
 1009     521.655      521.57   0.0853558     2.29405  0.00237452      0
 1010     521.653     521.567   0.0853569     2.26524  0.00118731      0
 1011     521.164     521.079   0.0855241     2.61205    0.168125      0
 1012     520.954     520.868   0.0855273     2.40797  0.00289165      1
 1013     520.939     520.853   0.0855283     2.30592   0.0014459      2
 1014     520.926      520.84   0.0855332     2.24939  0.00445881      0
 1015     520.302     520.216   0.0860532     8.32272    0.435431      0
 1016      519.83     519.744   0.0859398     3.93345  0.00685125      1
 1017     519.375     519.289    0.085962     3.81368   0.0428203      0
 1018     519.317     519.231   0.0859652     2.45764  0.00902992      1
 1019     519.297     519.211   0.0859685     2.28215  0.00451016      0
 1020     519.084     518.998   0.0860682     3.56052    0.102183      0
 1021     518.914     518.828   0.0860636     2.74869  0.00403278      1
 1022     518.844     518.758   0.0860664     2.30411  0.00403278      0
 1023     518.524     518.438   0.0862488     5.89958     0.17067      0
 1024     518.381     518.295   0.0862313     4.58561  0.00282617      1
 1025      518.29     518.203   0.0862346      3.7914  0.00424042      0
 1026     518.084     517.998   0.0862647     2.60882   0.0285698      0
 1027     518.063     517.977   0.0862657     2.37228  0.00261479      1
 1028     518.039     517.952   0.0862743     2.23043  0.00918117      0
 1029     517.994     517.908   0.0862836     2.34521  0.00849274      0
 1030     517.977     517.891   0.0862847     2.24594  0.00178843      1
 1031     517.966     517.879    0.086288     2.18506   0.0035815      0
 1032     516.254     516.166   0.0875962     14.3822     1.26787      0
 1033      514.75     514.663   0.0872747     6.71225  0.00715152      1
 xmin=a+b/100  
 xmin=a+b/100  
 1034     514.296     514.209   0.0872772     4.88074  0.00537282      0
 1035      514.23     514.142   0.0872797     4.32777  0.00268426      0
 1036     514.157     514.069    0.087287      3.3773  0.00671066      0
 1037     514.002     513.915   0.0873025      2.7422   0.0123146      0
 1038      513.96     513.873   0.0873047     2.50078  0.00258971      0
 1039     513.945     513.858   0.0873078     2.38233  0.00307711      0
 1040     513.706     513.618   0.0873847     2.79154   0.0697157      0
 1041     513.666     513.579    0.087385     2.63477  0.00278701      1
 1042     513.657     513.569    0.087387     2.50374  0.00228863      0
 1043     513.468      513.38   0.0874459      3.5115   0.0623907      0
 1044     513.431     513.344   0.0874438     2.97677  0.00245758      1
 1045     513.402     513.315   0.0874499     2.57812  0.00614394      0
 1046     513.351     513.264   0.0874572     2.44487  0.00668243      0
 1047      513.34     513.253   0.0874601      2.2895  0.00333639      1
 1048     513.291     513.204   0.0874795     2.45667   0.0186233      0
 1049      513.25     513.163   0.0874802     2.22147  0.00169903      1
 1050     513.241     513.153   0.0874817     2.15296  0.00170189      0
 1051     513.199     513.111   0.0875018     2.17111   0.0207083      0
 1052     513.153     513.065    0.087504     2.16589  0.00190973      0
 1053     513.146     513.058   0.0875066     2.13896  0.00286468      0
 1054     512.141     512.053   0.0882189     7.77405    0.699385      0
 1055     511.433     511.345   0.0881501     5.37488  0.00512719      1
 1056     510.605     510.517   0.0881477     2.14991  0.00769993      0
 1057     510.561     510.473   0.0881495     2.15718  0.00162851      1
 1058     510.556     510.467   0.0881518     2.12913  0.00244283      0
 1059     505.114     505.023   0.0903586     10.3907     2.16193      0
 1060     503.003     502.912   0.0902028     3.15315  0.00615037      1
 1061     502.931     502.841   0.0902034     3.29582  0.000564769      2
 1062     502.929     502.839   0.0902035     3.23977  0.000118949      3
 1063     502.929     502.839   0.0902035     3.22335  5.94795e-05      0
 1064     502.929     502.839   0.0902035     3.21645  2.97409e-05      0
 1065     502.929     502.839   0.0902036      3.2132  1.48709e-05      0
 1066     502.929     502.839   0.0902036      3.2102  1.42754e-05      0
 1067     502.929     502.839   0.0902036     3.20878  7.1377e-06      0
 1068     502.929     502.839   0.0902036     3.20806  3.56885e-06      0
 1069     502.929     502.839   0.0902036     3.20771  1.78443e-06      0
 1070     502.929     502.839   0.0902036     3.20754  8.92215e-07      0
 1071     502.929     502.839   0.0902036     3.20737  8.2738e-07      0
 1072     502.929     502.839   0.0902036      3.2073  4.1369e-07      0
 1073     502.929     502.839   0.0902036     3.20725  2.06845e-07      0
 1074     502.929     502.839   0.0902036     3.20722  1.78156e-07      0
 1075     502.929     502.839   0.0902036      3.2072  8.9078e-08      0
 1076     502.929     502.839   0.0902036     3.20719  4.4539e-08      0
 1077     502.929     502.839   0.0902036     3.20719  3.85205e-08      0
 1078     502.929     502.839   0.0902036     3.20718  1.92602e-08      0
 1079     502.929     502.839   0.0902036     3.20718  9.63012e-09      0
 1080     502.929     502.839   0.0902036     3.20718  8.42084e-09      0
 1081     502.929     502.839   0.0902036     3.20718  4.21042e-09      0
 1082     502.929     502.839   0.0902036     3.20718  2.10521e-09      0
 1083     502.929     502.839   0.0902036     3.20718  4.44883e-10      0
 1084     502.929     502.839   0.0902036     3.20718  4.44883e-10      0
 1085     502.929     502.839   0.0902036     3.20718  4.44883e-10      0
 1086     502.929     502.839   0.0902036     3.20718  2.22442e-10      0
 1087     502.929     502.839   0.0902036     3.20718  2.22442e-10      0
 1088     502.929     502.839   0.0902036     3.20718  2.22442e-10      0
 Line search has stagnated, try resetting step size to 1.
 Line search has stagnated, and resetting step size to 1 did not help, now breaking out.
Saving adjoint restart file: IR-UaOpt-ConjGrad-UaOptimization-Nod6-I-Adjoint-Cga1k000000-Cgs1k000000-Aga1k000000-Ags1k000000-0-0-logAGlenlogC 
  saving C and m  in file C-Estimate.mat 
  saving AGlen and m in file AGlen-Estimate.mat 
  Calling UaOutputs. UaOutputsInfostring=End of Inverse Run , UaOutputsCounter=2 
  Allt gott þá endirinn er allra bestur! 
 Run finishes at 04-Mar-2017 17:59:42 
 >> 