
                            < M A T L A B (R) >
                  Copyright 1984-2016 The MathWorks, Inc.
                   R2016b (9.1.0.441655) 64-bit (glnxa64)
                             September 7, 2016

 
To get started, type one of these: helpwin, helpdesk, or demo.
For product information, visit www.mathworks.com.
 

	Non-Degree Granting Education License -- for use at non-degree granting, nonprofit,
	educational organizations only.  Not for government, commercial, or other organizational use.

>> >> >> >> >> >> >> >> >>  On input UserVar=10000000.000000 

 
 **************************     Úa version: 13 Jan 2017  ********************** 
    Run starts at 04-Feb-2017 10:52:52  
    Experiment: UaOpt-ConjGrad  
    Inverse-modelling restart run.  
 	CtrlVar.Inverse.InvertFor='logAGlenlogC'
	CtrlVar.Inverse.Regularize.Field='logAGlenlogC'
	CtrlVar.Inverse.DataMisfit.GradientCalculation='Adjoint'
   Running on: bslicea.nerc-bas.ac.uk
 ***************************************************************************** 
 
 Inverse run: loading restart file: IR-UaOpt-ConjGrad-UaOptimization-Nod3-I-Adjoint-Cga10000000k000000-Cgs10000000k000000-Aga10000000k000000-Ags10000000k000000-0-0-logAGlenlogC 	  done 
  Setting h(h<50)=50 
  Calling UaOutputs. UaOutputsInfostring=Start of Inverse Run , UaOutputsCounter=1 
 
 ===========   Inverting for model parameters. ================  

 +++++++++++ At start of inversion:  	 J=4133.11 	 I=4133.11 	 R=4.32796e-05  |grad|=0.354939 	 	 gamma=4.36202e-11 
 

   It         J           I          R         |grad|      gamma   #ccUpdate
  238     4133.11     4133.11  4.32796e-05    0.354939  4.36202e-11      0
  239     4133.11     4133.11  4.32794e-05    0.218422  1.8713e-11      0
  240     4133.11     4133.11  4.32791e-05    0.207406  1.8713e-11      1
  241     4133.11     4133.11  4.32789e-05    0.196043  1.8713e-11      2
 Line search has stagnated, try resetting step size to 1.
  243     4133.11     4133.11  4.32763e-05    0.625009  2.11941e-10      3
  244     4133.11     4133.11  4.32769e-05    0.306559  4.89909e-12      4
  245     4133.11     4133.11  4.32768e-05     0.27599  2.32707e-12      0
 parabolic fit not successful, try to improve  Cubic Fit returns status 1 with gamma=3.87844e-13 
  parabolic fit not successful, try to improve  parabolamin returns status 1 with gamma3.87844e-13 
   246     4133.11     4133.11  4.32768e-05    0.271906  3.87844e-13      0
  247     4133.11     4133.11  4.32768e-05    0.269941  1.93922e-13      0
 parabolic fit not successful, try to improve  Cubic Fit returns status 1 with gamma=3.23204e-14 
  parabolic fit not successful, try to improve  parabolamin returns status 1 with gamma3.23204e-14 
  Line search has stagnated, try resetting step size to 1.
  249     4133.11     4133.11  4.32765e-05    0.338091  3.50541e-11      0
  250     4133.11     4133.11  4.32765e-05    0.186784  5.34738e-12      1
 Line search has stagnated, try resetting step size to 1.
  252     4133.11     4133.11  4.32706e-05     1.45795  5.02921e-10      0
  253     4133.11     4133.11  4.32729e-05    0.584002  3.12497e-12      1
  254     4133.11     4133.11  4.32728e-05     0.28116  1.9531e-11      0
 Line search has stagnated, try resetting step size to 1.
 Line search has stagnated, and resetting step size to 1 did not help, now breaking out.
Saving adjoint restart file: IR-UaOpt-ConjGrad-UaOptimization-Nod3-I-Adjoint-Cga10000000k000000-Cgs10000000k000000-Aga10000000k000000-Ags10000000k000000-0-0-logAGlenlogC 
  saving C and m  in file C-Estimate.mat 
  saving AGlen and m in file AGlen-Estimate.mat 
  Calling UaOutputs. UaOutputsInfostring=End of Inverse Run , UaOutputsCounter=2 
  Allt gott þá endirinn er allra bestur! 
 Run finishes at 04-Feb-2017 11:01:39 
 >> 